1.0
0.01
0.01
0.01
0.01
0.01
0.01
0.01
0.01
0.01
-0.0
-0.0
-0.0
-0.0
-0.0
-0.0
-0.0
-0.0
-0.0
-0.0
0.01
1.0
0.01
0.01
0.01
0.01
0.01
0.01
0.01
0.01
-0.0
-0.0
-0.0
-0.0
-0.0
-0.0
-0.0
-0.0
-0.0
-0.0
0.01
0.01
1.0
0.01
0.01
0.01
0.01
0.01
0.01
0.01
-0.0
-0.0
-0.0
-0.0
-0.0
-0.0
-0.0
-0.0
-0.0
-0.0
0.01
0.01
0.01
1.0
0.01
0.01
0.01
0.01
0.01
0.01
-0.0
-0.01
-0.0
-0.0
-0.0
-0.03
-0.0
-0.0
-0.0
-0.02
0.01
0.01
0.01
0.01
1.0
0.01
0.01
0.01
0.01
0.01
-0.0
-0.0
-0.0
-0.01
-0.0
-0.0
-0.0
-0.05
-0.0
-0.18
0.01
0.01
0.01
0.01
0.01
1.0
0.01
0.01
0.01
0.01
-0.01
-0.02
-0.01
-0.05
-0.01
-0.17
-0.0
-0.02
-0.0
-0.03
0.01
0.01
0.01
0.01
0.01
0.01
1.0
0.01
0.01
0.01
-0.0
-0.0
-0.01
-0.07
-0.0
-0.0
-0.02
-0.13
-0.01
-0.47
0.01
0.01
0.01
0.01
0.01
0.01
0.01
1.0
0.01
0.01
-0.0
-0.0
-0.0
-0.0
-0.0
-0.0
-0.0
-0.0
-0.0
-0.03
0.01
0.01
0.01
0.01
0.01
0.01
0.01
0.01
1.0
0.01
-0.0
-0.0
-0.0
-0.0
-0.0
-0.0
-0.0
-0.0
-0.0
-0.0
0.01
0.01
0.01
0.01
0.01
0.01
0.01
0.01
0.01
1.0
-0.0
-0.0
-0.0
-0.0
-0.0
-0.0
-0.0
-0.0
-0.0
-0.02
-0.0
-0.0
-0.0
-0.0
-0.0
-0.01
-0.0
-0.0
-0.0
-0.0
1.0
0.01
0.01
0.01
0.01
0.01
0.01
0.01
0.01
0.01
-0.0
-0.0
-0.0
-0.01
-0.0
-0.02
-0.0
-0.0
-0.0
-0.0
0.01
1.0
0.01
0.01
0.01
0.01
0.01
0.01
0.01
0.01
-0.0
-0.0
-0.0
-0.0
-0.0
-0.01
-0.01
-0.0
-0.0
-0.0
0.01
0.01
1.0
0.01
0.01
0.01
0.01
0.01
0.01
0.01
-0.0
-0.0
-0.0
-0.0
-0.01
-0.05
-0.07
-0.0
-0.0
-0.0
0.01
0.01
0.01
1.0
0.01
0.01
0.01
0.01
0.01
0.01
-0.0
-0.0
-0.0
-0.0
-0.0
-0.01
-0.0
-0.0
-0.0
-0.0
0.01
0.01
0.01
0.01
1.0
0.01
0.01
0.01
0.01
0.01
-0.0
-0.0
-0.0
-0.03
-0.0
-0.17
-0.0
-0.0
-0.0
-0.0
0.01
0.01
0.01
0.01
0.01
1.0
0.01
0.01
0.01
0.01
-0.0
-0.0
-0.0
-0.0
-0.0
-0.0
-0.02
-0.0
-0.0
-0.0
0.01
0.01
0.01
0.01
0.01
0.01
1.0
0.01
0.01
0.01
-0.0
-0.0
-0.0
-0.0
-0.05
-0.02
-0.13
-0.0
-0.0
-0.0
0.01
0.01
0.01
0.01
0.01
0.01
0.01
1.0
0.01
0.01
-0.0
-0.0
-0.0
-0.0
-0.0
-0.0
-0.01
-0.0
-0.0
-0.0
0.01
0.01
0.01
0.01
0.01
0.01
0.01
0.01
1.0
0.01
-0.0
-0.0
-0.0
-0.02
-0.18
-0.03
-0.47
-0.03
-0.0
-0.02
0.01
0.01
0.01
0.01
0.01
0.01
0.01
0.01
0.01
1.0
