1.0
0.002
0.002
0.002
0.002
0.002
0.002
0.002
0.002
0.002
0.002
0.002
0.002
0.002
0.002
0.002
0.002
0.002
0.002
0.002
-0.13566441195723325
-0.15399301767401266
-0.09540693868644992
-0.12813659175212744
-0.0
-0.06398647174339953
-0.0
-0.028638446432467816
-0.02978398428976653
-0.010146192450360025
-0.022092515819332314
-0.018164957451451014
-0.0
-0.0004909447959851625
-0.006709578878463888
-0.009000654593061314
-0.009982544185031639
-0.006054985817150338
-0.003109317041239363
-0.0057276892864935635
-0.0054003927558367885
-0.005236744490508401
-0.003436613571896138
-0.0029456687759109755
-0.0
-0.0013091861226271003
-0.0
-0.0
-0.000981889591970325
-0.00032729653065677506
0.002
1.0
0.002
0.002
0.002
0.002
0.002
0.002
0.002
0.002
0.002
0.002
0.002
0.002
0.002
0.002
0.002
0.002
0.002
0.002
-0.01980144010473489
-0.0
-0.018164957451451014
-0.011128082042330352
-0.06136809949814532
-0.0006545930613135501
-0.024874536329914904
-0.00032729653065677506
-0.0
-0.000981889591970325
-0.0021274274492690376
-0.0
-0.012109971634300677
-0.010964433777001964
-0.004418503163866463
-0.00196377918394065
-0.0011455378572987126
-0.0004909447959851625
-0.0016364826532838752
-0.0
-0.00016364826532838753
-0.0
-0.0
-0.0
-0.0021274274492690376
-0.0
-0.000981889591970325
-0.0006545930613135501
-0.0
-0.0
0.002
0.002
1.0
0.002
0.002
0.002
0.002
0.002
0.002
0.002
0.002
0.002
0.002
0.002
0.002
0.002
0.002
0.002
0.002
0.002
-0.018819550512764564
-0.0
-0.0016364826532838752
-0.0
-0.029947632555094916
-0.0
-0.00032729653065677506
-0.0
-0.0
-0.0
-0.0006545930613135501
-0.0
-0.0013091861226271003
-0.0013091861226271003
-0.0
-0.0004909447959851625
-0.0
-0.0
-0.0004909447959851625
-0.0
-0.0
-0.0
-0.0
-0.0
-0.0
-0.0
-0.0
-0.0
-0.0
-0.0
0.002
0.002
0.002
1.0
0.002
0.002
0.002
0.002
0.002
0.002
0.002
0.002
0.002
0.002
0.002
0.002
0.002
0.002
0.002
0.002
-0.0016364826532838752
-0.0036002618372245254
-0.004254854898538075
-0.00196377918394065
-0.015546585206196815
-0.0
-0.006054985817150338
-0.0026183722452542005
-0.0
-0.0013091861226271003
-0.0
-0.00032729653065677506
-0.00196377918394065
-0.0
-0.0013091861226271003
-0.0
-0.0006545930613135501
-0.0
-0.00032729653065677506
-0.0
-0.0
-0.0
-0.0
-0.0
-0.0006545930613135501
-0.0
-0.0
-0.0
-0.0
-0.0
0.002
0.002
0.002
0.002
1.0
0.002
0.002
0.002
0.002
0.002
0.002
0.002
0.002
0.002
0.002
0.002
0.002
0.002
0.002
0.002
-0.0013091861226271003
-0.00016364826532838753
-0.02307440541130264
-0.00032729653065677506
-0.00032729653065677506
-0.0
-0.0011455378572987126
-0.0
-0.0
-0.013746454287584552
-0.0
-0.0
-0.0
-0.0
-0.0
-0.0
-0.0
-0.0
-0.0
-0.0
-0.0
-0.0
-0.0
-0.0
-0.0
-0.0
-0.0
-0.0
-0.0
-0.0
0.002
0.002
0.002
0.002
0.002
1.0
0.002
0.002
0.002
0.002
0.002
0.002
0.002
0.002
0.002
0.002
0.002
0.002
0.002
0.002
-0.0036002618372245254
-0.0
-0.008182413266419376
-0.0
-0.009491599389046475
-0.0
-0.0014728343879554877
-0.0
-0.0
-0.0
-0.0
-0.0
-0.003109317041239363
-0.0006545930613135501
-0.0
-0.0
-0.0
-0.0
-0.0
-0.0
-0.0
-0.0
-0.0
-0.0
-0.0
-0.0
-0.00016364826532838753
-0.00032729653065677506
-0.0
-0.0
0.002
0.002
0.002
0.002
0.002
0.002
1.0
0.002
0.002
0.002
0.002
0.002
0.002
0.002
0.002
0.002
0.002
0.002
0.002
0.002
-0.00016364826532838753
-0.00032729653065677506
-0.0011455378572987126
-0.0008182413266419376
-0.010800785511673577
-0.0013091861226271003
-0.00016364826532838753
-0.0
-0.0
-0.0006545930613135501
-0.0
-0.0
-0.0
-0.0
-0.00016364826532838753
-0.0
-0.0
-0.0
-0.0
-0.0
-0.0
-0.0
-0.0
-0.0
-0.0
-0.0
-0.0
-0.0
-0.0
-0.0
0.002
0.002
0.002
0.002
0.002
0.002
0.002
1.0
0.002
0.002
0.002
0.002
0.002
0.002
0.002
0.002
0.002
0.002
0.002
0.002
-0.0013091861226271003
-0.0
-0.0006545930613135501
-0.0
-0.010146192450360025
-0.0
-0.0014728343879554877
-0.0
-0.0
-0.0
-0.0
-0.0
-0.0
-0.0
-0.0
-0.0
-0.0
-0.0
-0.00032729653065677506
-0.0
-0.0
-0.0
-0.0
-0.0
-0.0
-0.0
-0.0
-0.0
-0.0
-0.0
0.002
0.002
0.002
0.002
0.002
0.002
0.002
0.002
1.0
0.002
0.002
0.002
0.002
0.002
0.002
0.002
0.002
0.002
0.002
0.002
-0.0008182413266419376
-0.0026183722452542005
-0.0016364826532838752
-0.0
-0.0018001309186122627
-0.0
-0.000981889591970325
-0.0008182413266419376
-0.0
-0.0
-0.0
-0.0
-0.0
-0.00032729653065677506
-0.0
-0.0008182413266419376
-0.0
-0.0
-0.0
-0.0
-0.0
-0.0
-0.0
-0.0
-0.0
-0.0
-0.0
-0.0
-0.0
-0.0
0.002
0.002
0.002
0.002
0.002
0.002
0.002
0.002
0.002
1.0
0.002
0.002
0.002
0.002
0.002
0.002
0.002
0.002
0.002
0.002
-0.0021274274492690376
-0.0
-0.0018001309186122627
-0.0
-0.0014728343879554877
-0.0
-0.00016364826532838753
-0.0
-0.0
-0.0
-0.0
-0.0
-0.0
-0.0
-0.0
-0.00032729653065677506
-0.0
-0.0
-0.0
-0.0
-0.0
-0.0
-0.0
-0.0
-0.0
-0.0
-0.0
-0.0
-0.0
-0.0
0.002
0.002
0.002
0.002
0.002
0.002
0.002
0.002
0.002
0.002
1.0
0.002
0.002
0.002
0.002
0.002
0.002
0.002
0.002
0.002
-0.0
-0.0
-0.0
-0.0008182413266419376
-0.0
-0.0
-0.0
-0.00016364826532838753
-0.0
-0.0016364826532838752
-0.0
-0.0
-0.0
-0.0
-0.00016364826532838753
-0.0
-0.0
-0.0
-0.0
-0.0
-0.0
-0.0
-0.0
-0.0
-0.0
-0.0
-0.0
-0.0
-0.0
-0.0
0.002
0.002
0.002
0.002
0.002
0.002
0.002
0.002
0.002
0.002
0.002
1.0
0.002
0.002
0.002
0.002
0.002
0.002
0.002
0.002
-0.0
-0.0014728343879554877
-0.0008182413266419376
-0.0
-0.0
-0.0
-0.0
-0.0
-0.0
-0.0
-0.0
-0.00016364826532838753
-0.0
-0.0
-0.0
-0.0
-0.0
-0.0
-0.0
-0.0
-0.0
-0.0
-0.0
-0.0
-0.0
-0.0
-0.0
-0.0
-0.0
-0.0
0.002
0.002
0.002
0.002
0.002
0.002
0.002
0.002
0.002
0.002
0.002
0.002
1.0
0.002
0.002
0.002
0.002
0.002
0.002
0.002
-0.00032729653065677506
-0.00032729653065677506
-0.0
-0.0
-0.0
-0.0
-0.00016364826532838753
-0.00016364826532838753
-0.00016364826532838753
-0.0004909447959851625
-0.0
-0.0
-0.0
-0.0
-0.0
-0.0
-0.0
-0.0
-0.0
-0.0
-0.0
-0.0
-0.0
-0.0
-0.0
-0.0
-0.00016364826532838753
-0.0
-0.0
-0.00016364826532838753
0.002
0.002
0.002
0.002
0.002
0.002
0.002
0.002
0.002
0.002
0.002
0.002
0.002
1.0
0.002
0.002
0.002
0.002
0.002
0.002
-0.0
-0.0
-0.0
-0.0
-0.0018001309186122627
-0.0
-0.0
-0.0
-0.0
-0.0
-0.0
-0.0
-0.0
-0.0
-0.0
-0.0
-0.0
-0.0
-0.0
-0.0
-0.0
-0.0
-0.0
-0.0
-0.0
-0.0
-0.0
-0.0
-0.0
-0.0
0.002
0.002
0.002
0.002
0.002
0.002
0.002
0.002
0.002
0.002
0.002
0.002
0.002
0.002
1.0
0.002
0.002
0.002
0.002
0.002
-0.0
-0.00016364826532838753
-0.0
-0.0
-0.0
-0.000981889591970325
-0.0
-0.00032729653065677506
-0.0
-0.0
-0.0
-0.0
-0.0
-0.0
-0.0
-0.0
-0.0
-0.0
-0.0
-0.0
-0.0
-0.0
-0.0
-0.0
-0.0
-0.0
-0.0
-0.0
-0.0
-0.0
0.002
0.002
0.002
0.002
0.002
0.002
0.002
0.002
0.002
0.002
0.002
0.002
0.002
0.002
0.002
1.0
0.002
0.002
0.002
0.002
-0.0
-0.0
-0.0004909447959851625
-0.0
-0.0
-0.0
-0.0
-0.00016364826532838753
-0.0
-0.0
-0.0
-0.0
-0.0
-0.0
-0.0
-0.0
-0.0
-0.0
-0.0
-0.0
-0.0
-0.0
-0.0
-0.0
-0.0
-0.0
-0.0
-0.0
-0.0
-0.0
0.002
0.002
0.002
0.002
0.002
0.002
0.002
0.002
0.002
0.002
0.002
0.002
0.002
0.002
0.002
0.002
1.0
0.002
0.002
0.002
-0.0
-0.0
-0.00032729653065677506
-0.0
-0.0
-0.0
-0.0
-0.00016364826532838753
-0.0
-0.0
-0.0
-0.0
-0.0
-0.0
-0.0
-0.0
-0.0
-0.0
-0.0
-0.0
-0.0
-0.0
-0.0
-0.0
-0.0
-0.0
-0.0
-0.0
-0.0
-0.0
0.002
0.002
0.002
0.002
0.002
0.002
0.002
0.002
0.002
0.002
0.002
0.002
0.002
0.002
0.002
0.002
0.002
1.0
0.002
0.002
-0.0
-0.00016364826532838753
-0.0
-0.0
-0.0
-0.0
-0.00016364826532838753
-0.00016364826532838753
-0.0
-0.0
-0.0
-0.0
-0.0
-0.0
-0.0
-0.0
-0.0
-0.0
-0.0
-0.0
-0.0
-0.0
-0.0
-0.0
-0.0
-0.0
-0.0
-0.0
-0.0
-0.0
0.002
0.002
0.002
0.002
0.002
0.002
0.002
0.002
0.002
0.002
0.002
0.002
0.002
0.002
0.002
0.002
0.002
0.002
1.0
0.002
-0.00016364826532838753
-0.0
-0.0
-0.0
-0.0
-0.0
-0.0
-0.00016364826532838753
-0.00016364826532838753
-0.0
-0.0
-0.0
-0.0
-0.0
-0.0
-0.0
-0.0
-0.0
-0.0
-0.0
-0.0
-0.0
-0.0
-0.0
-0.0
-0.0
-0.0
-0.0
-0.0
-0.0
0.002
0.002
0.002
0.002
0.002
0.002
0.002
0.002
0.002
0.002
0.002
0.002
0.002
0.002
0.002
0.002
0.002
0.002
0.002
1.0
-0.0
-0.0
-0.00016364826532838753
-0.0
-0.0
-0.0
-0.0
-0.00016364826532838753
-0.0
-0.0
-0.0
-0.0
-0.0
-0.0
-0.0
-0.0
-0.0
-0.0
-0.0
-0.0
-0.0
-0.0
-0.0
-0.0
-0.0
-0.0
-0.0
-0.0
-0.0
-0.0
-0.13566441195723325
-0.01980144010473489
-0.018819550512764564
-0.0016364826532838752
-0.0013091861226271003
-0.0036002618372245254
-0.00016364826532838753
-0.0013091861226271003
-0.0008182413266419376
-0.0021274274492690376
-0.0
-0.0
-0.00032729653065677506
-0.0
-0.0
-0.0
-0.0
-0.0
-0.00016364826532838753
-0.0
1.0
0.002
0.002
0.002
0.002
0.002
0.002
0.002
0.002
0.002
0.002
0.002
0.002
0.002
0.002
0.002
0.002
0.002
0.002
0.002
0.002
0.002
0.002
0.002
0.002
0.002
0.002
0.002
0.002
0.002
-0.15399301767401266
-0.0
-0.0
-0.0036002618372245254
-0.00016364826532838753
-0.0
-0.00032729653065677506
-0.0
-0.0026183722452542005
-0.0
-0.0
-0.0014728343879554877
-0.00032729653065677506
-0.0
-0.00016364826532838753
-0.0
-0.0
-0.00016364826532838753
-0.0
-0.0
0.002
1.0
0.002
0.002
0.002
0.002
0.002
0.002
0.002
0.002
0.002
0.002
0.002
0.002
0.002
0.002
0.002
0.002
0.002
0.002
0.002
0.002
0.002
0.002
0.002
0.002
0.002
0.002
0.002
0.002
-0.09540693868644992
-0.018164957451451014
-0.0016364826532838752
-0.004254854898538075
-0.02307440541130264
-0.008182413266419376
-0.0011455378572987126
-0.0006545930613135501
-0.0016364826532838752
-0.0018001309186122627
-0.0
-0.0008182413266419376
-0.0
-0.0
-0.0
-0.0004909447959851625
-0.00032729653065677506
-0.0
-0.0
-0.00016364826532838753
0.002
0.002
1.0
0.002
0.002
0.002
0.002
0.002
0.002
0.002
0.002
0.002
0.002
0.002
0.002
0.002
0.002
0.002
0.002
0.002
0.002
0.002
0.002
0.002
0.002
0.002
0.002
0.002
0.002
0.002
-0.12813659175212744
-0.011128082042330352
-0.0
-0.00196377918394065
-0.00032729653065677506
-0.0
-0.0008182413266419376
-0.0
-0.0
-0.0
-0.0008182413266419376
-0.0
-0.0
-0.0
-0.0
-0.0
-0.0
-0.0
-0.0
-0.0
0.002
0.002
0.002
1.0
0.002
0.002
0.002
0.002
0.002
0.002
0.002
0.002
0.002
0.002
0.002
0.002
0.002
0.002
0.002
0.002
0.002
0.002
0.002
0.002
0.002
0.002
0.002
0.002
0.002
0.002
-0.0
-0.06136809949814532
-0.029947632555094916
-0.015546585206196815
-0.00032729653065677506
-0.009491599389046475
-0.010800785511673577
-0.010146192450360025
-0.0018001309186122627
-0.0014728343879554877
-0.0
-0.0
-0.0
-0.0018001309186122627
-0.0
-0.0
-0.0
-0.0
-0.0
-0.0
0.002
0.002
0.002
0.002
1.0
0.002
0.002
0.002
0.002
0.002
0.002
0.002
0.002
0.002
0.002
0.002
0.002
0.002
0.002
0.002
0.002
0.002
0.002
0.002
0.002
0.002
0.002
0.002
0.002
0.002
-0.06398647174339953
-0.0006545930613135501
-0.0
-0.0
-0.0
-0.0
-0.0013091861226271003
-0.0
-0.0
-0.0
-0.0
-0.0
-0.0
-0.0
-0.000981889591970325
-0.0
-0.0
-0.0
-0.0
-0.0
0.002
0.002
0.002
0.002
0.002
1.0
0.002
0.002
0.002
0.002
0.002
0.002
0.002
0.002
0.002
0.002
0.002
0.002
0.002
0.002
0.002
0.002
0.002
0.002
0.002
0.002
0.002
0.002
0.002
0.002
-0.0
-0.024874536329914904
-0.00032729653065677506
-0.006054985817150338
-0.0011455378572987126
-0.0014728343879554877
-0.00016364826532838753
-0.0014728343879554877
-0.000981889591970325
-0.00016364826532838753
-0.0
-0.0
-0.00016364826532838753
-0.0
-0.0
-0.0
-0.0
-0.00016364826532838753
-0.0
-0.0
0.002
0.002
0.002
0.002
0.002
0.002
1.0
0.002
0.002
0.002
0.002
0.002
0.002
0.002
0.002
0.002
0.002
0.002
0.002
0.002
0.002
0.002
0.002
0.002
0.002
0.002
0.002
0.002
0.002
0.002
-0.028638446432467816
-0.00032729653065677506
-0.0
-0.0026183722452542005
-0.0
-0.0
-0.0
-0.0
-0.0008182413266419376
-0.0
-0.00016364826532838753
-0.0
-0.00016364826532838753
-0.0
-0.00032729653065677506
-0.00016364826532838753
-0.00016364826532838753
-0.00016364826532838753
-0.00016364826532838753
-0.00016364826532838753
0.002
0.002
0.002
0.002
0.002
0.002
0.002
1.0
0.002
0.002
0.002
0.002
0.002
0.002
0.002
0.002
0.002
0.002
0.002
0.002
0.002
0.002
0.002
0.002
0.002
0.002
0.002
0.002
0.002
0.002
-0.02978398428976653
-0.0
-0.0
-0.0
-0.0
-0.0
-0.0
-0.0
-0.0
-0.0
-0.0
-0.0
-0.00016364826532838753
-0.0
-0.0
-0.0
-0.0
-0.0
-0.00016364826532838753
-0.0
0.002
0.002
0.002
0.002
0.002
0.002
0.002
0.002
1.0
0.002
0.002
0.002
0.002
0.002
0.002
0.002
0.002
0.002
0.002
0.002
0.002
0.002
0.002
0.002
0.002
0.002
0.002
0.002
0.002
0.002
-0.010146192450360025
-0.000981889591970325
-0.0
-0.0013091861226271003
-0.013746454287584552
-0.0
-0.0006545930613135501
-0.0
-0.0
-0.0
-0.0016364826532838752
-0.0
-0.0004909447959851625
-0.0
-0.0
-0.0
-0.0
-0.0
-0.0
-0.0
0.002
0.002
0.002
0.002
0.002
0.002
0.002
0.002
0.002
1.0
0.002
0.002
0.002
0.002
0.002
0.002
0.002
0.002
0.002
0.002
0.002
0.002
0.002
0.002
0.002
0.002
0.002
0.002
0.002
0.002
-0.022092515819332314
-0.0021274274492690376
-0.0006545930613135501
-0.0
-0.0
-0.0
-0.0
-0.0
-0.0
-0.0
-0.0
-0.0
-0.0
-0.0
-0.0
-0.0
-0.0
-0.0
-0.0
-0.0
0.002
0.002
0.002
0.002
0.002
0.002
0.002
0.002
0.002
0.002
1.0
0.002
0.002
0.002
0.002
0.002
0.002
0.002
0.002
0.002
0.002
0.002
0.002
0.002
0.002
0.002
0.002
0.002
0.002
0.002
-0.018164957451451014
-0.0
-0.0
-0.00032729653065677506
-0.0
-0.0
-0.0
-0.0
-0.0
-0.0
-0.0
-0.00016364826532838753
-0.0
-0.0
-0.0
-0.0
-0.0
-0.0
-0.0
-0.0
0.002
0.002
0.002
0.002
0.002
0.002
0.002
0.002
0.002
0.002
0.002
1.0
0.002
0.002
0.002
0.002
0.002
0.002
0.002
0.002
0.002
0.002
0.002
0.002
0.002
0.002
0.002
0.002
0.002
0.002
-0.0
-0.012109971634300677
-0.0013091861226271003
-0.00196377918394065
-0.0
-0.003109317041239363
-0.0
-0.0
-0.0
-0.0
-0.0
-0.0
-0.0
-0.0
-0.0
-0.0
-0.0
-0.0
-0.0
-0.0
0.002
0.002
0.002
0.002
0.002
0.002
0.002
0.002
0.002
0.002
0.002
0.002
1.0
0.002
0.002
0.002
0.002
0.002
0.002
0.002
0.002
0.002
0.002
0.002
0.002
0.002
0.002
0.002
0.002
0.002
-0.0004909447959851625
-0.010964433777001964
-0.0013091861226271003
-0.0
-0.0
-0.0006545930613135501
-0.0
-0.0
-0.00032729653065677506
-0.0
-0.0
-0.0
-0.0
-0.0
-0.0
-0.0
-0.0
-0.0
-0.0
-0.0
0.002
0.002
0.002
0.002
0.002
0.002
0.002
0.002
0.002
0.002
0.002
0.002
0.002
1.0
0.002
0.002
0.002
0.002
0.002
0.002
0.002
0.002
0.002
0.002
0.002
0.002
0.002
0.002
0.002
0.002
-0.006709578878463888
-0.004418503163866463
-0.0
-0.0013091861226271003
-0.0
-0.0
-0.00016364826532838753
-0.0
-0.0
-0.0
-0.00016364826532838753
-0.0
-0.0
-0.0
-0.0
-0.0
-0.0
-0.0
-0.0
-0.0
0.002
0.002
0.002
0.002
0.002
0.002
0.002
0.002
0.002
0.002
0.002
0.002
0.002
0.002
1.0
0.002
0.002
0.002
0.002
0.002
0.002
0.002
0.002
0.002
0.002
0.002
0.002
0.002
0.002
0.002
-0.009000654593061314
-0.00196377918394065
-0.0004909447959851625
-0.0
-0.0
-0.0
-0.0
-0.0
-0.0008182413266419376
-0.00032729653065677506
-0.0
-0.0
-0.0
-0.0
-0.0
-0.0
-0.0
-0.0
-0.0
-0.0
0.002
0.002
0.002
0.002
0.002
0.002
0.002
0.002
0.002
0.002
0.002
0.002
0.002
0.002
0.002
1.0
0.002
0.002
0.002
0.002
0.002
0.002
0.002
0.002
0.002
0.002
0.002
0.002
0.002
0.002
-0.009982544185031639
-0.0011455378572987126
-0.0
-0.0006545930613135501
-0.0
-0.0
-0.0
-0.0
-0.0
-0.0
-0.0
-0.0
-0.0
-0.0
-0.0
-0.0
-0.0
-0.0
-0.0
-0.0
0.002
0.002
0.002
0.002
0.002
0.002
0.002
0.002
0.002
0.002
0.002
0.002
0.002
0.002
0.002
0.002
1.0
0.002
0.002
0.002
0.002
0.002
0.002
0.002
0.002
0.002
0.002
0.002
0.002
0.002
-0.006054985817150338
-0.0004909447959851625
-0.0
-0.0
-0.0
-0.0
-0.0
-0.0
-0.0
-0.0
-0.0
-0.0
-0.0
-0.0
-0.0
-0.0
-0.0
-0.0
-0.0
-0.0
0.002
0.002
0.002
0.002
0.002
0.002
0.002
0.002
0.002
0.002
0.002
0.002
0.002
0.002
0.002
0.002
0.002
1.0
0.002
0.002
0.002
0.002
0.002
0.002
0.002
0.002
0.002
0.002
0.002
0.002
-0.003109317041239363
-0.0016364826532838752
-0.0004909447959851625
-0.00032729653065677506
-0.0
-0.0
-0.0
-0.00032729653065677506
-0.0
-0.0
-0.0
-0.0
-0.0
-0.0
-0.0
-0.0
-0.0
-0.0
-0.0
-0.0
0.002
0.002
0.002
0.002
0.002
0.002
0.002
0.002
0.002
0.002
0.002
0.002
0.002
0.002
0.002
0.002
0.002
0.002
1.0
0.002
0.002
0.002
0.002
0.002
0.002
0.002
0.002
0.002
0.002
0.002
-0.0057276892864935635
-0.0
-0.0
-0.0
-0.0
-0.0
-0.0
-0.0
-0.0
-0.0
-0.0
-0.0
-0.0
-0.0
-0.0
-0.0
-0.0
-0.0
-0.0
-0.0
0.002
0.002
0.002
0.002
0.002
0.002
0.002
0.002
0.002
0.002
0.002
0.002
0.002
0.002
0.002
0.002
0.002
0.002
0.002
1.0
0.002
0.002
0.002
0.002
0.002
0.002
0.002
0.002
0.002
0.002
-0.0054003927558367885
-0.00016364826532838753
-0.0
-0.0
-0.0
-0.0
-0.0
-0.0
-0.0
-0.0
-0.0
-0.0
-0.0
-0.0
-0.0
-0.0
-0.0
-0.0
-0.0
-0.0
0.002
0.002
0.002
0.002
0.002
0.002
0.002
0.002
0.002
0.002
0.002
0.002
0.002
0.002
0.002
0.002
0.002
0.002
0.002
0.002
1.0
0.002
0.002
0.002
0.002
0.002
0.002
0.002
0.002
0.002
-0.005236744490508401
-0.0
-0.0
-0.0
-0.0
-0.0
-0.0
-0.0
-0.0
-0.0
-0.0
-0.0
-0.0
-0.0
-0.0
-0.0
-0.0
-0.0
-0.0
-0.0
0.002
0.002
0.002
0.002
0.002
0.002
0.002
0.002
0.002
0.002
0.002
0.002
0.002
0.002
0.002
0.002
0.002
0.002
0.002
0.002
0.002
1.0
0.002
0.002
0.002
0.002
0.002
0.002
0.002
0.002
-0.003436613571896138
-0.0
-0.0
-0.0
-0.0
-0.0
-0.0
-0.0
-0.0
-0.0
-0.0
-0.0
-0.0
-0.0
-0.0
-0.0
-0.0
-0.0
-0.0
-0.0
0.002
0.002
0.002
0.002
0.002
0.002
0.002
0.002
0.002
0.002
0.002
0.002
0.002
0.002
0.002
0.002
0.002
0.002
0.002
0.002
0.002
0.002
1.0
0.002
0.002
0.002
0.002
0.002
0.002
0.002
-0.0029456687759109755
-0.0
-0.0
-0.0
-0.0
-0.0
-0.0
-0.0
-0.0
-0.0
-0.0
-0.0
-0.0
-0.0
-0.0
-0.0
-0.0
-0.0
-0.0
-0.0
0.002
0.002
0.002
0.002
0.002
0.002
0.002
0.002
0.002
0.002
0.002
0.002
0.002
0.002
0.002
0.002
0.002
0.002
0.002
0.002
0.002
0.002
0.002
1.0
0.002
0.002
0.002
0.002
0.002
0.002
-0.0
-0.0021274274492690376
-0.0
-0.0006545930613135501
-0.0
-0.0
-0.0
-0.0
-0.0
-0.0
-0.0
-0.0
-0.0
-0.0
-0.0
-0.0
-0.0
-0.0
-0.0
-0.0
0.002
0.002
0.002
0.002
0.002
0.002
0.002
0.002
0.002
0.002
0.002
0.002
0.002
0.002
0.002
0.002
0.002
0.002
0.002
0.002
0.002
0.002
0.002
0.002
1.0
0.002
0.002
0.002
0.002
0.002
-0.0013091861226271003
-0.0
-0.0
-0.0
-0.0
-0.0
-0.0
-0.0
-0.0
-0.0
-0.0
-0.0
-0.0
-0.0
-0.0
-0.0
-0.0
-0.0
-0.0
-0.0
0.002
0.002
0.002
0.002
0.002
0.002
0.002
0.002
0.002
0.002
0.002
0.002
0.002
0.002
0.002
0.002
0.002
0.002
0.002
0.002
0.002
0.002
0.002
0.002
0.002
1.0
0.002
0.002
0.002
0.002
-0.0
-0.000981889591970325
-0.0
-0.0
-0.0
-0.00016364826532838753
-0.0
-0.0
-0.0
-0.0
-0.0
-0.0
-0.00016364826532838753
-0.0
-0.0
-0.0
-0.0
-0.0
-0.0
-0.0
0.002
0.002
0.002
0.002
0.002
0.002
0.002
0.002
0.002
0.002
0.002
0.002
0.002
0.002
0.002
0.002
0.002
0.002
0.002
0.002
0.002
0.002
0.002
0.002
0.002
0.002
1.0
0.002
0.002
0.002
-0.0
-0.0006545930613135501
-0.0
-0.0
-0.0
-0.00032729653065677506
-0.0
-0.0
-0.0
-0.0
-0.0
-0.0
-0.0
-0.0
-0.0
-0.0
-0.0
-0.0
-0.0
-0.0
0.002
0.002
0.002
0.002
0.002
0.002
0.002
0.002
0.002
0.002
0.002
0.002
0.002
0.002
0.002
0.002
0.002
0.002
0.002
0.002
0.002
0.002
0.002
0.002
0.002
0.002
0.002
1.0
0.002
0.002
-0.000981889591970325
-0.0
-0.0
-0.0
-0.0
-0.0
-0.0
-0.0
-0.0
-0.0
-0.0
-0.0
-0.0
-0.0
-0.0
-0.0
-0.0
-0.0
-0.0
-0.0
0.002
0.002
0.002
0.002
0.002
0.002
0.002
0.002
0.002
0.002
0.002
0.002
0.002
0.002
0.002
0.002
0.002
0.002
0.002
0.002
0.002
0.002
0.002
0.002
0.002
0.002
0.002
0.002
1.0
0.002
-0.00032729653065677506
-0.0
-0.0
-0.0
-0.0
-0.0
-0.0
-0.0
-0.0
-0.0
-0.0
-0.0
-0.00016364826532838753
-0.0
-0.0
-0.0
-0.0
-0.0
-0.0
-0.0
0.002
0.002
0.002
0.002
0.002
0.002
0.002
0.002
0.002
0.002
0.002
0.002
0.002
0.002
0.002
0.002
0.002
0.002
0.002
0.002
0.002
0.002
0.002
0.002
0.002
0.002
0.002
0.002
0.002
1.0
