1.0
0.002
0.002
0.002
0.002
0.002
0.002
0.002
0.002
0.002
0.002
0.002
0.002
0.002
0.002
0.002
0.002
0.002
0.002
0.002
-0.15409309791332262
-0.022873194221508828
-0.07704654895666131
-0.013242375601926164
-0.001203852327447833
-0.036115569823434994
-0.11316211878009631
-0.025280898876404494
-0.08306581059390049
-0.028892455858747994
-0.03130016051364366
-0.0
-0.010834670947030497
-0.018057784911717497
-0.004815409309791332
-0.033707865168539325
-0.0036115569823434992
-0.012038523274478331
-0.0072231139646869984
-0.0
-0.0036115569823434992
-0.0036115569823434992
-0.0
-0.0072231139646869984
-0.0036115569823434992
-0.016853932584269662
-0.0036115569823434992
-0.001203852327447833
-0.001203852327447833
-0.008426966292134831
0.002
1.0
0.002
0.002
0.002
0.002
0.002
0.002
0.002
0.002
0.002
0.002
0.002
0.002
0.002
0.002
0.002
0.002
0.002
0.002
-0.13242375601926162
-0.042134831460674156
-0.02768860353130016
-0.022873194221508828
-0.0
-0.04695024077046549
-0.013242375601926164
-0.039727126805778494
-0.001203852327447833
-0.07343499197431781
-0.07102728731942215
-0.006019261637239166
-0.0036115569823434992
-0.014446227929373997
-0.022873194221508828
-0.001203852327447833
-0.001203852327447833
-0.004815409309791332
-0.006019261637239166
-0.0036115569823434992
-0.010834670947030497
-0.001203852327447833
-0.0
-0.006019261637239166
-0.0072231139646869984
-0.0
-0.002407704654895666
-0.004815409309791332
-0.006019261637239166
-0.0
0.002
0.002
1.0
0.002
0.002
0.002
0.002
0.002
0.002
0.002
0.002
0.002
0.002
0.002
0.002
0.002
0.002
0.002
0.002
0.002
-0.08426966292134831
-0.002407704654895666
-0.0036115569823434992
-0.0
-0.22873194221508827
-0.09871589085072231
-0.018057784911717497
-0.0
-0.0
-0.0
-0.0
-0.001203852327447833
-0.001203852327447833
-0.001203852327447833
-0.0
-0.0
-0.0
-0.0
-0.0036115569823434992
-0.0
-0.0
-0.004815409309791332
-0.0
-0.0
-0.0036115569823434992
-0.0
-0.008426966292134831
-0.001203852327447833
-0.001203852327447833
-0.002407704654895666
0.002
0.002
0.002
1.0
0.002
0.002
0.002
0.002
0.002
0.002
0.002
0.002
0.002
0.002
0.002
0.002
0.002
0.002
0.002
0.002
-0.06500802568218299
-0.024077046548956663
-0.044542536115569825
-0.028892455858747994
-0.0036115569823434992
-0.0
-0.03009630818619583
-0.025280898876404494
-0.026484751203852328
-0.021669341894060994
-0.01565008025682183
-0.018057784911717497
-0.021669341894060994
-0.026484751203852328
-0.010834670947030497
-0.002407704654895666
-0.002407704654895666
-0.009630818619582664
-0.001203852327447833
-0.0036115569823434992
-0.0
-0.0
-0.0036115569823434992
-0.0036115569823434992
-0.0036115569823434992
-0.0
-0.0
-0.008426966292134831
-0.001203852327447833
-0.0
0.002
0.002
0.002
0.002
1.0
0.002
0.002
0.002
0.002
0.002
0.002
0.002
0.002
0.002
0.002
0.002
0.002
0.002
0.002
0.002
-0.036115569823434994
-0.033707865168539325
-0.009630818619582664
-0.06260032102728733
-0.0
-0.0036115569823434992
-0.001203852327447833
-0.010834670947030497
-0.0072231139646869984
-0.002407704654895666
-0.012038523274478331
-0.06019261637239166
-0.0072231139646869984
-0.002407704654895666
-0.001203852327447833
-0.001203852327447833
-0.006019261637239166
-0.0
-0.008426966292134831
-0.002407704654895666
-0.0
-0.002407704654895666
-0.009630818619582664
-0.0
-0.0
-0.0
-0.0
-0.0
-0.0
-0.0
0.002
0.002
0.002
0.002
0.002
1.0
0.002
0.002
0.002
0.002
0.002
0.002
0.002
0.002
0.002
0.002
0.002
0.002
0.002
0.002
-0.032504012841091494
-0.04333868378812199
-0.010834670947030497
-0.034911717495987156
-0.0
-0.004815409309791332
-0.0
-0.0072231139646869984
-0.0036115569823434992
-0.014446227929373997
-0.0
-0.014446227929373997
-0.0
-0.004815409309791332
-0.001203852327447833
-0.002407704654895666
-0.001203852327447833
-0.0
-0.0
-0.0072231139646869984
-0.001203852327447833
-0.001203852327447833
-0.0
-0.0
-0.0
-0.0
-0.0
-0.0
-0.0
-0.0
0.002
0.002
0.002
0.002
0.002
0.002
1.0
0.002
0.002
0.002
0.002
0.002
0.002
0.002
0.002
0.002
0.002
0.002
0.002
0.002
-0.07463884430176565
-0.019261637239165328
-0.009630818619582664
-0.010834670947030497
-0.0
-0.014446227929373997
-0.0
-0.001203852327447833
-0.002407704654895666
-0.002407704654895666
-0.0
-0.013242375601926164
-0.0
-0.0
-0.0
-0.0036115569823434992
-0.004815409309791332
-0.0
-0.002407704654895666
-0.001203852327447833
-0.013242375601926164
-0.006019261637239166
-0.0
-0.0
-0.001203852327447833
-0.0
-0.0
-0.0
-0.0
-0.0
0.002
0.002
0.002
0.002
0.002
0.002
0.002
1.0
0.002
0.002
0.002
0.002
0.002
0.002
0.002
0.002
0.002
0.002
0.002
0.002
-0.004815409309791332
-0.001203852327447833
-0.008426966292134831
-0.009630818619582664
-0.0
-0.0
-0.0
-0.018057784911717497
-0.006019261637239166
-0.014446227929373997
-0.01565008025682183
-0.018057784911717497
-0.006019261637239166
-0.0072231139646869984
-0.013242375601926164
-0.002407704654895666
-0.013242375601926164
-0.0
-0.0
-0.004815409309791332
-0.0
-0.0
-0.0
-0.006019261637239166
-0.0
-0.0
-0.0
-0.0
-0.0
-0.0
0.002
0.002
0.002
0.002
0.002
0.002
0.002
0.002
1.0
0.002
0.002
0.002
0.002
0.002
0.002
0.002
0.002
0.002
0.002
0.002
-0.006019261637239166
-0.032504012841091494
-0.002407704654895666
-0.05537720706260032
-0.0
-0.0
-0.0
-0.008426966292134831
-0.0
-0.002407704654895666
-0.0
-0.010834670947030497
-0.0
-0.002407704654895666
-0.0
-0.0
-0.0
-0.0
-0.002407704654895666
-0.008426966292134831
-0.0
-0.0072231139646869984
-0.0
-0.0
-0.0
-0.0
-0.0
-0.0
-0.0
-0.0
0.002
0.002
0.002
0.002
0.002
0.002
0.002
0.002
0.002
1.0
0.002
0.002
0.002
0.002
0.002
0.002
0.002
0.002
0.002
0.002
-0.0
-0.08065810593900481
-0.0
-0.026484751203852328
-0.0
-0.0
-0.0
-0.0
-0.0
-0.004815409309791332
-0.0
-0.006019261637239166
-0.0
-0.0
-0.0
-0.0
-0.0
-0.0
-0.0
-0.0
-0.0
-0.0
-0.0
-0.0
-0.0
-0.0
-0.001203852327447833
-0.0
-0.0
-0.0
0.002
0.002
0.002
0.002
0.002
0.002
0.002
0.002
0.002
0.002
1.0
0.002
0.002
0.002
0.002
0.002
0.002
0.002
0.002
0.002
-0.010834670947030497
-0.040930979133226325
-0.025280898876404494
-0.01565008025682183
-0.0
-0.002407704654895666
-0.0
-0.0
-0.0036115569823434992
-0.0
-0.0
-0.0036115569823434992
-0.0036115569823434992
-0.0
-0.0
-0.0
-0.002407704654895666
-0.0
-0.0
-0.0
-0.0
-0.0
-0.0
-0.0
-0.0
-0.0
-0.0
-0.0
-0.0
-0.0
0.002
0.002
0.002
0.002
0.002
0.002
0.002
0.002
0.002
0.002
0.002
1.0
0.002
0.002
0.002
0.002
0.002
0.002
0.002
0.002
-0.05056179775280899
-0.001203852327447833
-0.019261637239165328
-0.0
-0.0
-0.004815409309791332
-0.0
-0.0036115569823434992
-0.0072231139646869984
-0.0
-0.001203852327447833
-0.0
-0.002407704654895666
-0.0036115569823434992
-0.0
-0.0
-0.001203852327447833
-0.001203852327447833
-0.0
-0.0
-0.0
-0.0
-0.0
-0.0
-0.0
-0.0
-0.0
-0.0
-0.0
-0.0
0.002
0.002
0.002
0.002
0.002
0.002
0.002
0.002
0.002
0.002
0.002
0.002
1.0
0.002
0.002
0.002
0.002
0.002
0.002
0.002
-0.010834670947030497
-0.0
-0.010834670947030497
-0.0
-0.0
-0.0
-0.002407704654895666
-0.001203852327447833
-0.012038523274478331
-0.0
-0.001203852327447833
-0.0
-0.008426966292134831
-0.010834670947030497
-0.0
-0.0
-0.002407704654895666
-0.0
-0.0
-0.0
-0.0
-0.0
-0.0
-0.0
-0.0
-0.0
-0.0
-0.0
-0.0
-0.0
0.002
0.002
0.002
0.002
0.002
0.002
0.002
0.002
0.002
0.002
0.002
0.002
0.002
1.0
0.002
0.002
0.002
0.002
0.002
0.002
-0.002407704654895666
-0.006019261637239166
-0.001203852327447833
-0.001203852327447833
-0.0
-0.002407704654895666
-0.0
-0.0
-0.0
-0.0
-0.0
-0.0
-0.028892455858747994
-0.002407704654895666
-0.0
-0.0
-0.0
-0.0
-0.0
-0.0
-0.001203852327447833
-0.001203852327447833
-0.001203852327447833
-0.0
-0.0
-0.0
-0.0
-0.0
-0.0
-0.0
0.002
0.002
0.002
0.002
0.002
0.002
0.002
0.002
0.002
0.002
0.002
0.002
0.002
0.002
1.0
0.002
0.002
0.002
0.002
0.002
-0.002407704654895666
-0.0
-0.013242375601926164
-0.0
-0.0
-0.0
-0.004815409309791332
-0.0072231139646869984
-0.0036115569823434992
-0.0
-0.0
-0.0
-0.009630818619582664
-0.0072231139646869984
-0.0
-0.0
-0.0
-0.0036115569823434992
-0.001203852327447833
-0.0
-0.0
-0.0
-0.0
-0.0
-0.0
-0.0
-0.001203852327447833
-0.0
-0.001203852327447833
-0.0
0.002
0.002
0.002
0.002
0.002
0.002
0.002
0.002
0.002
0.002
0.002
0.002
0.002
0.002
0.002
1.0
0.002
0.002
0.002
0.002
-0.008426966292134831
-0.0
-0.01565008025682183
-0.001203852327447833
-0.0
-0.0
-0.0
-0.0
-0.004815409309791332
-0.0
-0.001203852327447833
-0.0
-0.0036115569823434992
-0.002407704654895666
-0.0
-0.001203852327447833
-0.0
-0.0
-0.0
-0.0
-0.0
-0.0
-0.0
-0.0
-0.0
-0.0
-0.0
-0.0
-0.0
-0.002407704654895666
0.002
0.002
0.002
0.002
0.002
0.002
0.002
0.002
0.002
0.002
0.002
0.002
0.002
0.002
0.002
0.002
1.0
0.002
0.002
0.002
-0.0
-0.0
-0.0072231139646869984
-0.0
-0.0
-0.0072231139646869984
-0.0
-0.0
-0.006019261637239166
-0.0
-0.0
-0.0
-0.0
-0.001203852327447833
-0.0
-0.0
-0.0
-0.0
-0.0
-0.0
-0.0
-0.002407704654895666
-0.0
-0.0
-0.0
-0.0
-0.0
-0.0
-0.0
-0.0
0.002
0.002
0.002
0.002
0.002
0.002
0.002
0.002
0.002
0.002
0.002
0.002
0.002
0.002
0.002
0.002
0.002
1.0
0.002
0.002
-0.002407704654895666
-0.0
-0.013242375601926164
-0.0
-0.0
-0.0
-0.0
-0.002407704654895666
-0.0
-0.0
-0.001203852327447833
-0.0
-0.0072231139646869984
-0.002407704654895666
-0.0
-0.0
-0.0
-0.0036115569823434992
-0.0
-0.001203852327447833
-0.0
-0.0
-0.0
-0.0
-0.001203852327447833
-0.0
-0.0
-0.0
-0.0
-0.0
0.002
0.002
0.002
0.002
0.002
0.002
0.002
0.002
0.002
0.002
0.002
0.002
0.002
0.002
0.002
0.002
0.002
0.002
1.0
0.002
-0.009630818619582664
-0.0
-0.002407704654895666
-0.0
-0.0
-0.0
-0.004815409309791332
-0.0036115569823434992
-0.0
-0.0
-0.001203852327447833
-0.0
-0.0072231139646869984
-0.0036115569823434992
-0.0
-0.0
-0.0
-0.0
-0.0
-0.0
-0.0
-0.0
-0.0
-0.0
-0.0
-0.0
-0.0
-0.001203852327447833
-0.001203852327447833
-0.0
0.002
0.002
0.002
0.002
0.002
0.002
0.002
0.002
0.002
0.002
0.002
0.002
0.002
0.002
0.002
0.002
0.002
0.002
0.002
1.0
-0.0036115569823434992
-0.0
-0.002407704654895666
-0.0
-0.0
-0.0
-0.0
-0.0036115569823434992
-0.004815409309791332
-0.0
-0.0
-0.0
-0.002407704654895666
-0.002407704654895666
-0.0
-0.001203852327447833
-0.0
-0.001203852327447833
-0.0
-0.0
-0.0
-0.0
-0.0
-0.0
-0.0
-0.0
-0.0
-0.0
-0.002407704654895666
-0.0
-0.15409309791332262
-0.13242375601926162
-0.08426966292134831
-0.06500802568218299
-0.036115569823434994
-0.032504012841091494
-0.07463884430176565
-0.004815409309791332
-0.006019261637239166
-0.0
-0.010834670947030497
-0.05056179775280899
-0.010834670947030497
-0.002407704654895666
-0.002407704654895666
-0.008426966292134831
-0.0
-0.002407704654895666
-0.009630818619582664
-0.0036115569823434992
1.0
0.002
0.002
0.002
0.002
0.002
0.002
0.002
0.002
0.002
0.002
0.002
0.002
0.002
0.002
0.002
0.002
0.002
0.002
0.002
0.002
0.002
0.002
0.002
0.002
0.002
0.002
0.002
0.002
0.002
-0.022873194221508828
-0.042134831460674156
-0.002407704654895666
-0.024077046548956663
-0.033707865168539325
-0.04333868378812199
-0.019261637239165328
-0.001203852327447833
-0.032504012841091494
-0.08065810593900481
-0.040930979133226325
-0.001203852327447833
-0.0
-0.006019261637239166
-0.0
-0.0
-0.0
-0.0
-0.0
-0.0
0.002
1.0
0.002
0.002
0.002
0.002
0.002
0.002
0.002
0.002
0.002
0.002
0.002
0.002
0.002
0.002
0.002
0.002
0.002
0.002
0.002
0.002
0.002
0.002
0.002
0.002
0.002
0.002
0.002
0.002
-0.07704654895666131
-0.02768860353130016
-0.0036115569823434992
-0.044542536115569825
-0.009630818619582664
-0.010834670947030497
-0.009630818619582664
-0.008426966292134831
-0.002407704654895666
-0.0
-0.025280898876404494
-0.019261637239165328
-0.010834670947030497
-0.001203852327447833
-0.013242375601926164
-0.01565008025682183
-0.0072231139646869984
-0.013242375601926164
-0.002407704654895666
-0.002407704654895666
0.002
0.002
1.0
0.002
0.002
0.002
0.002
0.002
0.002
0.002
0.002
0.002
0.002
0.002
0.002
0.002
0.002
0.002
0.002
0.002
0.002
0.002
0.002
0.002
0.002
0.002
0.002
0.002
0.002
0.002
-0.013242375601926164
-0.022873194221508828
-0.0
-0.028892455858747994
-0.06260032102728733
-0.034911717495987156
-0.010834670947030497
-0.009630818619582664
-0.05537720706260032
-0.026484751203852328
-0.01565008025682183
-0.0
-0.0
-0.001203852327447833
-0.0
-0.001203852327447833
-0.0
-0.0
-0.0
-0.0
0.002
0.002
0.002
1.0
0.002
0.002
0.002
0.002
0.002
0.002
0.002
0.002
0.002
0.002
0.002
0.002
0.002
0.002
0.002
0.002
0.002
0.002
0.002
0.002
0.002
0.002
0.002
0.002
0.002
0.002
-0.001203852327447833
-0.0
-0.22873194221508827
-0.0036115569823434992
-0.0
-0.0
-0.0
-0.0
-0.0
-0.0
-0.0
-0.0
-0.0
-0.0
-0.0
-0.0
-0.0
-0.0
-0.0
-0.0
0.002
0.002
0.002
0.002
1.0
0.002
0.002
0.002
0.002
0.002
0.002
0.002
0.002
0.002
0.002
0.002
0.002
0.002
0.002
0.002
0.002
0.002
0.002
0.002
0.002
0.002
0.002
0.002
0.002
0.002
-0.036115569823434994
-0.04695024077046549
-0.09871589085072231
-0.0
-0.0036115569823434992
-0.004815409309791332
-0.014446227929373997
-0.0
-0.0
-0.0
-0.002407704654895666
-0.004815409309791332
-0.0
-0.002407704654895666
-0.0
-0.0
-0.0072231139646869984
-0.0
-0.0
-0.0
0.002
0.002
0.002
0.002
0.002
1.0
0.002
0.002
0.002
0.002
0.002
0.002
0.002
0.002
0.002
0.002
0.002
0.002
0.002
0.002
0.002
0.002
0.002
0.002
0.002
0.002
0.002
0.002
0.002
0.002
-0.11316211878009631
-0.013242375601926164
-0.018057784911717497
-0.03009630818619583
-0.001203852327447833
-0.0
-0.0
-0.0
-0.0
-0.0
-0.0
-0.0
-0.002407704654895666
-0.0
-0.004815409309791332
-0.0
-0.0
-0.0
-0.004815409309791332
-0.0
0.002
0.002
0.002
0.002
0.002
0.002
1.0
0.002
0.002
0.002
0.002
0.002
0.002
0.002
0.002
0.002
0.002
0.002
0.002
0.002
0.002
0.002
0.002
0.002
0.002
0.002
0.002
0.002
0.002
0.002
-0.025280898876404494
-0.039727126805778494
-0.0
-0.025280898876404494
-0.010834670947030497
-0.0072231139646869984
-0.001203852327447833
-0.018057784911717497
-0.008426966292134831
-0.0
-0.0
-0.0036115569823434992
-0.001203852327447833
-0.0
-0.0072231139646869984
-0.0
-0.0
-0.002407704654895666
-0.0036115569823434992
-0.0036115569823434992
0.002
0.002
0.002
0.002
0.002
0.002
0.002
1.0
0.002
0.002
0.002
0.002
0.002
0.002
0.002
0.002
0.002
0.002
0.002
0.002
0.002
0.002
0.002
0.002
0.002
0.002
0.002
0.002
0.002
0.002
-0.08306581059390049
-0.001203852327447833
-0.0
-0.026484751203852328
-0.0072231139646869984
-0.0036115569823434992
-0.002407704654895666
-0.006019261637239166
-0.0
-0.0
-0.0036115569823434992
-0.0072231139646869984
-0.012038523274478331
-0.0
-0.0036115569823434992
-0.004815409309791332
-0.006019261637239166
-0.0
-0.0
-0.004815409309791332
0.002
0.002
0.002
0.002
0.002
0.002
0.002
0.002
1.0
0.002
0.002
0.002
0.002
0.002
0.002
0.002
0.002
0.002
0.002
0.002
0.002
0.002
0.002
0.002
0.002
0.002
0.002
0.002
0.002
0.002
-0.028892455858747994
-0.07343499197431781
-0.0
-0.021669341894060994
-0.002407704654895666
-0.014446227929373997
-0.002407704654895666
-0.014446227929373997
-0.002407704654895666
-0.004815409309791332
-0.0
-0.0
-0.0
-0.0
-0.0
-0.0
-0.0
-0.0
-0.0
-0.0
0.002
0.002
0.002
0.002
0.002
0.002
0.002
0.002
0.002
1.0
0.002
0.002
0.002
0.002
0.002
0.002
0.002
0.002
0.002
0.002
0.002
0.002
0.002
0.002
0.002
0.002
0.002
0.002
0.002
0.002
-0.03130016051364366
-0.07102728731942215
-0.0
-0.01565008025682183
-0.012038523274478331
-0.0
-0.0
-0.01565008025682183
-0.0
-0.0
-0.0
-0.001203852327447833
-0.001203852327447833
-0.0
-0.0
-0.001203852327447833
-0.0
-0.001203852327447833
-0.001203852327447833
-0.0
0.002
0.002
0.002
0.002
0.002
0.002
0.002
0.002
0.002
0.002
1.0
0.002
0.002
0.002
0.002
0.002
0.002
0.002
0.002
0.002
0.002
0.002
0.002
0.002
0.002
0.002
0.002
0.002
0.002
0.002
-0.0
-0.006019261637239166
-0.001203852327447833
-0.018057784911717497
-0.06019261637239166
-0.014446227929373997
-0.013242375601926164
-0.018057784911717497
-0.010834670947030497
-0.006019261637239166
-0.0036115569823434992
-0.0
-0.0
-0.0
-0.0
-0.0
-0.0
-0.0
-0.0
-0.0
0.002
0.002
0.002
0.002
0.002
0.002
0.002
0.002
0.002
0.002
0.002
1.0
0.002
0.002
0.002
0.002
0.002
0.002
0.002
0.002
0.002
0.002
0.002
0.002
0.002
0.002
0.002
0.002
0.002
0.002
-0.010834670947030497
-0.0036115569823434992
-0.001203852327447833
-0.021669341894060994
-0.0072231139646869984
-0.0
-0.0
-0.006019261637239166
-0.0
-0.0
-0.0036115569823434992
-0.002407704654895666
-0.008426966292134831
-0.028892455858747994
-0.009630818619582664
-0.0036115569823434992
-0.0
-0.0072231139646869984
-0.0072231139646869984
-0.002407704654895666
0.002
0.002
0.002
0.002
0.002
0.002
0.002
0.002
0.002
0.002
0.002
0.002
1.0
0.002
0.002
0.002
0.002
0.002
0.002
0.002
0.002
0.002
0.002
0.002
0.002
0.002
0.002
0.002
0.002
0.002
-0.018057784911717497
-0.014446227929373997
-0.001203852327447833
-0.026484751203852328
-0.002407704654895666
-0.004815409309791332
-0.0
-0.0072231139646869984
-0.002407704654895666
-0.0
-0.0
-0.0036115569823434992
-0.010834670947030497
-0.002407704654895666
-0.0072231139646869984
-0.002407704654895666
-0.001203852327447833
-0.002407704654895666
-0.0036115569823434992
-0.002407704654895666
0.002
0.002
0.002
0.002
0.002
0.002
0.002
0.002
0.002
0.002
0.002
0.002
0.002
1.0
0.002
0.002
0.002
0.002
0.002
0.002
0.002
0.002
0.002
0.002
0.002
0.002
0.002
0.002
0.002
0.002
-0.004815409309791332
-0.022873194221508828
-0.0
-0.010834670947030497
-0.001203852327447833
-0.001203852327447833
-0.0
-0.013242375601926164
-0.0
-0.0
-0.0
-0.0
-0.0
-0.0
-0.0
-0.0
-0.0
-0.0
-0.0
-0.0
0.002
0.002
0.002
0.002
0.002
0.002
0.002
0.002
0.002
0.002
0.002
0.002
0.002
0.002
1.0
0.002
0.002
0.002
0.002
0.002
0.002
0.002
0.002
0.002
0.002
0.002
0.002
0.002
0.002
0.002
-0.033707865168539325
-0.001203852327447833
-0.0
-0.002407704654895666
-0.001203852327447833
-0.002407704654895666
-0.0036115569823434992
-0.002407704654895666
-0.0
-0.0
-0.0
-0.0
-0.0
-0.0
-0.0
-0.001203852327447833
-0.0
-0.0
-0.0
-0.001203852327447833
0.002
0.002
0.002
0.002
0.002
0.002
0.002
0.002
0.002
0.002
0.002
0.002
0.002
0.002
0.002
1.0
0.002
0.002
0.002
0.002
0.002
0.002
0.002
0.002
0.002
0.002
0.002
0.002
0.002
0.002
-0.0036115569823434992
-0.001203852327447833
-0.0
-0.002407704654895666
-0.006019261637239166
-0.001203852327447833
-0.004815409309791332
-0.013242375601926164
-0.0
-0.0
-0.002407704654895666
-0.001203852327447833
-0.002407704654895666
-0.0
-0.0
-0.0
-0.0
-0.0
-0.0
-0.0
0.002
0.002
0.002
0.002
0.002
0.002
0.002
0.002
0.002
0.002
0.002
0.002
0.002
0.002
0.002
0.002
1.0
0.002
0.002
0.002
0.002
0.002
0.002
0.002
0.002
0.002
0.002
0.002
0.002
0.002
-0.012038523274478331
-0.004815409309791332
-0.0
-0.009630818619582664
-0.0
-0.0
-0.0
-0.0
-0.0
-0.0
-0.0
-0.001203852327447833
-0.0
-0.0
-0.0036115569823434992
-0.0
-0.0
-0.0036115569823434992
-0.0
-0.001203852327447833
0.002
0.002
0.002
0.002
0.002
0.002
0.002
0.002
0.002
0.002
0.002
0.002
0.002
0.002
0.002
0.002
0.002
1.0
0.002
0.002
0.002
0.002
0.002
0.002
0.002
0.002
0.002
0.002
0.002
0.002
-0.0072231139646869984
-0.006019261637239166
-0.0036115569823434992
-0.001203852327447833
-0.008426966292134831
-0.0
-0.002407704654895666
-0.0
-0.002407704654895666
-0.0
-0.0
-0.0
-0.0
-0.0
-0.001203852327447833
-0.0
-0.0
-0.0
-0.0
-0.0
0.002
0.002
0.002
0.002
0.002
0.002
0.002
0.002
0.002
0.002
0.002
0.002
0.002
0.002
0.002
0.002
0.002
0.002
1.0
0.002
0.002
0.002
0.002
0.002
0.002
0.002
0.002
0.002
0.002
0.002
-0.0
-0.0036115569823434992
-0.0
-0.0036115569823434992
-0.002407704654895666
-0.0072231139646869984
-0.001203852327447833
-0.004815409309791332
-0.008426966292134831
-0.0
-0.0
-0.0
-0.0
-0.0
-0.0
-0.0
-0.0
-0.001203852327447833
-0.0
-0.0
0.002
0.002
0.002
0.002
0.002
0.002
0.002
0.002
0.002
0.002
0.002
0.002
0.002
0.002
0.002
0.002
0.002
0.002
0.002
1.0
0.002
0.002
0.002
0.002
0.002
0.002
0.002
0.002
0.002
0.002
-0.0036115569823434992
-0.010834670947030497
-0.0
-0.0
-0.0
-0.001203852327447833
-0.013242375601926164
-0.0
-0.0
-0.0
-0.0
-0.0
-0.0
-0.001203852327447833
-0.0
-0.0
-0.0
-0.0
-0.0
-0.0
0.002
0.002
0.002
0.002
0.002
0.002
0.002
0.002
0.002
0.002
0.002
0.002
0.002
0.002
0.002
0.002
0.002
0.002
0.002
0.002
1.0
0.002
0.002
0.002
0.002
0.002
0.002
0.002
0.002
0.002
-0.0036115569823434992
-0.001203852327447833
-0.004815409309791332
-0.0
-0.002407704654895666
-0.001203852327447833
-0.006019261637239166
-0.0
-0.0072231139646869984
-0.0
-0.0
-0.0
-0.0
-0.001203852327447833
-0.0
-0.0
-0.002407704654895666
-0.0
-0.0
-0.0
0.002
0.002
0.002
0.002
0.002
0.002
0.002
0.002
0.002
0.002
0.002
0.002
0.002
0.002
0.002
0.002
0.002
0.002
0.002
0.002
0.002
1.0
0.002
0.002
0.002
0.002
0.002
0.002
0.002
0.002
-0.0
-0.0
-0.0
-0.0036115569823434992
-0.009630818619582664
-0.0
-0.0
-0.0
-0.0
-0.0
-0.0
-0.0
-0.0
-0.001203852327447833
-0.0
-0.0
-0.0
-0.0
-0.0
-0.0
0.002
0.002
0.002
0.002
0.002
0.002
0.002
0.002
0.002
0.002
0.002
0.002
0.002
0.002
0.002
0.002
0.002
0.002
0.002
0.002
0.002
0.002
1.0
0.002
0.002
0.002
0.002
0.002
0.002
0.002
-0.0072231139646869984
-0.006019261637239166
-0.0
-0.0036115569823434992
-0.0
-0.0
-0.0
-0.006019261637239166
-0.0
-0.0
-0.0
-0.0
-0.0
-0.0
-0.0
-0.0
-0.0
-0.0
-0.0
-0.0
0.002
0.002
0.002
0.002
0.002
0.002
0.002
0.002
0.002
0.002
0.002
0.002
0.002
0.002
0.002
0.002
0.002
0.002
0.002
0.002
0.002
0.002
0.002
1.0
0.002
0.002
0.002
0.002
0.002
0.002
-0.0036115569823434992
-0.0072231139646869984
-0.0036115569823434992
-0.0036115569823434992
-0.0
-0.0
-0.001203852327447833
-0.0
-0.0
-0.0
-0.0
-0.0
-0.0
-0.0
-0.0
-0.0
-0.0
-0.001203852327447833
-0.0
-0.0
0.002
0.002
0.002
0.002
0.002
0.002
0.002
0.002
0.002
0.002
0.002
0.002
0.002
0.002
0.002
0.002
0.002
0.002
0.002
0.002
0.002
0.002
0.002
0.002
1.0
0.002
0.002
0.002
0.002
0.002
-0.016853932584269662
-0.0
-0.0
-0.0
-0.0
-0.0
-0.0
-0.0
-0.0
-0.0
-0.0
-0.0
-0.0
-0.0
-0.0
-0.0
-0.0
-0.0
-0.0
-0.0
0.002
0.002
0.002
0.002
0.002
0.002
0.002
0.002
0.002
0.002
0.002
0.002
0.002
0.002
0.002
0.002
0.002
0.002
0.002
0.002
0.002
0.002
0.002
0.002
0.002
1.0
0.002
0.002
0.002
0.002
-0.0036115569823434992
-0.002407704654895666
-0.008426966292134831
-0.0
-0.0
-0.0
-0.0
-0.0
-0.0
-0.001203852327447833
-0.0
-0.0
-0.0
-0.0
-0.001203852327447833
-0.0
-0.0
-0.0
-0.0
-0.0
0.002
0.002
0.002
0.002
0.002
0.002
0.002
0.002
0.002
0.002
0.002
0.002
0.002
0.002
0.002
0.002
0.002
0.002
0.002
0.002
0.002
0.002
0.002
0.002
0.002
0.002
1.0
0.002
0.002
0.002
-0.001203852327447833
-0.004815409309791332
-0.001203852327447833
-0.008426966292134831
-0.0
-0.0
-0.0
-0.0
-0.0
-0.0
-0.0
-0.0
-0.0
-0.0
-0.0
-0.0
-0.0
-0.0
-0.001203852327447833
-0.0
0.002
0.002
0.002
0.002
0.002
0.002
0.002
0.002
0.002
0.002
0.002
0.002
0.002
0.002
0.002
0.002
0.002
0.002
0.002
0.002
0.002
0.002
0.002
0.002
0.002
0.002
0.002
1.0
0.002
0.002
-0.001203852327447833
-0.006019261637239166
-0.001203852327447833
-0.001203852327447833
-0.0
-0.0
-0.0
-0.0
-0.0
-0.0
-0.0
-0.0
-0.0
-0.0
-0.001203852327447833
-0.0
-0.0
-0.0
-0.001203852327447833
-0.002407704654895666
0.002
0.002
0.002
0.002
0.002
0.002
0.002
0.002
0.002
0.002
0.002
0.002
0.002
0.002
0.002
0.002
0.002
0.002
0.002
0.002
0.002
0.002
0.002
0.002
0.002
0.002
0.002
0.002
1.0
0.002
-0.008426966292134831
-0.0
-0.002407704654895666
-0.0
-0.0
-0.0
-0.0
-0.0
-0.0
-0.0
-0.0
-0.0
-0.0
-0.0
-0.0
-0.002407704654895666
-0.0
-0.0
-0.0
-0.0
0.002
0.002
0.002
0.002
0.002
0.002
0.002
0.002
0.002
0.002
0.002
0.002
0.002
0.002
0.002
0.002
0.002
0.002
0.002
0.002
0.002
0.002
0.002
0.002
0.002
0.002
0.002
0.002
0.002
1.0
