1.0
0.01
0.01
0.01
0.01
0.01
0.01
0.01
0.01
0.01
-0.0
-0.0
-0.0
-0.0008748268571845155
-0.0
-0.000991470438142451
-0.0
-0.0011081140191003863
-0.0
-0.0012247576000583218
0.01
1.0
0.01
0.01
0.01
0.01
0.01
0.01
0.01
0.01
-0.0007581832762265802
-0.0008165050667055479
-0.0
-0.0
-0.0
-0.0010497922286214186
-0.0
-0.0
-0.0
-0.0
0.01
0.01
1.0
0.01
0.01
0.01
0.01
0.01
0.01
0.01
-0.0008165050667055479
-0.0008748268571845155
-0.0009331486476634832
-0.0
-0.0
-0.0
-0.0
-0.0012247576000583218
-0.0012830793905372895
-0.0
0.01
0.01
0.01
1.0
0.01
0.01
0.01
0.01
0.01
0.01
-0.0008748268571845155
-0.0009331486476634832
-0.0
-0.0
-0.0
-0.0
-0.0
-0.0
-0.0
-0.001399722971495225
0.01
0.01
0.01
0.01
1.0
0.01
0.01
0.01
0.01
0.01
-0.0009331486476634832
-0.0
-0.0010497922286214186
-0.0
-0.001166435809579354
-0.0
-0.0
-0.0013414011810162572
-0.0
-0.0
0.01
0.01
0.01
0.01
0.01
1.0
0.01
0.01
0.01
0.01
-0.000991470438142451
-0.0
-0.0011081140191003863
-0.001166435809579354
-0.0012247576000583218
-0.0
-0.0
-0.0
-0.0014580447619741926
-0.0
0.01
0.01
0.01
0.01
0.01
0.01
1.0
0.01
0.01
0.01
-0.0
-0.0
-0.001166435809579354
-0.0012247576000583218
-0.0
-0.0
-0.0
-0.0014580447619741926
-0.0015163665524531604
-0.0
0.01
0.01
0.01
0.01
0.01
0.01
0.01
1.0
0.01
0.01
-0.0011081140191003863
-0.0
-0.0
-0.0012830793905372895
-0.0
-0.0
-0.0
-0.0
-0.0
-0.0016330101334110958
0.01
0.01
0.01
0.01
0.01
0.01
0.01
0.01
1.0
0.01
-0.001166435809579354
-0.0012247576000583218
-0.0
-0.0
-0.0
-0.0
-0.0
-0.0
-0.0
-0.0
0.01
0.01
0.01
0.01
0.01
0.01
0.01
0.01
0.01
1.0
-0.0
-0.0012830793905372895
-0.0
-0.0
-0.0
-0.0
-0.001574688342932128
-0.0
-0.0
-0.0
-0.0
-0.0007581832762265802
-0.0008165050667055479
-0.0008748268571845155
-0.0009331486476634832
-0.000991470438142451
-0.0
-0.0011081140191003863
-0.001166435809579354
-0.0
1.0
0.01
0.01
0.01
0.01
0.01
0.01
0.01
0.01
0.01
-0.0
-0.0008165050667055479
-0.0008748268571845155
-0.0009331486476634832
-0.0
-0.0
-0.0
-0.0
-0.0012247576000583218
-0.0012830793905372895
0.01
1.0
0.01
0.01
0.01
0.01
0.01
0.01
0.01
0.01
-0.0
-0.0
-0.0009331486476634832
-0.0
-0.0010497922286214186
-0.0011081140191003863
-0.001166435809579354
-0.0
-0.0
-0.0
0.01
0.01
1.0
0.01
0.01
0.01
0.01
0.01
0.01
0.01
-0.0008748268571845155
-0.0
-0.0
-0.0
-0.0
-0.001166435809579354
-0.0012247576000583218
-0.0012830793905372895
-0.0
-0.0
0.01
0.01
0.01
1.0
0.01
0.01
0.01
0.01
0.01
0.01
-0.0
-0.0
-0.0
-0.0
-0.001166435809579354
-0.0012247576000583218
-0.0
-0.0
-0.0
-0.0
0.01
0.01
0.01
0.01
1.0
0.01
0.01
0.01
0.01
0.01
-0.000991470438142451
-0.0010497922286214186
-0.0
-0.0
-0.0
-0.0
-0.0
-0.0
-0.0
-0.0
0.01
0.01
0.01
0.01
0.01
1.0
0.01
0.01
0.01
0.01
-0.0
-0.0
-0.0
-0.0
-0.0
-0.0
-0.0
-0.0
-0.0
-0.001574688342932128
0.01
0.01
0.01
0.01
0.01
0.01
1.0
0.01
0.01
0.01
-0.0011081140191003863
-0.0
-0.0012247576000583218
-0.0
-0.0013414011810162572
-0.0
-0.0014580447619741926
-0.0
-0.0
-0.0
0.01
0.01
0.01
0.01
0.01
0.01
0.01
1.0
0.01
0.01
-0.0
-0.0
-0.0012830793905372895
-0.0
-0.0
-0.0014580447619741926
-0.0015163665524531604
-0.0
-0.0
-0.0
0.01
0.01
0.01
0.01
0.01
0.01
0.01
0.01
1.0
0.01
-0.0012247576000583218
-0.0
-0.0
-0.001399722971495225
-0.0
-0.0
-0.0
-0.0016330101334110958
-0.0
-0.0
0.01
0.01
0.01
0.01
0.01
0.01
0.01
0.01
0.01
1.0
