1.0
0.01
0.01
0.01
0.01
0.01
0.01
0.01
0.01
0.01
-0.29545454545454547
-0.25
-0.0
-0.09090909090909091
-0.022727272727272728
-0.0
-0.0
-0.09090909090909091
-0.0
-0.0
0.01
1.0
0.01
0.01
0.01
0.01
0.01
0.01
0.01
0.01
-0.06818181818181818
-0.06818181818181818
-0.0
-0.0
-0.11363636363636363
-0.0
-0.0
-0.0
-0.0
-0.045454545454545456
0.01
0.01
1.0
0.01
0.01
0.01
0.01
0.01
0.01
0.01
-0.0
-0.13636363636363635
-0.06818181818181818
-0.09090909090909091
-0.0
-0.0
-0.0
-0.0
-0.045454545454545456
-0.0
0.01
0.01
0.01
1.0
0.01
0.01
0.01
0.01
0.01
0.01
-0.0
-0.0
-0.25
-0.045454545454545456
-0.0
-0.0
-0.0
-0.0
-0.0
-0.0
0.01
0.01
0.01
0.01
1.0
0.01
0.01
0.01
0.01
0.01
-0.13636363636363635
-0.0
-0.0
-0.09090909090909091
-0.0
-0.0
-0.0
-0.0
-0.045454545454545456
-0.0
0.01
0.01
0.01
0.01
0.01
1.0
0.01
0.01
0.01
0.01
-0.022727272727272728
-0.0
-0.045454545454545456
-0.022727272727272728
-0.0
-0.0
-0.0
-0.0
-0.0
-0.0
0.01
0.01
0.01
0.01
0.01
0.01
1.0
0.01
0.01
0.01
-0.022727272727272728
-0.045454545454545456
-0.022727272727272728
-0.0
-0.0
-0.0
-0.0
-0.0
-0.0
-0.0
0.01
0.01
0.01
0.01
0.01
0.01
0.01
1.0
0.01
0.01
-0.0
-0.0
-0.0
-0.0
-0.0
-0.06818181818181818
-0.0
-0.0
-0.0
-0.0
0.01
0.01
0.01
0.01
0.01
0.01
0.01
0.01
1.0
0.01
-0.022727272727272728
-0.022727272727272728
-0.0
-0.0
-0.0
-0.0
-0.0
-0.0
-0.0
-0.0
0.01
0.01
0.01
0.01
0.01
0.01
0.01
0.01
0.01
1.0
-0.0
-0.022727272727272728
-0.0
-0.022727272727272728
-0.0
-0.0
-0.0
-0.0
-0.0
-0.0
-0.29545454545454547
-0.06818181818181818
-0.0
-0.0
-0.13636363636363635
-0.022727272727272728
-0.022727272727272728
-0.0
-0.022727272727272728
-0.0
1.0
0.01
0.01
0.01
0.01
0.01
0.01
0.01
0.01
0.01
-0.25
-0.06818181818181818
-0.13636363636363635
-0.0
-0.0
-0.0
-0.045454545454545456
-0.0
-0.022727272727272728
-0.022727272727272728
0.01
1.0
0.01
0.01
0.01
0.01
0.01
0.01
0.01
0.01
-0.0
-0.0
-0.06818181818181818
-0.25
-0.0
-0.045454545454545456
-0.022727272727272728
-0.0
-0.0
-0.0
0.01
0.01
1.0
0.01
0.01
0.01
0.01
0.01
0.01
0.01
-0.09090909090909091
-0.0
-0.09090909090909091
-0.045454545454545456
-0.09090909090909091
-0.022727272727272728
-0.0
-0.0
-0.0
-0.022727272727272728
0.01
0.01
0.01
1.0
0.01
0.01
0.01
0.01
0.01
0.01
-0.022727272727272728
-0.11363636363636363
-0.0
-0.0
-0.0
-0.0
-0.0
-0.0
-0.0
-0.0
0.01
0.01
0.01
0.01
1.0
0.01
0.01
0.01
0.01
0.01
-0.0
-0.0
-0.0
-0.0
-0.0
-0.0
-0.0
-0.06818181818181818
-0.0
-0.0
0.01
0.01
0.01
0.01
0.01
1.0
0.01
0.01
0.01
0.01
-0.0
-0.0
-0.0
-0.0
-0.0
-0.0
-0.0
-0.0
-0.0
-0.0
0.01
0.01
0.01
0.01
0.01
0.01
1.0
0.01
0.01
0.01
-0.09090909090909091
-0.0
-0.0
-0.0
-0.0
-0.0
-0.0
-0.0
-0.0
-0.0
0.01
0.01
0.01
0.01
0.01
0.01
0.01
1.0
0.01
0.01
-0.0
-0.0
-0.045454545454545456
-0.0
-0.045454545454545456
-0.0
-0.0
-0.0
-0.0
-0.0
0.01
0.01
0.01
0.01
0.01
0.01
0.01
0.01
1.0
0.01
-0.0
-0.045454545454545456
-0.0
-0.0
-0.0
-0.0
-0.0
-0.0
-0.0
-0.0
0.01
0.01
0.01
0.01
0.01
0.01
0.01
0.01
0.01
1.0
