1.0
0.01
0.01
0.01
0.01
0.01
0.01
0.01
0.01
0.01
-0.12096774193548387
-0.06048387096774194
-0.14516129032258066
-0.0846774193548387
-0.06048387096774194
-0.14516129032258066
-0.07258064516129033
-0.024193548387096774
-0.0
-0.036290322580645164
0.01
1.0
0.01
0.01
0.01
0.01
0.01
0.01
0.01
0.01
-0.1935483870967742
-0.012096774193548387
-0.024193548387096774
-0.0
-0.024193548387096774
-0.0
-0.036290322580645164
-0.012096774193548387
-0.012096774193548387
-0.06048387096774194
0.01
0.01
1.0
0.01
0.01
0.01
0.01
0.01
0.01
0.01
-0.14516129032258066
-0.0
-0.0846774193548387
-0.0
-0.04838709677419355
-0.0
-0.0
-0.0
-0.0
-0.0
0.01
0.01
0.01
1.0
0.01
0.01
0.01
0.01
0.01
0.01
-0.06048387096774194
-0.024193548387096774
-0.13306451612903225
-0.0
-0.024193548387096774
-0.024193548387096774
-0.012096774193548387
-0.024193548387096774
-0.0
-0.012096774193548387
0.01
0.01
0.01
0.01
1.0
0.01
0.01
0.01
0.01
0.01
-0.0
-0.012096774193548387
-0.0
-0.0967741935483871
-0.0
-0.0
-0.036290322580645164
-0.0
-0.07258064516129033
-0.0
0.01
0.01
0.01
0.01
0.01
1.0
0.01
0.01
0.01
0.01
-0.0
-0.024193548387096774
-0.0
-0.04838709677419355
-0.06048387096774194
-0.0967741935483871
-0.0
-0.0
-0.0
-0.0
0.01
0.01
0.01
0.01
0.01
0.01
1.0
0.01
0.01
0.01
-0.0846774193548387
-0.012096774193548387
-0.012096774193548387
-0.036290322580645164
-0.024193548387096774
-0.024193548387096774
-0.036290322580645164
-0.0
-0.0
-0.012096774193548387
0.01
0.01
0.01
0.01
0.01
0.01
0.01
1.0
0.01
0.01
-0.036290322580645164
-0.012096774193548387
-0.024193548387096774
-0.0846774193548387
-0.0
-0.024193548387096774
-0.0
-0.0
-0.0
-0.0
0.01
0.01
0.01
0.01
0.01
0.01
0.01
0.01
1.0
0.01
-0.0
-0.07258064516129033
-0.0
-0.0
-0.012096774193548387
-0.012096774193548387
-0.0
-0.0
-0.0
-0.0
0.01
0.01
0.01
0.01
0.01
0.01
0.01
0.01
0.01
1.0
-0.0
-0.0
-0.0
-0.10887096774193548
-0.0
-0.0
-0.06048387096774194
-0.0
-0.0
-0.0
-0.12096774193548387
-0.1935483870967742
-0.14516129032258066
-0.06048387096774194
-0.0
-0.0
-0.0846774193548387
-0.036290322580645164
-0.0
-0.0
1.0
0.01
0.01
0.01
0.01
0.01
0.01
0.01
0.01
0.01
-0.06048387096774194
-0.012096774193548387
-0.0
-0.024193548387096774
-0.012096774193548387
-0.024193548387096774
-0.012096774193548387
-0.012096774193548387
-0.07258064516129033
-0.0
0.01
1.0
0.01
0.01
0.01
0.01
0.01
0.01
0.01
0.01
-0.14516129032258066
-0.024193548387096774
-0.0846774193548387
-0.13306451612903225
-0.0
-0.0
-0.012096774193548387
-0.024193548387096774
-0.0
-0.0
0.01
0.01
1.0
0.01
0.01
0.01
0.01
0.01
0.01
0.01
-0.0846774193548387
-0.0
-0.0
-0.0
-0.0967741935483871
-0.04838709677419355
-0.036290322580645164
-0.0846774193548387
-0.0
-0.10887096774193548
0.01
0.01
0.01
1.0
0.01
0.01
0.01
0.01
0.01
0.01
-0.06048387096774194
-0.024193548387096774
-0.04838709677419355
-0.024193548387096774
-0.0
-0.06048387096774194
-0.024193548387096774
-0.0
-0.012096774193548387
-0.0
0.01
0.01
0.01
0.01
1.0
0.01
0.01
0.01
0.01
0.01
-0.14516129032258066
-0.0
-0.0
-0.024193548387096774
-0.0
-0.0967741935483871
-0.024193548387096774
-0.024193548387096774
-0.012096774193548387
-0.0
0.01
0.01
0.01
0.01
0.01
1.0
0.01
0.01
0.01
0.01
-0.07258064516129033
-0.036290322580645164
-0.0
-0.012096774193548387
-0.036290322580645164
-0.0
-0.036290322580645164
-0.0
-0.0
-0.06048387096774194
0.01
0.01
0.01
0.01
0.01
0.01
1.0
0.01
0.01
0.01
-0.024193548387096774
-0.012096774193548387
-0.0
-0.024193548387096774
-0.0
-0.0
-0.0
-0.0
-0.0
-0.0
0.01
0.01
0.01
0.01
0.01
0.01
0.01
1.0
0.01
0.01
-0.0
-0.012096774193548387
-0.0
-0.0
-0.07258064516129033
-0.0
-0.0
-0.0
-0.0
-0.0
0.01
0.01
0.01
0.01
0.01
0.01
0.01
0.01
1.0
0.01
-0.036290322580645164
-0.06048387096774194
-0.0
-0.012096774193548387
-0.0
-0.0
-0.012096774193548387
-0.0
-0.0
-0.0
0.01
0.01
0.01
0.01
0.01
0.01
0.01
0.01
0.01
1.0
