1.0
0.01
0.01
0.01
0.01
0.01
0.01
0.01
0.01
0.01
-0.16171477079796265
-0.19482173174872666
-0.09422750424448217
-0.02164685908319185
-0.10186757215619695
-0.04456706281833616
-0.02928692699490662
-0.06621392190152801
-0.02164685908319185
-0.01400679117147708
0.01
1.0
0.01
0.01
0.01
0.01
0.01
0.01
0.01
0.01
-0.09168081494057725
-0.02164685908319185
-0.039473684210526314
-0.0
-0.006366723259762309
-0.022920203735144314
-0.022920203735144314
-0.0038200339558573855
-0.03310696095076401
-0.0
0.01
0.01
1.0
0.01
0.01
0.01
0.01
0.01
0.01
0.01
-0.04966044142614601
-0.0012733446519524619
-0.01400679117147708
-0.036926994906621394
-0.0432937181663837
-0.0012733446519524619
-0.0038200339558573855
-0.016553480475382003
-0.0025466893039049238
-0.03438030560271647
0.01
0.01
0.01
1.0
0.01
0.01
0.01
0.01
0.01
0.01
-0.06112054329371817
-0.0
-0.02164685908319185
-0.008913412563667233
-0.015280135823429542
-0.01400679117147708
-0.0038200339558573855
-0.0012733446519524619
-0.010186757215619695
-0.0038200339558573855
0.01
0.01
0.01
0.01
1.0
0.01
0.01
0.01
0.01
0.01
-0.016553480475382003
-0.006366723259762309
-0.0012733446519524619
-0.0
-0.0025466893039049238
-0.06239388794567063
-0.0
-0.0050933786078098476
-0.04202037351443124
-0.0
0.01
0.01
0.01
0.01
0.01
1.0
0.01
0.01
0.01
0.01
-0.016553480475382003
-0.0
-0.0
-0.0
-0.016553480475382003
-0.017826825127334467
-0.0
-0.02037351443123939
-0.0012733446519524619
-0.01400679117147708
0.01
0.01
0.01
0.01
0.01
0.01
1.0
0.01
0.01
0.01
-0.007640067911714771
-0.0025466893039049238
-0.016553480475382003
-0.006366723259762309
-0.0050933786078098476
-0.015280135823429542
-0.011460101867572157
-0.0050933786078098476
-0.011460101867572157
-0.0
0.01
0.01
0.01
0.01
0.01
0.01
0.01
1.0
0.01
0.01
-0.0025466893039049238
-0.0
-0.012733446519524618
-0.036926994906621394
-0.007640067911714771
-0.0
-0.0038200339558573855
-0.0025466893039049238
-0.0
-0.0038200339558573855
0.01
0.01
0.01
0.01
0.01
0.01
0.01
0.01
1.0
0.01
-0.0
-0.0
-0.0
-0.04838709677419355
-0.0
-0.0
-0.008913412563667233
-0.0
-0.0
-0.0
0.01
0.01
0.01
0.01
0.01
0.01
0.01
0.01
0.01
1.0
-0.0
-0.017826825127334467
-0.0
-0.0
-0.0
-0.0
-0.036926994906621394
-0.0
-0.0
-0.0
-0.16171477079796265
-0.09168081494057725
-0.04966044142614601
-0.06112054329371817
-0.016553480475382003
-0.016553480475382003
-0.007640067911714771
-0.0025466893039049238
-0.0
-0.0
1.0
0.01
0.01
0.01
0.01
0.01
0.01
0.01
0.01
0.01
-0.19482173174872666
-0.02164685908319185
-0.0012733446519524619
-0.0
-0.006366723259762309
-0.0
-0.0025466893039049238
-0.0
-0.0
-0.017826825127334467
0.01
1.0
0.01
0.01
0.01
0.01
0.01
0.01
0.01
0.01
-0.09422750424448217
-0.039473684210526314
-0.01400679117147708
-0.02164685908319185
-0.0012733446519524619
-0.0
-0.016553480475382003
-0.012733446519524618
-0.0
-0.0
0.01
0.01
1.0
0.01
0.01
0.01
0.01
0.01
0.01
0.01
-0.02164685908319185
-0.0
-0.036926994906621394
-0.008913412563667233
-0.0
-0.0
-0.006366723259762309
-0.036926994906621394
-0.04838709677419355
-0.0
0.01
0.01
0.01
1.0
0.01
0.01
0.01
0.01
0.01
0.01
-0.10186757215619695
-0.006366723259762309
-0.0432937181663837
-0.015280135823429542
-0.0025466893039049238
-0.016553480475382003
-0.0050933786078098476
-0.007640067911714771
-0.0
-0.0
0.01
0.01
0.01
0.01
1.0
0.01
0.01
0.01
0.01
0.01
-0.04456706281833616
-0.022920203735144314
-0.0012733446519524619
-0.01400679117147708
-0.06239388794567063
-0.017826825127334467
-0.015280135823429542
-0.0
-0.0
-0.0
0.01
0.01
0.01
0.01
0.01
1.0
0.01
0.01
0.01
0.01
-0.02928692699490662
-0.022920203735144314
-0.0038200339558573855
-0.0038200339558573855
-0.0
-0.0
-0.011460101867572157
-0.0038200339558573855
-0.008913412563667233
-0.036926994906621394
0.01
0.01
0.01
0.01
0.01
0.01
1.0
0.01
0.01
0.01
-0.06621392190152801
-0.0038200339558573855
-0.016553480475382003
-0.0012733446519524619
-0.0050933786078098476
-0.02037351443123939
-0.0050933786078098476
-0.0025466893039049238
-0.0
-0.0
0.01
0.01
0.01
0.01
0.01
0.01
0.01
1.0
0.01
0.01
-0.02164685908319185
-0.03310696095076401
-0.0025466893039049238
-0.010186757215619695
-0.04202037351443124
-0.0012733446519524619
-0.011460101867572157
-0.0
-0.0
-0.0
0.01
0.01
0.01
0.01
0.01
0.01
0.01
0.01
1.0
0.01
-0.01400679117147708
-0.0
-0.03438030560271647
-0.0038200339558573855
-0.0
-0.01400679117147708
-0.0
-0.0038200339558573855
-0.0
-0.0
0.01
0.01
0.01
0.01
0.01
0.01
0.01
0.01
0.01
1.0
