1.0
0.01
0.01
0.01
0.01
0.01
0.01
0.01
0.01
0.01
-0.34459459459459457
-0.08108108108108109
-0.10135135135135136
-0.04054054054054054
-0.10135135135135136
-0.02027027027027027
-0.04054054054054054
-0.02027027027027027
-0.0
-0.0
0.01
1.0
0.01
0.01
0.01
0.01
0.01
0.01
0.01
0.01
-0.0
-0.2635135135135135
-0.10135135135135136
-0.0
-0.0
-0.02027027027027027
-0.0
-0.02027027027027027
-0.04054054054054054
-0.0
0.01
0.01
1.0
0.01
0.01
0.01
0.01
0.01
0.01
0.01
-0.14189189189189189
-0.0
-0.0
-0.08108108108108109
-0.02027027027027027
-0.08108108108108109
-0.0
-0.0
-0.0
-0.0
0.01
0.01
0.01
1.0
0.01
0.01
0.01
0.01
0.01
0.01
-0.0
-0.04054054054054054
-0.060810810810810814
-0.0
-0.0
-0.0
-0.0
-0.0
-0.0
-0.0
0.01
0.01
0.01
0.01
1.0
0.01
0.01
0.01
0.01
0.01
-0.02027027027027027
-0.060810810810810814
-0.0
-0.02027027027027027
-0.0
-0.0
-0.0
-0.0
-0.0
-0.0
0.01
0.01
0.01
0.01
0.01
1.0
0.01
0.01
0.01
0.01
-0.0
-0.0
-0.0
-0.060810810810810814
-0.0
-0.02027027027027027
-0.0
-0.0
-0.0
-0.02027027027027027
0.01
0.01
0.01
0.01
0.01
0.01
1.0
0.01
0.01
0.01
-0.0
-0.02027027027027027
-0.02027027027027027
-0.0
-0.04054054054054054
-0.0
-0.0
-0.0
-0.0
-0.0
0.01
0.01
0.01
0.01
0.01
0.01
0.01
1.0
0.01
0.01
-0.02027027027027027
-0.0
-0.0
-0.04054054054054054
-0.0
-0.0
-0.0
-0.0
-0.0
-0.0
0.01
0.01
0.01
0.01
0.01
0.01
0.01
0.01
1.0
0.01
-0.0
-0.02027027027027027
-0.02027027027027027
-0.0
-0.0
-0.0
-0.02027027027027027
-0.0
-0.0
-0.0
0.01
0.01
0.01
0.01
0.01
0.01
0.01
0.01
0.01
1.0
-0.02027027027027027
-0.0
-0.0
-0.0
-0.0
-0.0
-0.0
-0.0
-0.0
-0.0
-0.34459459459459457
-0.0
-0.14189189189189189
-0.0
-0.02027027027027027
-0.0
-0.0
-0.02027027027027027
-0.0
-0.02027027027027027
1.0
0.01
0.01
0.01
0.01
0.01
0.01
0.01
0.01
0.01
-0.08108108108108109
-0.2635135135135135
-0.0
-0.04054054054054054
-0.060810810810810814
-0.0
-0.02027027027027027
-0.0
-0.02027027027027027
-0.0
0.01
1.0
0.01
0.01
0.01
0.01
0.01
0.01
0.01
0.01
-0.10135135135135136
-0.10135135135135136
-0.0
-0.060810810810810814
-0.0
-0.0
-0.02027027027027027
-0.0
-0.02027027027027027
-0.0
0.01
0.01
1.0
0.01
0.01
0.01
0.01
0.01
0.01
0.01
-0.04054054054054054
-0.0
-0.08108108108108109
-0.0
-0.02027027027027027
-0.060810810810810814
-0.0
-0.04054054054054054
-0.0
-0.0
0.01
0.01
0.01
1.0
0.01
0.01
0.01
0.01
0.01
0.01
-0.10135135135135136
-0.0
-0.02027027027027027
-0.0
-0.0
-0.0
-0.04054054054054054
-0.0
-0.0
-0.0
0.01
0.01
0.01
0.01
1.0
0.01
0.01
0.01
0.01
0.01
-0.02027027027027027
-0.02027027027027027
-0.08108108108108109
-0.0
-0.0
-0.02027027027027027
-0.0
-0.0
-0.0
-0.0
0.01
0.01
0.01
0.01
0.01
1.0
0.01
0.01
0.01
0.01
-0.04054054054054054
-0.0
-0.0
-0.0
-0.0
-0.0
-0.0
-0.0
-0.02027027027027027
-0.0
0.01
0.01
0.01
0.01
0.01
0.01
1.0
0.01
0.01
0.01
-0.02027027027027027
-0.02027027027027027
-0.0
-0.0
-0.0
-0.0
-0.0
-0.0
-0.0
-0.0
0.01
0.01
0.01
0.01
0.01
0.01
0.01
1.0
0.01
0.01
-0.0
-0.04054054054054054
-0.0
-0.0
-0.0
-0.0
-0.0
-0.0
-0.0
-0.0
0.01
0.01
0.01
0.01
0.01
0.01
0.01
0.01
1.0
0.01
-0.0
-0.0
-0.0
-0.0
-0.0
-0.02027027027027027
-0.0
-0.0
-0.0
-0.0
0.01
0.01
0.01
0.01
0.01
0.01
0.01
0.01
0.01
1.0
