1.0
0.01
0.01
0.01
0.01
0.01
0.01
0.01
0.01
0.01
-0.15756462240243285
-0.17885200202736948
-0.11080841358337556
-0.14882159148504814
-0.0
-0.0743157627977699
-0.0
-0.03326153066396351
-0.03459199189052205
-0.0117840851495185
0.01
1.0
0.01
0.01
0.01
0.01
0.01
0.01
0.01
0.01
-0.022997972630511912
-0.0
-0.02109731373542828
-0.012924480486568676
-0.07127470856563609
-0.0007602635580334517
-0.02889001520527116
-0.0003801317790167258
-0.0
-0.0011403953370501775
0.01
0.01
1.0
0.01
0.01
0.01
0.01
0.01
0.01
0.01
-0.021857577293461734
-0.0
-0.001900658895083629
-0.0
-0.03478205778003041
-0.0
-0.0003801317790167258
-0.0
-0.0
-0.0
0.01
0.01
0.01
1.0
0.01
0.01
0.01
0.01
0.01
0.01
-0.001900658895083629
-0.004181449569183984
-0.004941713127217436
-0.002280790674100355
-0.018056259503294477
-0.0
-0.007032437911809427
-0.0030410542321338066
-0.0
-0.0015205271160669033
0.01
0.01
0.01
0.01
1.0
0.01
0.01
0.01
0.01
0.01
-0.0015205271160669033
-0.0001900658895083629
-0.02679929042067917
-0.0003801317790167258
-0.0003801317790167258
-0.0
-0.0013304612265585404
-0.0
-0.0
-0.015965534718702483
0.01
0.01
0.01
0.01
0.01
1.0
0.01
0.01
0.01
0.01
-0.004181449569183984
-0.0
-0.009503294475418145
-0.0
-0.011023821591485048
-0.0
-0.001710593005575266
-0.0
-0.0
-0.0
0.01
0.01
0.01
0.01
0.01
0.01
1.0
0.01
0.01
0.01
-0.0001900658895083629
-0.0003801317790167258
-0.0013304612265585404
-0.0009503294475418145
-0.012544348707551951
-0.0015205271160669033
-0.0001900658895083629
-0.0
-0.0
-0.0007602635580334517
0.01
0.01
0.01
0.01
0.01
0.01
0.01
1.0
0.01
0.01
-0.0015205271160669033
-0.0
-0.0007602635580334517
-0.0
-0.0117840851495185
-0.0
-0.001710593005575266
-0.0
-0.0
-0.0
0.01
0.01
0.01
0.01
0.01
0.01
0.01
0.01
1.0
0.01
-0.0009503294475418145
-0.0030410542321338066
-0.001900658895083629
-0.0
-0.002090724784591992
-0.0
-0.0011403953370501775
-0.0009503294475418145
-0.0
-0.0
0.01
0.01
0.01
0.01
0.01
0.01
0.01
0.01
0.01
1.0
-0.002470856563608718
-0.0
-0.002090724784591992
-0.0
-0.001710593005575266
-0.0
-0.0001900658895083629
-0.0
-0.0
-0.0
-0.15756462240243285
-0.022997972630511912
-0.021857577293461734
-0.001900658895083629
-0.0015205271160669033
-0.004181449569183984
-0.0001900658895083629
-0.0015205271160669033
-0.0009503294475418145
-0.002470856563608718
1.0
0.01
0.01
0.01
0.01
0.01
0.01
0.01
0.01
0.01
-0.17885200202736948
-0.0
-0.0
-0.004181449569183984
-0.0001900658895083629
-0.0
-0.0003801317790167258
-0.0
-0.0030410542321338066
-0.0
0.01
1.0
0.01
0.01
0.01
0.01
0.01
0.01
0.01
0.01
-0.11080841358337556
-0.02109731373542828
-0.001900658895083629
-0.004941713127217436
-0.02679929042067917
-0.009503294475418145
-0.0013304612265585404
-0.0007602635580334517
-0.001900658895083629
-0.002090724784591992
0.01
0.01
1.0
0.01
0.01
0.01
0.01
0.01
0.01
0.01
-0.14882159148504814
-0.012924480486568676
-0.0
-0.002280790674100355
-0.0003801317790167258
-0.0
-0.0009503294475418145
-0.0
-0.0
-0.0
0.01
0.01
0.01
1.0
0.01
0.01
0.01
0.01
0.01
0.01
-0.0
-0.07127470856563609
-0.03478205778003041
-0.018056259503294477
-0.0003801317790167258
-0.011023821591485048
-0.012544348707551951
-0.0117840851495185
-0.002090724784591992
-0.001710593005575266
0.01
0.01
0.01
0.01
1.0
0.01
0.01
0.01
0.01
0.01
-0.0743157627977699
-0.0007602635580334517
-0.0
-0.0
-0.0
-0.0
-0.0015205271160669033
-0.0
-0.0
-0.0
0.01
0.01
0.01
0.01
0.01
1.0
0.01
0.01
0.01
0.01
-0.0
-0.02889001520527116
-0.0003801317790167258
-0.007032437911809427
-0.0013304612265585404
-0.001710593005575266
-0.0001900658895083629
-0.001710593005575266
-0.0011403953370501775
-0.0001900658895083629
0.01
0.01
0.01
0.01
0.01
0.01
1.0
0.01
0.01
0.01
-0.03326153066396351
-0.0003801317790167258
-0.0
-0.0030410542321338066
-0.0
-0.0
-0.0
-0.0
-0.0009503294475418145
-0.0
0.01
0.01
0.01
0.01
0.01
0.01
0.01
1.0
0.01
0.01
-0.03459199189052205
-0.0
-0.0
-0.0
-0.0
-0.0
-0.0
-0.0
-0.0
-0.0
0.01
0.01
0.01
0.01
0.01
0.01
0.01
0.01
1.0
0.01
-0.0117840851495185
-0.0011403953370501775
-0.0
-0.0015205271160669033
-0.015965534718702483
-0.0
-0.0007602635580334517
-0.0
-0.0
-0.0
0.01
0.01
0.01
0.01
0.01
0.01
0.01
0.01
0.01
1.0
