1.0
0.01
0.01
0.01
0.01
0.01
0.01
0.01
0.01
0.01
-0.26174496644295303
-0.03523489932885906
-0.015100671140939598
-0.0050335570469798654
-0.0050335570469798654
-0.015100671140939598
-0.0
-0.0050335570469798654
-0.0
-0.0
0.01
1.0
0.01
0.01
0.01
0.01
0.01
0.01
0.01
0.01
-0.09060402684563758
-0.08053691275167785
-0.015100671140939598
-0.050335570469798654
-0.03523489932885906
-0.0
-0.0
-0.0050335570469798654
-0.0
-0.0
0.01
0.01
1.0
0.01
0.01
0.01
0.01
0.01
0.01
0.01
-0.13087248322147652
-0.03523489932885906
-0.06543624161073826
-0.0
-0.0050335570469798654
-0.015100671140939598
-0.0
-0.0
-0.0
-0.0
0.01
0.01
0.01
1.0
0.01
0.01
0.01
0.01
0.01
0.01
-0.04530201342281879
-0.05536912751677853
-0.025167785234899327
-0.0
-0.0
-0.0
-0.015100671140939598
-0.0
-0.0
-0.0
0.01
0.01
0.01
0.01
1.0
0.01
0.01
0.01
0.01
0.01
-0.06543624161073826
-0.010067114093959731
-0.030201342281879196
-0.010067114093959731
-0.010067114093959731
-0.0050335570469798654
-0.0
-0.0
-0.0050335570469798654
-0.0050335570469798654
0.01
0.01
0.01
0.01
0.01
1.0
0.01
0.01
0.01
0.01
-0.10570469798657718
-0.0
-0.0050335570469798654
-0.0050335570469798654
-0.010067114093959731
-0.0
-0.0
-0.0
-0.0
-0.0
0.01
0.01
0.01
0.01
0.01
0.01
1.0
0.01
0.01
0.01
-0.030201342281879196
-0.015100671140939598
-0.0050335570469798654
-0.0050335570469798654
-0.0
-0.0
-0.010067114093959731
-0.0
-0.0
-0.0
0.01
0.01
0.01
0.01
0.01
0.01
0.01
1.0
0.01
0.01
-0.0
-0.0
-0.015100671140939598
-0.0
-0.0
-0.020134228187919462
-0.0
-0.0
-0.0
-0.0
0.01
0.01
0.01
0.01
0.01
0.01
0.01
0.01
1.0
0.01
-0.015100671140939598
-0.010067114093959731
-0.0
-0.0
-0.0
-0.0
-0.0
-0.0
-0.0
-0.0
0.01
0.01
0.01
0.01
0.01
0.01
0.01
0.01
0.01
1.0
-0.0050335570469798654
-0.010067114093959731
-0.0050335570469798654
-0.0
-0.0
-0.0
-0.0
-0.0
-0.0
-0.0
-0.26174496644295303
-0.09060402684563758
-0.13087248322147652
-0.04530201342281879
-0.06543624161073826
-0.10570469798657718
-0.030201342281879196
-0.0
-0.015100671140939598
-0.0050335570469798654
1.0
0.01
0.01
0.01
0.01
0.01
0.01
0.01
0.01
0.01
-0.03523489932885906
-0.08053691275167785
-0.03523489932885906
-0.05536912751677853
-0.010067114093959731
-0.0
-0.015100671140939598
-0.0
-0.010067114093959731
-0.010067114093959731
0.01
1.0
0.01
0.01
0.01
0.01
0.01
0.01
0.01
0.01
-0.015100671140939598
-0.015100671140939598
-0.06543624161073826
-0.025167785234899327
-0.030201342281879196
-0.0050335570469798654
-0.0050335570469798654
-0.015100671140939598
-0.0
-0.0050335570469798654
0.01
0.01
1.0
0.01
0.01
0.01
0.01
0.01
0.01
0.01
-0.0050335570469798654
-0.050335570469798654
-0.0
-0.0
-0.010067114093959731
-0.0050335570469798654
-0.0050335570469798654
-0.0
-0.0
-0.0
0.01
0.01
0.01
1.0
0.01
0.01
0.01
0.01
0.01
0.01
-0.0050335570469798654
-0.03523489932885906
-0.0050335570469798654
-0.0
-0.010067114093959731
-0.010067114093959731
-0.0
-0.0
-0.0
-0.0
0.01
0.01
0.01
0.01
1.0
0.01
0.01
0.01
0.01
0.01
-0.015100671140939598
-0.0
-0.015100671140939598
-0.0
-0.0050335570469798654
-0.0
-0.0
-0.020134228187919462
-0.0
-0.0
0.01
0.01
0.01
0.01
0.01
1.0
0.01
0.01
0.01
0.01
-0.0
-0.0
-0.0
-0.015100671140939598
-0.0
-0.0
-0.010067114093959731
-0.0
-0.0
-0.0
0.01
0.01
0.01
0.01
0.01
0.01
1.0
0.01
0.01
0.01
-0.0050335570469798654
-0.0050335570469798654
-0.0
-0.0
-0.0
-0.0
-0.0
-0.0
-0.0
-0.0
0.01
0.01
0.01
0.01
0.01
0.01
0.01
1.0
0.01
0.01
-0.0
-0.0
-0.0
-0.0
-0.0050335570469798654
-0.0
-0.0
-0.0
-0.0
-0.0
0.01
0.01
0.01
0.01
0.01
0.01
0.01
0.01
1.0
0.01
-0.0
-0.0
-0.0
-0.0
-0.0050335570469798654
-0.0
-0.0
-0.0
-0.0
-0.0
0.01
0.01
0.01
0.01
0.01
0.01
0.01
0.01
0.01
1.0
