1.0
0.01
0.01
0.01
0.01
0.01
0.01
0.01
0.01
0.01
-0.1875
-0.059722222222222225
-0.10486111111111111
-0.1798611111111111
-0.022222222222222223
-0.04513888888888889
-0.12013888888888889
-0.015277777777777777
-0.007638888888888889
-0.007638888888888889
0.01
1.0
0.01
0.01
0.01
0.01
0.01
0.01
0.01
0.01
-0.08541666666666667
-0.004166666666666667
-0.07916666666666666
-0.008333333333333333
-0.008333333333333333
-0.004166666666666667
-0.0
-0.0020833333333333333
-0.008333333333333333
-0.008333333333333333
0.01
0.01
1.0
0.01
0.01
0.01
0.01
0.01
0.01
0.01
-0.018055555555555554
-0.030555555555555555
-0.01597222222222222
-0.009027777777777777
-0.08680555555555555
-0.009027777777777777
-0.0
-0.011111111111111112
-0.0
-0.0
0.01
0.01
0.01
1.0
0.01
0.01
0.01
0.01
0.01
0.01
-0.017361111111111112
-0.08055555555555556
-0.017361111111111112
-0.010416666666666666
-0.009027777777777777
-0.019444444444444445
-0.003472222222222222
-0.005555555555555556
-0.0
-0.0125
0.01
0.01
0.01
0.01
1.0
0.01
0.01
0.01
0.01
0.01
-0.11388888888888889
-0.020833333333333332
-0.0020833333333333333
-0.0
-0.013888888888888888
-0.006944444444444444
-0.0
-0.013888888888888888
-0.003472222222222222
-0.0
0.01
0.01
0.01
0.01
0.01
1.0
0.01
0.01
0.01
0.01
-0.00625
-0.06388888888888888
-0.009027777777777777
-0.0
-0.030555555555555555
-0.03680555555555556
-0.0
-0.002777777777777778
-0.002777777777777778
-0.0
0.01
0.01
0.01
0.01
0.01
0.01
1.0
0.01
0.01
0.01
-0.03958333333333333
-0.01875
-0.03958333333333333
-0.001388888888888889
-0.0
-0.004166666666666667
-0.0
-0.008333333333333333
-0.01875
-0.005555555555555556
0.01
0.01
0.01
0.01
0.01
0.01
0.01
1.0
0.01
0.01
-0.07777777777777778
-0.02638888888888889
-0.0
-0.002777777777777778
-0.004166666666666667
-0.0
-0.0
-0.001388888888888889
-0.017361111111111112
-0.002777777777777778
0.01
0.01
0.01
0.01
0.01
0.01
0.01
0.01
1.0
0.01
-0.05763888888888889
-0.02847222222222222
-0.006944444444444444
-0.0
-0.0
-0.0
-0.001388888888888889
-0.02013888888888889
-0.0020833333333333333
-0.001388888888888889
0.01
0.01
0.01
0.01
0.01
0.01
0.01
0.01
0.01
1.0
-0.03263888888888889
-0.043055555555555555
-0.0
-0.0
-0.007638888888888889
-0.009027777777777777
-0.0
-0.0
-0.018055555555555554
-0.0
-0.1875
-0.08541666666666667
-0.018055555555555554
-0.017361111111111112
-0.11388888888888889
-0.00625
-0.03958333333333333
-0.07777777777777778
-0.05763888888888889
-0.03263888888888889
1.0
0.01
0.01
0.01
0.01
0.01
0.01
0.01
0.01
0.01
-0.059722222222222225
-0.004166666666666667
-0.030555555555555555
-0.08055555555555556
-0.020833333333333332
-0.06388888888888888
-0.01875
-0.02638888888888889
-0.02847222222222222
-0.043055555555555555
0.01
1.0
0.01
0.01
0.01
0.01
0.01
0.01
0.01
0.01
-0.10486111111111111
-0.07916666666666666
-0.01597222222222222
-0.017361111111111112
-0.0020833333333333333
-0.009027777777777777
-0.03958333333333333
-0.0
-0.006944444444444444
-0.0
0.01
0.01
1.0
0.01
0.01
0.01
0.01
0.01
0.01
0.01
-0.1798611111111111
-0.008333333333333333
-0.009027777777777777
-0.010416666666666666
-0.0
-0.0
-0.001388888888888889
-0.002777777777777778
-0.0
-0.0
0.01
0.01
0.01
1.0
0.01
0.01
0.01
0.01
0.01
0.01
-0.022222222222222223
-0.008333333333333333
-0.08680555555555555
-0.009027777777777777
-0.013888888888888888
-0.030555555555555555
-0.0
-0.004166666666666667
-0.0
-0.007638888888888889
0.01
0.01
0.01
0.01
1.0
0.01
0.01
0.01
0.01
0.01
-0.04513888888888889
-0.004166666666666667
-0.009027777777777777
-0.019444444444444445
-0.006944444444444444
-0.03680555555555556
-0.004166666666666667
-0.0
-0.0
-0.009027777777777777
0.01
0.01
0.01
0.01
0.01
1.0
0.01
0.01
0.01
0.01
-0.12013888888888889
-0.0
-0.0
-0.003472222222222222
-0.0
-0.0
-0.0
-0.0
-0.001388888888888889
-0.0
0.01
0.01
0.01
0.01
0.01
0.01
1.0
0.01
0.01
0.01
-0.015277777777777777
-0.0020833333333333333
-0.011111111111111112
-0.005555555555555556
-0.013888888888888888
-0.002777777777777778
-0.008333333333333333
-0.001388888888888889
-0.02013888888888889
-0.0
0.01
0.01
0.01
0.01
0.01
0.01
0.01
1.0
0.01
0.01
-0.007638888888888889
-0.008333333333333333
-0.0
-0.0
-0.003472222222222222
-0.002777777777777778
-0.01875
-0.017361111111111112
-0.0020833333333333333
-0.018055555555555554
0.01
0.01
0.01
0.01
0.01
0.01
0.01
0.01
1.0
0.01
-0.007638888888888889
-0.008333333333333333
-0.0
-0.0125
-0.0
-0.0
-0.005555555555555556
-0.002777777777777778
-0.001388888888888889
-0.0
0.01
0.01
0.01
0.01
0.01
0.01
0.01
0.01
0.01
1.0
