1.0
0.01
0.01
0.01
0.01
0.01
0.01
0.01
0.01
0.01
-0.36428571428571427
-0.0
-0.06428571428571428
-0.0
-0.0
-0.0
-0.02142857142857143
-0.0
-0.010714285714285714
-0.0
0.01
1.0
0.01
0.01
0.01
0.01
0.01
0.01
0.01
0.01
-0.10714285714285714
-0.12857142857142856
-0.010714285714285714
-0.03214285714285714
-0.010714285714285714
-0.075
-0.0
-0.010714285714285714
-0.02142857142857143
-0.0
0.01
0.01
1.0
0.01
0.01
0.01
0.01
0.01
0.01
0.01
-0.0
-0.15
-0.010714285714285714
-0.10714285714285714
-0.03214285714285714
-0.0
-0.0
-0.0
-0.0
-0.0
0.01
0.01
0.01
1.0
0.01
0.01
0.01
0.01
0.01
0.01
-0.075
-0.16071428571428573
-0.0
-0.0
-0.0
-0.02142857142857143
-0.0
-0.0
-0.010714285714285714
-0.0
0.01
0.01
0.01
0.01
1.0
0.01
0.01
0.01
0.01
0.01
-0.075
-0.0
-0.03214285714285714
-0.010714285714285714
-0.0
-0.02142857142857143
-0.06428571428571428
-0.0
-0.0
-0.010714285714285714
0.01
0.01
0.01
0.01
0.01
1.0
0.01
0.01
0.01
0.01
-0.05357142857142857
-0.0
-0.010714285714285714
-0.0
-0.0
-0.0
-0.0
-0.0
-0.0
-0.0
0.01
0.01
0.01
0.01
0.01
0.01
1.0
0.01
0.01
0.01
-0.02142857142857143
-0.05357142857142857
-0.0
-0.0
-0.0
-0.0
-0.0
-0.0
-0.010714285714285714
-0.0
0.01
0.01
0.01
0.01
0.01
0.01
0.01
1.0
0.01
0.01
-0.010714285714285714
-0.010714285714285714
-0.02142857142857143
-0.0
-0.03214285714285714
-0.0
-0.0
-0.0
-0.0
-0.0
0.01
0.01
0.01
0.01
0.01
0.01
0.01
0.01
1.0
0.01
-0.0
-0.0
-0.075
-0.0
-0.0
-0.0
-0.0
-0.0
-0.0
-0.0
0.01
0.01
0.01
0.01
0.01
0.01
0.01
0.01
0.01
1.0
-0.04285714285714286
-0.010714285714285714
-0.0
-0.010714285714285714
-0.0
-0.0
-0.0
-0.0
-0.0
-0.010714285714285714
-0.36428571428571427
-0.10714285714285714
-0.0
-0.075
-0.075
-0.05357142857142857
-0.02142857142857143
-0.010714285714285714
-0.0
-0.04285714285714286
1.0
0.01
0.01
0.01
0.01
0.01
0.01
0.01
0.01
0.01
-0.0
-0.12857142857142856
-0.15
-0.16071428571428573
-0.0
-0.0
-0.05357142857142857
-0.010714285714285714
-0.0
-0.010714285714285714
0.01
1.0
0.01
0.01
0.01
0.01
0.01
0.01
0.01
0.01
-0.06428571428571428
-0.010714285714285714
-0.010714285714285714
-0.0
-0.03214285714285714
-0.010714285714285714
-0.0
-0.02142857142857143
-0.075
-0.0
0.01
0.01
1.0
0.01
0.01
0.01
0.01
0.01
0.01
0.01
-0.0
-0.03214285714285714
-0.10714285714285714
-0.0
-0.010714285714285714
-0.0
-0.0
-0.0
-0.0
-0.010714285714285714
0.01
0.01
0.01
1.0
0.01
0.01
0.01
0.01
0.01
0.01
-0.0
-0.010714285714285714
-0.03214285714285714
-0.0
-0.0
-0.0
-0.0
-0.03214285714285714
-0.0
-0.0
0.01
0.01
0.01
0.01
1.0
0.01
0.01
0.01
0.01
0.01
-0.0
-0.075
-0.0
-0.02142857142857143
-0.02142857142857143
-0.0
-0.0
-0.0
-0.0
-0.0
0.01
0.01
0.01
0.01
0.01
1.0
0.01
0.01
0.01
0.01
-0.02142857142857143
-0.0
-0.0
-0.0
-0.06428571428571428
-0.0
-0.0
-0.0
-0.0
-0.0
0.01
0.01
0.01
0.01
0.01
0.01
1.0
0.01
0.01
0.01
-0.0
-0.010714285714285714
-0.0
-0.0
-0.0
-0.0
-0.0
-0.0
-0.0
-0.0
0.01
0.01
0.01
0.01
0.01
0.01
0.01
1.0
0.01
0.01
-0.010714285714285714
-0.02142857142857143
-0.0
-0.010714285714285714
-0.0
-0.0
-0.010714285714285714
-0.0
-0.0
-0.0
0.01
0.01
0.01
0.01
0.01
0.01
0.01
0.01
1.0
0.01
-0.0
-0.0
-0.0
-0.0
-0.010714285714285714
-0.0
-0.0
-0.0
-0.0
-0.010714285714285714
0.01
0.01
0.01
0.01
0.01
0.01
0.01
0.01
0.01
1.0
