1.0
0.01
0.01
0.01
0.01
0.01
0.01
0.01
0.01
0.01
-0.04491017964071856
-0.2470059880239521
-0.01347305389221557
-0.040419161676646706
-0.004491017964071856
-0.0
-0.0
-0.0
-0.0
-0.0
0.01
1.0
0.01
0.01
0.01
0.01
0.01
0.01
0.01
0.01
-0.25149700598802394
-0.004491017964071856
-0.017964071856287425
-0.004491017964071856
-0.01347305389221557
-0.0
-0.02245508982035928
-0.004491017964071856
-0.017964071856287425
-0.0
0.01
0.01
1.0
0.01
0.01
0.01
0.01
0.01
0.01
0.01
-0.13023952095808383
-0.0
-0.02694610778443114
-0.02694610778443114
-0.017964071856287425
-0.01347305389221557
-0.0
-0.004491017964071856
-0.0
-0.0
0.01
0.01
0.01
1.0
0.01
0.01
0.01
0.01
0.01
0.01
-0.15269461077844312
-0.0
-0.017964071856287425
-0.0
-0.004491017964071856
-0.0
-0.0
-0.004491017964071856
-0.0
-0.0
0.01
0.01
0.01
0.01
1.0
0.01
0.01
0.01
0.01
0.01
-0.0
-0.0
-0.02245508982035928
-0.07634730538922156
-0.06287425149700598
-0.0
-0.0
-0.004491017964071856
-0.0
-0.0
0.01
0.01
0.01
0.01
0.01
1.0
0.01
0.01
0.01
0.01
-0.12574850299401197
-0.0
-0.0
-0.0
-0.0
-0.0
-0.0
-0.0
-0.0
-0.0
0.01
0.01
0.01
0.01
0.01
0.01
1.0
0.01
0.01
0.01
-0.01347305389221557
-0.0
-0.0
-0.06287425149700598
-0.01347305389221557
-0.0
-0.0
-0.0
-0.0
-0.02245508982035928
0.01
0.01
0.01
0.01
0.01
0.01
0.01
1.0
0.01
0.01
-0.02694610778443114
-0.008982035928143712
-0.05389221556886228
-0.0
-0.0
-0.0
-0.0
-0.0
-0.0
-0.0
0.01
0.01
0.01
0.01
0.01
0.01
0.01
0.01
1.0
0.01
-0.0
-0.0
-0.004491017964071856
-0.0
-0.04940119760479042
-0.01347305389221557
-0.0
-0.0
-0.004491017964071856
-0.0
0.01
0.01
0.01
0.01
0.01
0.01
0.01
0.01
0.01
1.0
-0.004491017964071856
-0.0718562874251497
-0.0
-0.0
-0.0
-0.0
-0.0
-0.0
-0.0
-0.0
-0.04491017964071856
-0.25149700598802394
-0.13023952095808383
-0.15269461077844312
-0.0
-0.12574850299401197
-0.01347305389221557
-0.02694610778443114
-0.0
-0.004491017964071856
1.0
0.01
0.01
0.01
0.01
0.01
0.01
0.01
0.01
0.01
-0.2470059880239521
-0.004491017964071856
-0.0
-0.0
-0.0
-0.0
-0.0
-0.008982035928143712
-0.0
-0.0718562874251497
0.01
1.0
0.01
0.01
0.01
0.01
0.01
0.01
0.01
0.01
-0.01347305389221557
-0.017964071856287425
-0.02694610778443114
-0.017964071856287425
-0.02245508982035928
-0.0
-0.0
-0.05389221556886228
-0.004491017964071856
-0.0
0.01
0.01
1.0
0.01
0.01
0.01
0.01
0.01
0.01
0.01
-0.040419161676646706
-0.004491017964071856
-0.02694610778443114
-0.0
-0.07634730538922156
-0.0
-0.06287425149700598
-0.0
-0.0
-0.0
0.01
0.01
0.01
1.0
0.01
0.01
0.01
0.01
0.01
0.01
-0.004491017964071856
-0.01347305389221557
-0.017964071856287425
-0.004491017964071856
-0.06287425149700598
-0.0
-0.01347305389221557
-0.0
-0.04940119760479042
-0.0
0.01
0.01
0.01
0.01
1.0
0.01
0.01
0.01
0.01
0.01
-0.0
-0.0
-0.01347305389221557
-0.0
-0.0
-0.0
-0.0
-0.0
-0.01347305389221557
-0.0
0.01
0.01
0.01
0.01
0.01
1.0
0.01
0.01
0.01
0.01
-0.0
-0.02245508982035928
-0.0
-0.0
-0.0
-0.0
-0.0
-0.0
-0.0
-0.0
0.01
0.01
0.01
0.01
0.01
0.01
1.0
0.01
0.01
0.01
-0.0
-0.004491017964071856
-0.004491017964071856
-0.004491017964071856
-0.004491017964071856
-0.0
-0.0
-0.0
-0.0
-0.0
0.01
0.01
0.01
0.01
0.01
0.01
0.01
1.0
0.01
0.01
-0.0
-0.017964071856287425
-0.0
-0.0
-0.0
-0.0
-0.0
-0.0
-0.004491017964071856
-0.0
0.01
0.01
0.01
0.01
0.01
0.01
0.01
0.01
1.0
0.01
-0.0
-0.0
-0.0
-0.0
-0.0
-0.0
-0.02245508982035928
-0.0
-0.0
-0.0
0.01
0.01
0.01
0.01
0.01
0.01
0.01
0.01
0.01
1.0
