1.0
0.01
0.01
0.01
0.01
0.01
0.01
0.01
0.01
0.01
-0.19591836734693877
-0.029081632653061223
-0.09795918367346938
-0.01683673469387755
-0.001530612244897959
-0.04591836734693878
-0.14387755102040817
-0.03214285714285714
-0.10561224489795919
-0.036734693877551024
0.01
1.0
0.01
0.01
0.01
0.01
0.01
0.01
0.01
0.01
-0.1683673469387755
-0.05357142857142857
-0.03520408163265306
-0.029081632653061223
-0.0
-0.05969387755102041
-0.01683673469387755
-0.050510204081632655
-0.001530612244897959
-0.0933673469387755
0.01
0.01
1.0
0.01
0.01
0.01
0.01
0.01
0.01
0.01
-0.10714285714285714
-0.003061224489795918
-0.004591836734693878
-0.0
-0.29081632653061223
-0.12551020408163266
-0.02295918367346939
-0.0
-0.0
-0.0
0.01
0.01
0.01
1.0
0.01
0.01
0.01
0.01
0.01
0.01
-0.0826530612244898
-0.030612244897959183
-0.05663265306122449
-0.036734693877551024
-0.004591836734693878
-0.0
-0.03826530612244898
-0.03214285714285714
-0.0336734693877551
-0.027551020408163266
0.01
0.01
0.01
0.01
1.0
0.01
0.01
0.01
0.01
0.01
-0.04591836734693878
-0.04285714285714286
-0.012244897959183673
-0.07959183673469387
-0.0
-0.004591836734693878
-0.001530612244897959
-0.013775510204081633
-0.009183673469387756
-0.003061224489795918
0.01
0.01
0.01
0.01
0.01
1.0
0.01
0.01
0.01
0.01
-0.0413265306122449
-0.05510204081632653
-0.013775510204081633
-0.044387755102040814
-0.0
-0.006122448979591836
-0.0
-0.009183673469387756
-0.004591836734693878
-0.018367346938775512
0.01
0.01
0.01
0.01
0.01
0.01
1.0
0.01
0.01
0.01
-0.09489795918367347
-0.024489795918367346
-0.012244897959183673
-0.013775510204081633
-0.0
-0.018367346938775512
-0.0
-0.001530612244897959
-0.003061224489795918
-0.003061224489795918
0.01
0.01
0.01
0.01
0.01
0.01
0.01
1.0
0.01
0.01
-0.006122448979591836
-0.001530612244897959
-0.010714285714285714
-0.012244897959183673
-0.0
-0.0
-0.0
-0.02295918367346939
-0.007653061224489796
-0.018367346938775512
0.01
0.01
0.01
0.01
0.01
0.01
0.01
0.01
1.0
0.01
-0.007653061224489796
-0.0413265306122449
-0.003061224489795918
-0.07040816326530612
-0.0
-0.0
-0.0
-0.010714285714285714
-0.0
-0.003061224489795918
0.01
0.01
0.01
0.01
0.01
0.01
0.01
0.01
0.01
1.0
-0.0
-0.10255102040816326
-0.0
-0.0336734693877551
-0.0
-0.0
-0.0
-0.0
-0.0
-0.006122448979591836
-0.19591836734693877
-0.1683673469387755
-0.10714285714285714
-0.0826530612244898
-0.04591836734693878
-0.0413265306122449
-0.09489795918367347
-0.006122448979591836
-0.007653061224489796
-0.0
1.0
0.01
0.01
0.01
0.01
0.01
0.01
0.01
0.01
0.01
-0.029081632653061223
-0.05357142857142857
-0.003061224489795918
-0.030612244897959183
-0.04285714285714286
-0.05510204081632653
-0.024489795918367346
-0.001530612244897959
-0.0413265306122449
-0.10255102040816326
0.01
1.0
0.01
0.01
0.01
0.01
0.01
0.01
0.01
0.01
-0.09795918367346938
-0.03520408163265306
-0.004591836734693878
-0.05663265306122449
-0.012244897959183673
-0.013775510204081633
-0.012244897959183673
-0.010714285714285714
-0.003061224489795918
-0.0
0.01
0.01
1.0
0.01
0.01
0.01
0.01
0.01
0.01
0.01
-0.01683673469387755
-0.029081632653061223
-0.0
-0.036734693877551024
-0.07959183673469387
-0.044387755102040814
-0.013775510204081633
-0.012244897959183673
-0.07040816326530612
-0.0336734693877551
0.01
0.01
0.01
1.0
0.01
0.01
0.01
0.01
0.01
0.01
-0.001530612244897959
-0.0
-0.29081632653061223
-0.004591836734693878
-0.0
-0.0
-0.0
-0.0
-0.0
-0.0
0.01
0.01
0.01
0.01
1.0
0.01
0.01
0.01
0.01
0.01
-0.04591836734693878
-0.05969387755102041
-0.12551020408163266
-0.0
-0.004591836734693878
-0.006122448979591836
-0.018367346938775512
-0.0
-0.0
-0.0
0.01
0.01
0.01
0.01
0.01
1.0
0.01
0.01
0.01
0.01
-0.14387755102040817
-0.01683673469387755
-0.02295918367346939
-0.03826530612244898
-0.001530612244897959
-0.0
-0.0
-0.0
-0.0
-0.0
0.01
0.01
0.01
0.01
0.01
0.01
1.0
0.01
0.01
0.01
-0.03214285714285714
-0.050510204081632655
-0.0
-0.03214285714285714
-0.013775510204081633
-0.009183673469387756
-0.001530612244897959
-0.02295918367346939
-0.010714285714285714
-0.0
0.01
0.01
0.01
0.01
0.01
0.01
0.01
1.0
0.01
0.01
-0.10561224489795919
-0.001530612244897959
-0.0
-0.0336734693877551
-0.009183673469387756
-0.004591836734693878
-0.003061224489795918
-0.007653061224489796
-0.0
-0.0
0.01
0.01
0.01
0.01
0.01
0.01
0.01
0.01
1.0
0.01
-0.036734693877551024
-0.0933673469387755
-0.0
-0.027551020408163266
-0.003061224489795918
-0.018367346938775512
-0.003061224489795918
-0.018367346938775512
-0.003061224489795918
-0.006122448979591836
0.01
0.01
0.01
0.01
0.01
0.01
0.01
0.01
0.01
1.0
