1.0
0.010872304774739728
0.006308864573688455
0.01186045477622672
0.00785126415629548
0.006122733398642192
0.011907975126888235
0.010716710831940935
0.006772747320727095
0.012635523662307226
-0.0
-0.0
-0.006881108880143691
-0.06537727150166465
-0.026552432812663347
-0.0
-0.0
-0.0
-0.0
-0.0
0.010872304774739728
1.0
0.013018272396074166
0.00850091356011721
0.011746771718891293
0.008674641228733704
0.010371100668810316
0.009143855757893456
0.009049766794410736
0.008822174230678935
-0.0
-0.0
-0.0
-0.0
-0.0
-0.0
-0.002
-0.0
-0.09395622807983908
-0.0
0.006308864573688455
0.013018272396074166
1.0
0.008343404037423438
0.011168870376246512
0.011990787636427025
0.009474759676721357
0.00817605591356652
0.007525616608842123
0.012252756721478828
-0.0
-0.0
-0.001745182155331676
-0.05822504148532125
-0.0
-0.04363728310541308
-0.002
-0.0
-0.020483367970884386
-0.002
0.01186045477622672
0.00850091356011721
0.008343404037423438
1.0
0.010559038144112269
0.007547705336740037
0.0076098789837409555
0.010128703664162832
0.008614549440622947
0.011687250740903932
-0.0
-0.05241018585802169
-0.06707074973362508
-0.03943597731686581
-0.0
-0.0
-0.026494623024984162
-0.0
-0.020886281651756947
-0.034150090214631355
0.00785126415629548
0.011746771718891293
0.011168870376246512
0.010559038144112269
1.0
0.008941480995771415
0.010973347908858537
0.01028548324908599
0.011005354986471656
0.014049527605199882
-0.01903946922751589
-0.07981539233548182
-0.0
-0.0
-0.07000228220515343
-0.0
-0.0
-0.0
-0.017251606651728733
-0.0
0.006122733398642192
0.008674641228733704
0.011990787636427025
0.007547705336740037
0.008941480995771415
1.0
0.009107714215322187
0.010168223782540078
0.007515161618573913
0.010031039936808052
-0.1401656325092974
-0.10028693592785984
-0.0
-0.0
-0.012191260413000116
-0.037212061572164265
-0.03405272767313497
-0.0
-0.0
-0.05920060480954184
0.011907975126888235
0.010371100668810316
0.009474759676721357
0.0076098789837409555
0.010973347908858537
0.009107714215322187
1.0
0.009206523154803796
0.015271383029526747
0.012921382614776069
-0.08764171678055924
-0.053257739337494336
-0.0
-0.0
-0.0
-0.0
-0.0
-0.013044497183947332
-0.09771925325411465
-0.0
0.010716710831940935
0.009143855757893456
0.00817605591356652
0.010128703664162832
0.01028548324908599
0.010168223782540078
0.009206523154803796
1.0
0.009840463442894912
0.012320587082131025
-0.05411379881406361
-0.003053590858418144
-0.038161370887461625
-0.0
-0.0
-0.002
-0.0
-0.0
-0.0
-0.002
0.006772747320727095
0.009049766794410736
0.007525616608842123
0.008614549440622947
0.011005354986471656
0.007515161618573913
0.015271383029526747
0.009840463442894912
1.0
0.008727870173564242
-0.0845171897666614
-0.0
-0.0
-0.1196161244668335
-0.028161409549366294
-0.10779698741748059
-0.0
-0.0
-0.0
-0.08813487762183951
0.012635523662307226
0.008822174230678935
0.012252756721478828
0.011687250740903932
0.014049527605199882
0.010031039936808052
0.012921382614776069
0.012320587082131025
0.008727870173564242
1.0
-0.0
-0.0
-0.0
-0.0
-0.04011924852791099
-0.0036674319837213254
-0.0
-0.0
-0.10472111091047095
-0.02338355961856571
-0.0
-0.0
-0.0
-0.0
-0.01903946922751589
-0.1401656325092974
-0.08764171678055924
-0.05411379881406361
-0.0845171897666614
-0.0
1.0
0.013562732039472461
0.011038832813782642
0.006501543728413488
0.007528323526280228
0.009722417617748906
0.007318623075681107
0.010658148257035713
0.007538534285146973
0.010290290376627957
-0.0
-0.0
-0.0
-0.05241018585802169
-0.07981539233548182
-0.10028693592785984
-0.053257739337494336
-0.003053590858418144
-0.0
-0.0
0.013562732039472461
1.0
0.011464181416602394
0.011200814145967231
0.0058712478706314675
0.008627061343917698
0.011662962730213895
0.013020784876097626
0.01251990507630206
0.009262547910340174
-0.006881108880143691
-0.0
-0.001745182155331676
-0.06707074973362508
-0.0
-0.0
-0.0
-0.038161370887461625
-0.0
-0.0
0.011038832813782642
0.011464181416602394
1.0
0.009773089810728705
0.005276222003907196
0.011203084938536566
0.012061331309008355
0.010977171240535885
0.004227122731181002
0.013637077456141384
-0.06537727150166465
-0.0
-0.05822504148532125
-0.03943597731686581
-0.0
-0.0
-0.0
-0.0
-0.1196161244668335
-0.0
0.006501543728413488
0.011200814145967231
0.009773089810728705
1.0
0.00845798188026684
0.0078814654814074
0.012717478721470731
0.009508718380857697
0.008718964773071039
0.008183850832209787
-0.026552432812663347
-0.0
-0.0
-0.0
-0.07000228220515343
-0.012191260413000116
-0.0
-0.0
-0.028161409549366294
-0.04011924852791099
0.007528323526280228
0.0058712478706314675
0.005276222003907196
0.00845798188026684
1.0
0.008973306323532496
0.011096905330876594
0.010347244958921514
0.009943890328426404
0.01483317820592102
-0.0
-0.0
-0.04363728310541308
-0.0
-0.0
-0.037212061572164265
-0.0
-0.002
-0.10779698741748059
-0.0036674319837213254
0.009722417617748906
0.008627061343917698
0.011203084938536566
0.0078814654814074
0.008973306323532496
1.0
0.009400101632801269
0.010151293612230678
0.009064714422989622
0.008536789740924769
-0.0
-0.002
-0.002
-0.026494623024984162
-0.0
-0.03405272767313497
-0.0
-0.0
-0.0
-0.0
0.007318623075681107
0.011662962730213895
0.012061331309008355
0.012717478721470731
0.011096905330876594
0.009400101632801269
1.0
0.011671580354467269
0.009744401575839213
0.011573056004417248
-0.0
-0.0
-0.0
-0.0
-0.0
-0.0
-0.013044497183947332
-0.0
-0.0
-0.0
0.010658148257035713
0.013020784876097626
0.010977171240535885
0.009508718380857697
0.010347244958921514
0.010151293612230678
0.011671580354467269
1.0
0.009812130951547243
0.011688501518988618
-0.0
-0.09395622807983908
-0.020483367970884386
-0.020886281651756947
-0.017251606651728733
-0.0
-0.09771925325411465
-0.0
-0.0
-0.10472111091047095
0.007538534285146973
0.01251990507630206
0.004227122731181002
0.008718964773071039
0.009943890328426404
0.009064714422989622
0.009744401575839213
0.009812130951547243
1.0
0.0072708787557282575
-0.0
-0.0
-0.002
-0.034150090214631355
-0.0
-0.05920060480954184
-0.0
-0.002
-0.08813487762183951
-0.02338355961856571
0.010290290376627957
0.009262547910340174
0.013637077456141384
0.008183850832209787
0.01483317820592102
0.008536789740924769
0.011573056004417248
0.011688501518988618
0.0072708787557282575
1.0
