1.0
0.002
0.002
0.002
0.002
0.002
0.002
0.002
0.002
0.002
0.002
0.002
0.002
0.002
0.002
0.002
0.002
0.002
0.002
0.002
0.002
0.002
0.002
0.002
0.002
0.002
0.002
0.002
0.002
0.002
-0.0
-0.0
-0.0
-0.0
-0.0
-0.0
-0.0
-0.0
-0.010881385281345855
-0.017191494745801415
-0.0
-0.0
-0.0
-0.0
-0.0
-0.011786113728979053
-0.01789214622754478
-0.0
-0.0
-0.002633184520159963
0.002
1.0
0.002
0.002
0.002
0.002
0.002
0.002
0.002
0.002
0.002
0.002
0.002
0.002
0.002
0.002
0.002
0.002
0.002
0.002
0.002
0.002
0.002
0.002
0.002
0.002
0.002
0.002
0.002
0.002
-0.0
-0.0
-0.0012468021482626734
-0.0
-0.0
-0.0017827658720040995
-0.020304209858978753
-0.014054821662423457
-0.01081847663377499
-0.0
-0.0
-0.0
-0.0
-0.006339699563135312
-0.0
-0.017288018269957378
-0.0
-0.018884500234938595
-0.0
-0.0
0.002
0.002
1.0
0.002
0.002
0.002
0.002
0.002
0.002
0.002
0.002
0.002
0.002
0.002
0.002
0.002
0.002
0.002
0.002
0.002
0.002
0.002
0.002
0.002
0.002
0.002
0.002
0.002
0.002
0.002
-0.02377952739458765
-0.021499866333737336
-0.007884654996143487
-0.0
-0.0
-0.0
-0.0
-0.0
-0.02156730662517381
-0.015708948234303993
-0.015886248188180796
-0.0
-0.0
-0.0
-0.021896847561995225
-0.0
-0.0
-0.0
-0.0
-0.029705355370225506
0.002
0.002
0.002
1.0
0.002
0.002
0.002
0.002
0.002
0.002
0.002
0.002
0.002
0.002
0.002
0.002
0.002
0.002
0.002
0.002
0.002
0.002
0.002
0.002
0.002
0.002
0.002
0.002
0.002
0.002
-0.0
-0.0
-0.0
-0.01652266928880773
-0.0
-0.0
-0.0
-0.0
-0.0
-0.0023950640577827045
-0.0
-0.0021848398602602372
-0.0
-0.0
-0.0
-0.0
-0.0
-0.013676407087311165
-0.0
-0.0
0.002
0.002
0.002
0.002
1.0
0.002
0.002
0.002
0.002
0.002
0.002
0.002
0.002
0.002
0.002
0.002
0.002
0.002
0.002
0.002
0.002
0.002
0.002
0.002
0.002
0.002
0.002
0.002
0.002
0.002
-0.0
-0.04466106006370207
-0.013419871203022411
-0.0
-0.0
-0.0
-0.0
-0.008116645105893442
-0.028387298255050056
-0.0
-0.0
-0.0
-0.005433154761217656
-0.0
-0.0
-0.0
-0.016899470731918526
-0.0
-0.0
-0.0
0.002
0.002
0.002
0.002
0.002
1.0
0.002
0.002
0.002
0.002
0.002
0.002
0.002
0.002
0.002
0.002
0.002
0.002
0.002
0.002
0.002
0.002
0.002
0.002
0.002
0.002
0.002
0.002
0.002
0.002
-0.04147117169654754
-0.0
-0.030164063192033776
-0.022055075150063136
-0.0
-0.0
-0.0
-0.0
-0.0
-0.0
-0.0
-0.0
-0.0
-0.0
-0.0
-0.0
-0.0
-0.0
-0.0
-0.0
0.002
0.002
0.002
0.002
0.002
0.002
1.0
0.002
0.002
0.002
0.002
0.002
0.002
0.002
0.002
0.002
0.002
0.002
0.002
0.002
0.002
0.002
0.002
0.002
0.002
0.002
0.002
0.002
0.002
0.002
-0.0
-0.0
-0.0
-0.0
-0.03046351505135913
-0.0
-0.0
-0.003909943100951422
-0.0
-0.0496237584062001
-0.0
-0.0
-0.0
-0.0
-0.0
-0.02721087048065305
-0.0
-0.0
-0.0
-0.0
0.002
0.002
0.002
0.002
0.002
0.002
0.002
1.0
0.002
0.002
0.002
0.002
0.002
0.002
0.002
0.002
0.002
0.002
0.002
0.002
0.002
0.002
0.002
0.002
0.002
0.002
0.002
0.002
0.002
0.002
-0.0
-0.0
-0.0
-0.0
-0.0
-0.014403168713730014
-0.0
-0.0
-0.0
-0.0
-0.0
-0.0
-0.0
-0.0
-0.0
-0.0
-0.0
-0.017271146152656278
-0.0
-0.0
0.002
0.002
0.002
0.002
0.002
0.002
0.002
0.002
1.0
0.002
0.002
0.002
0.002
0.002
0.002
0.002
0.002
0.002
0.002
0.002
0.002
0.002
0.002
0.002
0.002
0.002
0.002
0.002
0.002
0.002
-0.0
-0.0
-0.0
-0.0
-0.0
-0.017275053802144974
-0.0
-0.0
-0.0
-0.0
-0.0
-0.003473876119498136
-0.0
-0.02577848669631916
-0.033305915178
-0.0
-0.0
-0.0
-0.0
-0.0
0.002
0.002
0.002
0.002
0.002
0.002
0.002
0.002
0.002
1.0
0.002
0.002
0.002
0.002
0.002
0.002
0.002
0.002
0.002
0.002
0.002
0.002
0.002
0.002
0.002
0.002
0.002
0.002
0.002
0.002
-0.0
-0.0004347900155908754
-0.0
-0.0
-0.024469207875778512
-0.0
-0.0
-0.0
-0.028664042728290817
-0.0
-0.0436790340093636
-0.035213012635571986
-0.0
-0.0
-0.0
-0.0
-0.02258019351793663
-0.0
-0.0
-0.0
0.002
0.002
0.002
0.002
0.002
0.002
0.002
0.002
0.002
0.002
1.0
0.002
0.002
0.002
0.002
0.002
0.002
0.002
0.002
0.002
0.002
0.002
0.002
0.002
0.002
0.002
0.002
0.002
0.002
0.002
-0.0
-0.005246223728261076
-0.012085127428193409
-0.0
-0.0
-0.0
-0.013664365466956646
-0.0
-0.0
-0.0
-0.0462486790972172
-0.0
-0.0
-0.0
-0.0
-0.027364805019180413
-0.0
-0.0
-0.0
-0.02367180795670281
0.002
0.002
0.002
0.002
0.002
0.002
0.002
0.002
0.002
0.002
0.002
1.0
0.002
0.002
0.002
0.002
0.002
0.002
0.002
0.002
0.002
0.002
0.002
0.002
0.002
0.002
0.002
0.002
0.002
0.002
-0.007752345525239978
-0.013095051944578816
-0.0
-0.0
-0.0036647975797741584
-0.0
-0.0
-0.0
-0.01692141445923909
-0.0
-0.0
-0.0
-0.0
-0.009912446891572502
-0.0
-0.0
-0.0
-0.0
-0.0
-0.00021781443116150254
0.002
0.002
0.002
0.002
0.002
0.002
0.002
0.002
0.002
0.002
0.002
0.002
1.0
0.002
0.002
0.002
0.002
0.002
0.002
0.002
0.002
0.002
0.002
0.002
0.002
0.002
0.002
0.002
0.002
0.002
-0.0
-0.0
-0.037632891179039826
-0.0
-0.02465402360933225
-0.0
-0.0
-0.0
-0.0
-0.0
-0.0
-0.07240875746596954
-0.0
-0.0
-0.0
-0.0
-0.0
-0.0
-0.0
-0.0
0.002
0.002
0.002
0.002
0.002
0.002
0.002
0.002
0.002
0.002
0.002
0.002
0.002
1.0
0.002
0.002
0.002
0.002
0.002
0.002
0.002
0.002
0.002
0.002
0.002
0.002
0.002
0.002
0.002
0.002
-0.0
-0.0
-0.04493741113277055
-0.0
-0.0
-0.0
-0.0
-0.0
-0.045118635427621186
-0.0
-0.0
-0.0
-0.0
-0.0
-0.05836352067783106
-0.03654971049167336
-0.0
-0.0
-0.0
-0.026365843232511975
0.002
0.002
0.002
0.002
0.002
0.002
0.002
0.002
0.002
0.002
0.002
0.002
0.002
0.002
1.0
0.002
0.002
0.002
0.002
0.002
0.002
0.002
0.002
0.002
0.002
0.002
0.002
0.002
0.002
0.002
-0.052227698838521804
-0.0
-0.0
-0.0
-0.0
-0.004363966379626766
-0.0
-0.0
-0.0019489808791143069
-0.0
-0.0
-0.0
-0.0
-0.0
-0.04261867901708366
-0.0
-0.021328677959244723
-0.0
-0.0
-0.0
0.002
0.002
0.002
0.002
0.002
0.002
0.002
0.002
0.002
0.002
0.002
0.002
0.002
0.002
0.002
1.0
0.002
0.002
0.002
0.002
0.002
0.002
0.002
0.002
0.002
0.002
0.002
0.002
0.002
0.002
-0.008523104012116305
-0.0
-0.0
-0.0
-0.027085383300453444
-0.0
-0.0022337431759042693
-0.020896875059128163
-0.0
-0.0
-0.0
-0.0
-0.0
-0.0
-0.056976271678476895
-0.0
-0.011749578834026225
-0.017062123243761947
-0.0
-0.0
0.002
0.002
0.002
0.002
0.002
0.002
0.002
0.002
0.002
0.002
0.002
0.002
0.002
0.002
0.002
0.002
1.0
0.002
0.002
0.002
0.002
0.002
0.002
0.002
0.002
0.002
0.002
0.002
0.002
0.002
-0.014927311471268514
-0.0
-0.0
-0.0
-0.0
-0.0283499959672723
-0.0245574285131316
-0.0
-0.0
-0.0
-0.0
-0.015451415650003386
-0.01655863012082947
-0.0
-0.0
-0.0
-0.0
-0.0
-0.0
-0.0
0.002
0.002
0.002
0.002
0.002
0.002
0.002
0.002
0.002
0.002
0.002
0.002
0.002
0.002
0.002
0.002
0.002
1.0
0.002
0.002
0.002
0.002
0.002
0.002
0.002
0.002
0.002
0.002
0.002
0.002
-0.0
-0.0
-0.0
-0.0
-0.0
-0.0
-0.0
-0.0
-0.0
-0.014230751732541088
-0.0
-0.0011769979783030314
-0.0
-0.02017553797219554
-0.0
-0.0
-0.0
-0.0
-0.0
-0.0
0.002
0.002
0.002
0.002
0.002
0.002
0.002
0.002
0.002
0.002
0.002
0.002
0.002
0.002
0.002
0.002
0.002
0.002
1.0
0.002
0.002
0.002
0.002
0.002
0.002
0.002
0.002
0.002
0.002
0.002
-0.020549276000483688
-0.0
-0.03508941868552663
-0.0
-0.02380756284175059
-0.0
-0.0
-0.0
-0.0
-0.00944727038584032
-0.0
-0.0
-0.0
-0.0
-0.0
-0.0
-0.0
-0.0
-0.0
-0.0
0.002
0.002
0.002
0.002
0.002
0.002
0.002
0.002
0.002
0.002
0.002
0.002
0.002
0.002
0.002
0.002
0.002
0.002
0.002
1.0
0.002
0.002
0.002
0.002
0.002
0.002
0.002
0.002
0.002
0.002
-0.0
-0.00019751899925132908
-0.0
-0.032401328964881175
-0.0
-0.0
-0.03004853080485681
-0.0
-0.0427643481444636
-0.01948703071261544
-0.0
-0.0
-0.0
-0.0
-0.0
-0.0
-0.0
-0.012017190175560856
-0.0
-0.0
0.002
0.002
0.002
0.002
0.002
0.002
0.002
0.002
0.002
0.002
0.002
0.002
0.002
0.002
0.002
0.002
0.002
0.002
0.002
0.002
1.0
0.002
0.002
0.002
0.002
0.002
0.002
0.002
0.002
0.002
-0.0
-0.0
-0.0
-0.0
-0.0
-0.0
-0.0
-0.0009679433057561276
-0.011347127226529538
-0.0
-0.0
-0.0
-0.0
-0.0
-0.0
-0.0
-0.0
-0.018669757485198474
-0.0
-0.0
0.002
0.002
0.002
0.002
0.002
0.002
0.002
0.002
0.002
0.002
0.002
0.002
0.002
0.002
0.002
0.002
0.002
0.002
0.002
0.002
0.002
1.0
0.002
0.002
0.002
0.002
0.002
0.002
0.002
0.002
-0.0
-0.0
-0.0007502257453829543
-0.03882121026164855
-0.0
-0.0
-0.0
-0.0
-0.0
-0.0
-0.0
-0.0
-0.0339988307009345
-0.0
-0.0
-0.013262109350298002
-0.0
-0.0028068179827684774
-0.020275109712342573
-0.0
0.002
0.002
0.002
0.002
0.002
0.002
0.002
0.002
0.002
0.002
0.002
0.002
0.002
0.002
0.002
0.002
0.002
0.002
0.002
0.002
0.002
0.002
1.0
0.002
0.002
0.002
0.002
0.002
0.002
0.002
-0.0
-0.006813951352967494
-0.0
-0.0
-0.0
-0.0
-0.0
-0.0
-0.0
-0.010318156204330405
-0.0
-0.0
-0.0
-0.029714861712041643
-0.0
-0.020186617020610427
-0.0
-0.0
-0.0
-0.007914144491552333
0.002
0.002
0.002
0.002
0.002
0.002
0.002
0.002
0.002
0.002
0.002
0.002
0.002
0.002
0.002
0.002
0.002
0.002
0.002
0.002
0.002
0.002
0.002
1.0
0.002
0.002
0.002
0.002
0.002
0.002
-0.0
-0.0
-0.0
-0.0
-0.031867681825414544
-0.0
-0.0
-0.0
-0.0
-0.02385852007649871
-0.0
-0.0
-0.0
-0.0
-0.0
-0.0
-0.0
-0.0
-0.0
-0.0
0.002
0.002
0.002
0.002
0.002
0.002
0.002
0.002
0.002
0.002
0.002
0.002
0.002
0.002
0.002
0.002
0.002
0.002
0.002
0.002
0.002
0.002
0.002
0.002
1.0
0.002
0.002
0.002
0.002
0.002
-0.0
-0.007941235525419315
-0.0
-0.012336629167204507
-0.0
-0.0
-0.0
-0.0
-0.0
-0.0
-0.008907953843749187
-0.0
-0.022610560136671058
-0.0
-0.03797333416248546
-0.0
-0.0
-0.0
-0.0
-0.0
0.002
0.002
0.002
0.002
0.002
0.002
0.002
0.002
0.002
0.002
0.002
0.002
0.002
0.002
0.002
0.002
0.002
0.002
0.002
0.002
0.002
0.002
0.002
0.002
0.002
1.0
0.002
0.002
0.002
0.002
-0.01617734028135201
-0.0
-0.0
-0.0
-0.0
-0.0
-0.0
-0.0
-0.0
-0.0
-0.0
-0.042731205272471526
-0.0
-0.005810430561649272
-0.0022583616236157562
-0.0
-0.0
-0.0
-0.0
-0.010451085241224433
0.002
0.002
0.002
0.002
0.002
0.002
0.002
0.002
0.002
0.002
0.002
0.002
0.002
0.002
0.002
0.002
0.002
0.002
0.002
0.002
0.002
0.002
0.002
0.002
0.002
0.002
1.0
0.002
0.002
0.002
-0.0
-0.0
-0.001863417413371901
-0.0
-0.0
-0.0
-0.0
-0.025689671292372193
-0.0
-0.0
-0.0
-0.0
-0.0
-0.03804793214291585
-0.0
-0.0
-0.0
-0.0
-0.0
-0.0
0.002
0.002
0.002
0.002
0.002
0.002
0.002
0.002
0.002
0.002
0.002
0.002
0.002
0.002
0.002
0.002
0.002
0.002
0.002
0.002
0.002
0.002
0.002
0.002
0.002
0.002
0.002
1.0
0.002
0.002
-0.0
-0.0
-0.0
-0.0
-0.0
-0.009853169441381263
-0.03131384039691554
-0.0
-0.0
-0.0
-0.0453646897718023
-0.0
-0.0
-0.0
-0.029481922288745313
-0.0
-0.0
-0.0
-0.0
-0.0
0.002
0.002
0.002
0.002
0.002
0.002
0.002
0.002
0.002
0.002
0.002
0.002
0.002
0.002
0.002
0.002
0.002
0.002
0.002
0.002
0.002
0.002
0.002
0.002
0.002
0.002
0.002
0.002
1.0
0.002
-0.017153915192495987
-0.015329478615564338
-0.0
-0.0
-0.0
-0.0
-0.0
-0.0
-0.0
-0.007119858121089697
-0.06724092007375079
-0.0
-0.0
-0.03381014141374877
-0.005801742853026939
-0.0
-0.009963469719532941
-0.0
-0.0
-0.0
0.002
0.002
0.002
0.002
0.002
0.002
0.002
0.002
0.002
0.002
0.002
0.002
0.002
0.002
0.002
0.002
0.002
0.002
0.002
0.002
0.002
0.002
0.002
0.002
0.002
0.002
0.002
0.002
0.002
1.0
-0.023162188772871455
-0.0
-0.0
-0.0
-0.0
-0.0
-0.0012823025625813803
-0.0
-0.0
-0.008008299133748693
-0.0
-0.0
-0.0
-0.0
-0.0
-0.0
-0.0
-0.0
-0.0
-0.014064152050532573
-0.0
-0.0
-0.02377952739458765
-0.0
-0.0
-0.04147117169654754
-0.0
-0.0
-0.0
-0.0
-0.0
-0.007752345525239978
-0.0
-0.0
-0.052227698838521804
-0.008523104012116305
-0.014927311471268514
-0.0
-0.020549276000483688
-0.0
-0.0
-0.0
-0.0
-0.0
-0.0
-0.01617734028135201
-0.0
-0.0
-0.017153915192495987
-0.023162188772871455
1.0
0.002
0.002
0.002
0.002
0.002
0.002
0.002
0.002
0.002
0.002
0.002
0.002
0.002
0.002
0.002
0.002
0.002
0.002
0.002
-0.0
-0.0
-0.021499866333737336
-0.0
-0.04466106006370207
-0.0
-0.0
-0.0
-0.0
-0.0004347900155908754
-0.005246223728261076
-0.013095051944578816
-0.0
-0.0
-0.0
-0.0
-0.0
-0.0
-0.0
-0.00019751899925132908
-0.0
-0.0
-0.006813951352967494
-0.0
-0.007941235525419315
-0.0
-0.0
-0.0
-0.015329478615564338
-0.0
0.002
1.0
0.002
0.002
0.002
0.002
0.002
0.002
0.002
0.002
0.002
0.002
0.002
0.002
0.002
0.002
0.002
0.002
0.002
0.002
-0.0
-0.0012468021482626734
-0.007884654996143487
-0.0
-0.013419871203022411
-0.030164063192033776
-0.0
-0.0
-0.0
-0.0
-0.012085127428193409
-0.0
-0.037632891179039826
-0.04493741113277055
-0.0
-0.0
-0.0
-0.0
-0.03508941868552663
-0.0
-0.0
-0.0007502257453829543
-0.0
-0.0
-0.0
-0.0
-0.001863417413371901
-0.0
-0.0
-0.0
0.002
0.002
1.0
0.002
0.002
0.002
0.002
0.002
0.002
0.002
0.002
0.002
0.002
0.002
0.002
0.002
0.002
0.002
0.002
0.002
-0.0
-0.0
-0.0
-0.01652266928880773
-0.0
-0.022055075150063136
-0.0
-0.0
-0.0
-0.0
-0.0
-0.0
-0.0
-0.0
-0.0
-0.0
-0.0
-0.0
-0.0
-0.032401328964881175
-0.0
-0.03882121026164855
-0.0
-0.0
-0.012336629167204507
-0.0
-0.0
-0.0
-0.0
-0.0
0.002
0.002
0.002
1.0
0.002
0.002
0.002
0.002
0.002
0.002
0.002
0.002
0.002
0.002
0.002
0.002
0.002
0.002
0.002
0.002
-0.0
-0.0
-0.0
-0.0
-0.0
-0.0
-0.03046351505135913
-0.0
-0.0
-0.024469207875778512
-0.0
-0.0036647975797741584
-0.02465402360933225
-0.0
-0.0
-0.027085383300453444
-0.0
-0.0
-0.02380756284175059
-0.0
-0.0
-0.0
-0.0
-0.031867681825414544
-0.0
-0.0
-0.0
-0.0
-0.0
-0.0
0.002
0.002
0.002
0.002
1.0
0.002
0.002
0.002
0.002
0.002
0.002
0.002
0.002
0.002
0.002
0.002
0.002
0.002
0.002
0.002
-0.0
-0.0017827658720040995
-0.0
-0.0
-0.0
-0.0
-0.0
-0.014403168713730014
-0.017275053802144974
-0.0
-0.0
-0.0
-0.0
-0.0
-0.004363966379626766
-0.0
-0.0283499959672723
-0.0
-0.0
-0.0
-0.0
-0.0
-0.0
-0.0
-0.0
-0.0
-0.0
-0.009853169441381263
-0.0
-0.0
0.002
0.002
0.002
0.002
0.002
1.0
0.002
0.002
0.002
0.002
0.002
0.002
0.002
0.002
0.002
0.002
0.002
0.002
0.002
0.002
-0.0
-0.020304209858978753
-0.0
-0.0
-0.0
-0.0
-0.0
-0.0
-0.0
-0.0
-0.013664365466956646
-0.0
-0.0
-0.0
-0.0
-0.0022337431759042693
-0.0245574285131316
-0.0
-0.0
-0.03004853080485681
-0.0
-0.0
-0.0
-0.0
-0.0
-0.0
-0.0
-0.03131384039691554
-0.0
-0.0012823025625813803
0.002
0.002
0.002
0.002
0.002
0.002
1.0
0.002
0.002
0.002
0.002
0.002
0.002
0.002
0.002
0.002
0.002
0.002
0.002
0.002
-0.0
-0.014054821662423457
-0.0
-0.0
-0.008116645105893442
-0.0
-0.003909943100951422
-0.0
-0.0
-0.0
-0.0
-0.0
-0.0
-0.0
-0.0
-0.020896875059128163
-0.0
-0.0
-0.0
-0.0
-0.0009679433057561276
-0.0
-0.0
-0.0
-0.0
-0.0
-0.025689671292372193
-0.0
-0.0
-0.0
0.002
0.002
0.002
0.002
0.002
0.002
0.002
1.0
0.002
0.002
0.002
0.002
0.002
0.002
0.002
0.002
0.002
0.002
0.002
0.002
-0.010881385281345855
-0.01081847663377499
-0.02156730662517381
-0.0
-0.028387298255050056
-0.0
-0.0
-0.0
-0.0
-0.028664042728290817
-0.0
-0.01692141445923909
-0.0
-0.045118635427621186
-0.0019489808791143069
-0.0
-0.0
-0.0
-0.0
-0.0427643481444636
-0.011347127226529538
-0.0
-0.0
-0.0
-0.0
-0.0
-0.0
-0.0
-0.0
-0.0
0.002
0.002
0.002
0.002
0.002
0.002
0.002
0.002
1.0
0.002
0.002
0.002
0.002
0.002
0.002
0.002
0.002
0.002
0.002
0.002
-0.017191494745801415
-0.0
-0.015708948234303993
-0.0023950640577827045
-0.0
-0.0
-0.0496237584062001
-0.0
-0.0
-0.0
-0.0
-0.0
-0.0
-0.0
-0.0
-0.0
-0.0
-0.014230751732541088
-0.00944727038584032
-0.01948703071261544
-0.0
-0.0
-0.010318156204330405
-0.02385852007649871
-0.0
-0.0
-0.0
-0.0
-0.007119858121089697
-0.008008299133748693
0.002
0.002
0.002
0.002
0.002
0.002
0.002
0.002
0.002
1.0
0.002
0.002
0.002
0.002
0.002
0.002
0.002
0.002
0.002
0.002
-0.0
-0.0
-0.015886248188180796
-0.0
-0.0
-0.0
-0.0
-0.0
-0.0
-0.0436790340093636
-0.0462486790972172
-0.0
-0.0
-0.0
-0.0
-0.0
-0.0
-0.0
-0.0
-0.0
-0.0
-0.0
-0.0
-0.0
-0.008907953843749187
-0.0
-0.0
-0.0453646897718023
-0.06724092007375079
-0.0
0.002
0.002
0.002
0.002
0.002
0.002
0.002
0.002
0.002
0.002
1.0
0.002
0.002
0.002
0.002
0.002
0.002
0.002
0.002
0.002
-0.0
-0.0
-0.0
-0.0021848398602602372
-0.0
-0.0
-0.0
-0.0
-0.003473876119498136
-0.035213012635571986
-0.0
-0.0
-0.07240875746596954
-0.0
-0.0
-0.0
-0.015451415650003386
-0.0011769979783030314
-0.0
-0.0
-0.0
-0.0
-0.0
-0.0
-0.0
-0.042731205272471526
-0.0
-0.0
-0.0
-0.0
0.002
0.002
0.002
0.002
0.002
0.002
0.002
0.002
0.002
0.002
0.002
1.0
0.002
0.002
0.002
0.002
0.002
0.002
0.002
0.002
-0.0
-0.0
-0.0
-0.0
-0.005433154761217656
-0.0
-0.0
-0.0
-0.0
-0.0
-0.0
-0.0
-0.0
-0.0
-0.0
-0.0
-0.01655863012082947
-0.0
-0.0
-0.0
-0.0
-0.0339988307009345
-0.0
-0.0
-0.022610560136671058
-0.0
-0.0
-0.0
-0.0
-0.0
0.002
0.002
0.002
0.002
0.002
0.002
0.002
0.002
0.002
0.002
0.002
0.002
1.0
0.002
0.002
0.002
0.002
0.002
0.002
0.002
-0.0
-0.006339699563135312
-0.0
-0.0
-0.0
-0.0
-0.0
-0.0
-0.02577848669631916
-0.0
-0.0
-0.009912446891572502
-0.0
-0.0
-0.0
-0.0
-0.0
-0.02017553797219554
-0.0
-0.0
-0.0
-0.0
-0.029714861712041643
-0.0
-0.0
-0.005810430561649272
-0.03804793214291585
-0.0
-0.03381014141374877
-0.0
0.002
0.002
0.002
0.002
0.002
0.002
0.002
0.002
0.002
0.002
0.002
0.002
0.002
1.0
0.002
0.002
0.002
0.002
0.002
0.002
-0.0
-0.0
-0.021896847561995225
-0.0
-0.0
-0.0
-0.0
-0.0
-0.033305915178
-0.0
-0.0
-0.0
-0.0
-0.05836352067783106
-0.04261867901708366
-0.056976271678476895
-0.0
-0.0
-0.0
-0.0
-0.0
-0.0
-0.0
-0.0
-0.03797333416248546
-0.0022583616236157562
-0.0
-0.029481922288745313
-0.005801742853026939
-0.0
0.002
0.002
0.002
0.002
0.002
0.002
0.002
0.002
0.002
0.002
0.002
0.002
0.002
0.002
1.0
0.002
0.002
0.002
0.002
0.002
-0.011786113728979053
-0.017288018269957378
-0.0
-0.0
-0.0
-0.0
-0.02721087048065305
-0.0
-0.0
-0.0
-0.027364805019180413
-0.0
-0.0
-0.03654971049167336
-0.0
-0.0
-0.0
-0.0
-0.0
-0.0
-0.0
-0.013262109350298002
-0.020186617020610427
-0.0
-0.0
-0.0
-0.0
-0.0
-0.0
-0.0
0.002
0.002
0.002
0.002
0.002
0.002
0.002
0.002
0.002
0.002
0.002
0.002
0.002
0.002
0.002
1.0
0.002
0.002
0.002
0.002
-0.01789214622754478
-0.0
-0.0
-0.0
-0.016899470731918526
-0.0
-0.0
-0.0
-0.0
-0.02258019351793663
-0.0
-0.0
-0.0
-0.0
-0.021328677959244723
-0.011749578834026225
-0.0
-0.0
-0.0
-0.0
-0.0
-0.0
-0.0
-0.0
-0.0
-0.0
-0.0
-0.0
-0.009963469719532941
-0.0
0.002
0.002
0.002
0.002
0.002
0.002
0.002
0.002
0.002
0.002
0.002
0.002
0.002
0.002
0.002
0.002
1.0
0.002
0.002
0.002
-0.0
-0.018884500234938595
-0.0
-0.013676407087311165
-0.0
-0.0
-0.0
-0.017271146152656278
-0.0
-0.0
-0.0
-0.0
-0.0
-0.0
-0.0
-0.017062123243761947
-0.0
-0.0
-0.0
-0.012017190175560856
-0.018669757485198474
-0.0028068179827684774
-0.0
-0.0
-0.0
-0.0
-0.0
-0.0
-0.0
-0.0
0.002
0.002
0.002
0.002
0.002
0.002
0.002
0.002
0.002
0.002
0.002
0.002
0.002
0.002
0.002
0.002
0.002
1.0
0.002
0.002
-0.0
-0.0
-0.0
-0.0
-0.0
-0.0
-0.0
-0.0
-0.0
-0.0
-0.0
-0.0
-0.0
-0.0
-0.0
-0.0
-0.0
-0.0
-0.0
-0.0
-0.0
-0.020275109712342573
-0.0
-0.0
-0.0
-0.0
-0.0
-0.0
-0.0
-0.0
0.002
0.002
0.002
0.002
0.002
0.002
0.002
0.002
0.002
0.002
0.002
0.002
0.002
0.002
0.002
0.002
0.002
0.002
1.0
0.002
-0.002633184520159963
-0.0
-0.029705355370225506
-0.0
-0.0
-0.0
-0.0
-0.0
-0.0
-0.0
-0.02367180795670281
-0.00021781443116150254
-0.0
-0.026365843232511975
-0.0
-0.0
-0.0
-0.0
-0.0
-0.0
-0.0
-0.0
-0.007914144491552333
-0.0
-0.0
-0.010451085241224433
-0.0
-0.0
-0.0
-0.014064152050532573
0.002
0.002
0.002
0.002
0.002
0.002
0.002
0.002
0.002
0.002
0.002
0.002
0.002
0.002
0.002
0.002
0.002
0.002
0.002
1.0
