1.0
0.01
0.01
0.01
0.01
0.01
0.01
0.01
0.01
0.01
-0.0
-0.0
-0.002
-0.0
-0.002
-0.00176566515523114
-0.0
-0.0
-0.0
-0.0
0.01
1.0
0.01
0.01
0.01
0.01
0.01
0.01
0.01
0.01
-0.002
-0.0
-0.0
-0.0
-0.0
-0.0
-0.0025049524870059264
-0.0
-0.1254057886853862
-0.0
0.01
0.01
1.0
0.01
0.01
0.01
0.01
0.01
0.01
0.01
-0.0
-0.13006872439278744
-0.0
-0.0
-0.0
-0.0
-0.01728885611731846
-0.0
-0.014601364043693388
-0.14817783802494125
0.01
0.01
0.01
1.0
0.01
0.01
0.01
0.01
0.01
0.01
-0.0
-0.0
-0.0
-0.10918066805953572
-0.044990162023448445
-0.0
-0.0
-0.061879392944728884
-0.002
-0.03609418399315115
0.01
0.01
0.01
0.01
1.0
0.01
0.01
0.01
0.01
0.01
-0.06828391368344114
-0.0
-0.025434096385592884
-0.002
-0.0
-0.07206712658008094
-0.0
-0.0
-0.022433569273922118
-0.0
0.01
0.01
0.01
0.01
0.01
1.0
0.01
0.01
0.01
0.01
-0.0
-0.0
-0.002
-0.055101956581550905
-0.0
-0.0
-0.0
-0.0
-0.002
-0.01897946224703968
0.01
0.01
0.01
0.01
0.01
0.01
1.0
0.01
0.01
0.01
-0.0022526435779443577
-0.0
-0.0
-0.0795209345863115
-0.08920133541923744
-0.06418264818974963
-0.0
-0.0
-0.0719734496417499
-0.0
0.01
0.01
0.01
0.01
0.01
0.01
0.01
1.0
0.01
0.01
-0.11025584913804182
-0.0889847221807723
-0.0739157319514806
-0.0
-0.07504723389965211
-0.0
-0.0
-0.0
-0.029341022494699994
-0.0
0.01
0.01
0.01
0.01
0.01
0.01
0.01
0.01
1.0
0.01
-0.0
-0.0
-0.0
-0.0
-0.0
-0.0
-0.04588340739922415
-0.0
-0.002
-0.0
0.01
0.01
0.01
0.01
0.01
0.01
0.01
0.01
0.01
1.0
-0.0
-0.09593602615226268
-0.0
-0.0
-0.0
-0.020525897541156676
-0.09763190633296598
-0.0
-0.09187571494217346
-0.04370103143421963
-0.0
-0.002
-0.0
-0.0
-0.06828391368344114
-0.0
-0.0022526435779443577
-0.11025584913804182
-0.0
-0.0
1.0
0.01
0.01
0.01
0.01
0.01
0.01
0.01
0.01
0.01
-0.0
-0.0
-0.13006872439278744
-0.0
-0.0
-0.0
-0.0
-0.0889847221807723
-0.0
-0.09593602615226268
0.01
1.0
0.01
0.01
0.01
0.01
0.01
0.01
0.01
0.01
-0.002
-0.0
-0.0
-0.0
-0.025434096385592884
-0.002
-0.0
-0.0739157319514806
-0.0
-0.0
0.01
0.01
1.0
0.01
0.01
0.01
0.01
0.01
0.01
0.01
-0.0
-0.0
-0.0
-0.10918066805953572
-0.002
-0.055101956581550905
-0.0795209345863115
-0.0
-0.0
-0.0
0.01
0.01
0.01
1.0
0.01
0.01
0.01
0.01
0.01
0.01
-0.002
-0.0
-0.0
-0.044990162023448445
-0.0
-0.0
-0.08920133541923744
-0.07504723389965211
-0.0
-0.0
0.01
0.01
0.01
0.01
1.0
0.01
0.01
0.01
0.01
0.01
-0.00176566515523114
-0.0
-0.0
-0.0
-0.07206712658008094
-0.0
-0.06418264818974963
-0.0
-0.0
-0.020525897541156676
0.01
0.01
0.01
0.01
0.01
1.0
0.01
0.01
0.01
0.01
-0.0
-0.0025049524870059264
-0.01728885611731846
-0.0
-0.0
-0.0
-0.0
-0.0
-0.04588340739922415
-0.09763190633296598
0.01
0.01
0.01
0.01
0.01
0.01
1.0
0.01
0.01
0.01
-0.0
-0.0
-0.0
-0.061879392944728884
-0.0
-0.0
-0.0
-0.0
-0.0
-0.0
0.01
0.01
0.01
0.01
0.01
0.01
0.01
1.0
0.01
0.01
-0.0
-0.1254057886853862
-0.014601364043693388
-0.002
-0.022433569273922118
-0.002
-0.0719734496417499
-0.029341022494699994
-0.002
-0.09187571494217346
0.01
0.01
0.01
0.01
0.01
0.01
0.01
0.01
1.0
0.01
-0.0
-0.0
-0.14817783802494125
-0.03609418399315115
-0.0
-0.01897946224703968
-0.0
-0.0
-0.0
-0.04370103143421963
0.01
0.01
0.01
0.01
0.01
0.01
0.01
0.01
0.01
1.0
