1.0
0.01
0.01
0.01
0.01
0.01
0.01
0.01
0.01
0.01
-0.005541674103162995
-0.04822053610780222
-0.0
-0.0
-0.010101983106842065
-0.0
-0.0
-0.145605042625763
-0.0
-0.0
0.01
1.0
0.01
0.01
0.01
0.01
0.01
0.01
0.01
0.01
-0.0
-0.0474973772490439
-0.0015720354112729977
-0.0
-0.13081768170258995
-0.06417704839219361
-0.0
-0.0
-0.002
-0.001412336896651857
0.01
0.01
1.0
0.01
0.01
0.01
0.01
0.01
0.01
0.01
-0.0
-0.0
-0.014243660298281925
-0.0
-0.0
-0.0
-0.002
-0.0
-0.002
-0.002
0.01
0.01
0.01
1.0
0.01
0.01
0.01
0.01
0.01
0.01
-0.0
-0.002
-0.0
-0.0
-0.0
-0.0
-0.0
-0.0
-0.0
-0.0
0.01
0.01
0.01
0.01
1.0
0.01
0.01
0.01
0.01
0.01
-0.0
-0.0
-0.0
-0.0
-0.0
-0.0
-0.0
-0.0
-0.0
-0.0
0.01
0.01
0.01
0.01
0.01
1.0
0.01
0.01
0.01
0.01
-0.0
-0.0
-0.0
-0.0
-0.0
-0.0
-0.0
-0.0
-0.0
-0.0
0.01
0.01
0.01
0.01
0.01
0.01
1.0
0.01
0.01
0.01
-0.011112566798183985
-0.0
-0.0
-0.02702162815949199
-0.0
-0.0
-0.002
-0.002
-0.0
-0.002
0.01
0.01
0.01
0.01
0.01
0.01
0.01
1.0
0.01
0.01
-0.0
-0.0
-0.0
-0.0
-0.0
-0.0
-0.0
-0.0
-0.0
-0.0
0.01
0.01
0.01
0.01
0.01
0.01
0.01
0.01
1.0
0.01
-0.0
-0.0
-0.0
-0.0
-0.08934185253097966
-0.10793248751384707
-0.0
-0.0
-0.03580033471858255
-0.021629619102609875
0.01
0.01
0.01
0.01
0.01
0.01
0.01
0.01
0.01
1.0
-0.0
-0.0
-0.08826834921182534
-0.0
-0.0
-0.0
-0.03212532728604142
-0.002
-0.0
-0.011657094493417373
-0.005541674103162995
-0.0
-0.0
-0.0
-0.0
-0.0
-0.011112566798183985
-0.0
-0.0
-0.0
1.0
0.01
0.01
0.01
0.01
0.01
0.01
0.01
0.01
0.01
-0.04822053610780222
-0.0474973772490439
-0.0
-0.002
-0.0
-0.0
-0.0
-0.0
-0.0
-0.0
0.01
1.0
0.01
0.01
0.01
0.01
0.01
0.01
0.01
0.01
-0.0
-0.0015720354112729977
-0.014243660298281925
-0.0
-0.0
-0.0
-0.0
-0.0
-0.0
-0.08826834921182534
0.01
0.01
1.0
0.01
0.01
0.01
0.01
0.01
0.01
0.01
-0.0
-0.0
-0.0
-0.0
-0.0
-0.0
-0.02702162815949199
-0.0
-0.0
-0.0
0.01
0.01
0.01
1.0
0.01
0.01
0.01
0.01
0.01
0.01
-0.010101983106842065
-0.13081768170258995
-0.0
-0.0
-0.0
-0.0
-0.0
-0.0
-0.08934185253097966
-0.0
0.01
0.01
0.01
0.01
1.0
0.01
0.01
0.01
0.01
0.01
-0.0
-0.06417704839219361
-0.0
-0.0
-0.0
-0.0
-0.0
-0.0
-0.10793248751384707
-0.0
0.01
0.01
0.01
0.01
0.01
1.0
0.01
0.01
0.01
0.01
-0.0
-0.0
-0.002
-0.0
-0.0
-0.0
-0.002
-0.0
-0.0
-0.03212532728604142
0.01
0.01
0.01
0.01
0.01
0.01
1.0
0.01
0.01
0.01
-0.145605042625763
-0.0
-0.0
-0.0
-0.0
-0.0
-0.002
-0.0
-0.0
-0.002
0.01
0.01
0.01
0.01
0.01
0.01
0.01
1.0
0.01
0.01
-0.0
-0.002
-0.002
-0.0
-0.0
-0.0
-0.0
-0.0
-0.03580033471858255
-0.0
0.01
0.01
0.01
0.01
0.01
0.01
0.01
0.01
1.0
0.01
-0.0
-0.001412336896651857
-0.002
-0.0
-0.0
-0.0
-0.002
-0.0
-0.021629619102609875
-0.011657094493417373
0.01
0.01
0.01
0.01
0.01
0.01
0.01
0.01
0.01
1.0
