1.0
0.001
0.0025361300404188386
0.0020224984291439155
0.0024128560863572006
0.00025028540140493343
0.0021137578905222336
0.0035513704796155295
0.0019248370898333278
0.0016319316595552694
0.0004194572302706125
0.0005717062940645134
0.0007831855268959585
0.0008935306601783766
0.0014914730469239924
0.0013182303451218398
0.001769225615868686
0.002784607794290682
0.0018602915861089034
0.0007233384702995938
0.0016741267604956501
0.0008559316573177485
0.001751599270552843
0.0027767451211920206
0.0015062449557372353
0.002128278558851549
0.0028060242313809633
0.0018124845913613395
0.002583113227484301
0.002931025043505909
-0.0005
-0.010217866381193725
-0.0
-0.0004407164358438652
-0.029671885797300977
-0.0
-0.006371327686440541
-0.0
-0.012954038769663532
-0.0
-0.010485696222984045
-0.009178579760009103
-0.0
-0.0
-0.0
-0.0005
-0.0
-0.0
-0.004328725531040166
-0.0
0.001
1.0
0.001866886194612995
0.0016078205080970668
0.0027445776124047777
0.0012180861850166972
0.003988849665800468
0.0009028962098986521
0.0017296518052107857
0.0010763318973969385
0.002514179332956831
0.0025403112840869293
0.0029123250189699587
0.003192870385389203
0.001
0.0013965440374402464
0.0016695826879028954
0.0021289699902975173
0.0009321750546239446
0.0021344157952638146
0.0024913288633264946
0.0029430742134376577
0.0019870081840700424
0.001684148696646648
0.0019248534054803106
0.002984593362011286
0.001376498911914546
0.001994205376479595
0.0036399888788425493
0.002889976829847172
-0.0
-0.0
-0.007033809122880982
-0.02284805435176481
-0.0
-0.0
-0.0
-0.0
-0.0
-0.0
-0.0
-0.0
-0.0
-0.0
-0.0
-0.0005
-0.0
-0.0
-0.017681670737721786
-0.0
0.0025361300404188386
0.001866886194612995
1.0
0.0013343741161013414
0.0029489056966592285
0.0025167920473367546
0.0013480338767936284
0.00203095723308301
0.0020322621746998197
0.0035570944212721415
0.002817647874585667
0.0012075414625553355
0.001
0.0009759617707139308
0.0012104386229150736
0.0015057841043830795
0.00035471261246132935
0.002582648349774112
0.003517809296049732
0.003385890282644911
0.0013668567934441117
0.0034732317408011047
0.0016802809402521315
0.0016989453842644387
0.001970542371095979
0.001399599692932169
0.0011833682670305103
0.0034332295666685358
0.002573257730687044
0.003120741487990739
-0.0
-0.0
-0.023792181325269376
-0.020397414749355802
-0.03670929892367031
-0.0
-0.04022928530651092
-0.009968407033735015
-0.0005
-0.0060373405794326
-0.0
-0.013731952112014738
-0.0
-0.008900462339563523
-0.021952576136149114
-0.0
-0.020275865934535838
-0.0
-0.0
-0.0
0.0020224984291439155
0.0016078205080970668
0.0013343741161013414
1.0
0.00028653163326915047
0.002264227222734542
0.003838021038105363
0.0025513694271694747
0.0005112548922655471
0.0024608169596043953
0.0031288528273965737
0.0015877272540895243
0.0003815231183304695
0.001444308240875167
0.002272791280744728
0.002774690018040728
0.0011288689816318686
0.0008738630374516311
0.00029477653393864163
0.002571424187320109
0.0017032934704996876
0.0029112815320637636
0.002214284620428789
0.0008173015355881037
0.0015761992043245854
0.000971598029033722
0.003162010603173771
0.0009331474627201847
0.0019387276940366208
0.0031916652215405092
-0.04911108212104981
-0.0
-0.018534653207962652
-0.0
-0.0
-0.0
-0.005755419524797549
-0.0
-0.0
-0.0
-0.0
-0.0
-0.006220740920795715
-0.04010157130839309
-0.0
-0.012656320529882865
-0.0
-0.0
-0.0
-0.0
0.0024128560863572006
0.0027445776124047777
0.0029489056966592285
0.00028653163326915047
1.0
0.0006059053998770175
0.0021379273395308426
0.0022884959942299217
0.001800736739636112
0.002353059787324761
0.0019014417458215365
0.004143235058653517
0.002575900452295646
0.0007766292671837671
0.001594649999953853
0.0019517063588787836
0.001
0.0017261761024714131
0.0007651762425392487
0.0011756747436144923
0.0004482526262446927
0.0015128710237585945
0.0012257749455100496
0.0005456879723422133
0.0007505943974538234
0.0014125783713022843
0.0032355632685117063
0.0018726397318922488
0.002717699969331342
0.0029009550108218835
-0.0005
-0.0
-6.388077173289167e-05
-0.0
-0.00044088398365289133
-0.0005
-0.022059861008328595
-0.0
-0.0005
-0.0
-0.0
-0.0
-0.0
-0.0
-0.0
-0.0
-0.0
-0.026230152880724646
-0.0
-0.0008983530457176026
0.00025028540140493343
0.0012180861850166972
0.0025167920473367546
0.002264227222734542
0.0006059053998770175
1.0
0.0011671042381163974
0.003322220054462489
0.001
3.066963451585705e-05
0.003010029467001791
0.0009893893705161382
0.0010679684739847545
0.0016444807118363625
0.002579556678158173
0.0013934895336762
0.00270814919016188
0.001128454795692963
0.0026484348705283975
0.002705167078951962
0.002431581055248418
0.0007245952078177552
0.0019603463584831693
0.001885579514346418
0.003008713860433665
0.0019673188212295974
0.0025384443948640724
0.000992676281327076
0.0020217283782027395
0.001061359200453082
-0.0
-0.0
-0.020892202928038145
-0.0
-0.0
-0.0
-0.0
-0.01287207784094711
-0.0005
-0.0
-0.0
-0.0
-0.040060959069216376
-0.0019940868730113533
-0.020402237430193912
-0.0
-0.0
-0.011688666900292665
-0.0
-0.0
0.0021137578905222336
0.003988849665800468
0.0013480338767936284
0.003838021038105363
0.0021379273395308426
0.0011671042381163974
1.0
0.001
0.003373143115702727
0.0011282804384048803
0.0011913060379012486
0.0012467961148719042
0.0011538884614814876
0.0018645250443012713
0.0016165358872676809
0.0026700077132487563
0.0008685149003637923
0.0021866712688003885
0.001440036199624444
0.001
0.0016446711281592249
0.0025608877203260132
0.0022203115038493307
0.0015119487108260238
0.0018147935437302948
0.0020974316969450553
0.0027050587953685095
0.002049725870332523
0.0029074486487882323
0.003316846370441423
-0.0
-0.018543924015483545
-0.005323024385650665
-0.0
-0.0011565063093787274
-0.0
-0.0
-0.0
-0.0
-0.0
-0.0
-0.0
-0.0
-0.015493033991188235
-0.0
-0.0
-0.0
-0.00689299508481719
-0.009701709920805672
-0.0005
0.0035513704796155295
0.0009028962098986521
0.00203095723308301
0.0025513694271694747
0.0022884959942299217
0.003322220054462489
0.001
1.0
0.0006758777399226295
0.0006036782866485396
0.003591871288850702
0.0009313111135013862
0.0046023528176840686
0.0013558103198526511
0.0020029848198086504
0.0022489153569193255
0.0014144967035065233
0.0022496580610082027
0.0027617518930269846
0.0008177707608715832
0.001
0.0019252098605247927
0.0013979303908645251
0.001133673417622813
0.003622183446317613
0.0025755262627412
0.003629303152062812
0.0020354272941826576
0.0033977541235235137
0.002967079323147857
-0.0
-0.0
-0.0
-0.0
-0.02333070640873597
-0.0
-0.0005
-0.0005
-0.0017270058463670999
-0.0
-0.0
-0.009903244427213093
-0.0
-0.0
-0.0
-0.0
-0.0
-0.0
-0.0
-0.0005
0.0019248370898333278
0.0017296518052107857
0.0020322621746998197
0.0005112548922655471
0.001800736739636112
0.001
0.003373143115702727
0.0006758777399226295
1.0
0.001
0.00228672416081143
0.0025184419472689163
0.0005283690664681401
0.0012066559544157572
0.00028968735128639587
0.00285949535673995
0.0013687415072646861
0.003581429641028224
3.216839834798736e-05
0.0024147683141290425
0.0028448920699439355
0.0026003919859885725
0.002398078821145899
0.0012406228712788007
0.0008719300755876222
0.0022211339239685867
0.000662367930031404
0.0010668408776207021
0.0026239396418475205
0.0013547202329424095
-0.0
-0.020763341972918667
-0.0
-0.0
-0.0
-0.005534985230631052
-0.0
-0.01043394891099663
-0.0
-0.0
-0.0
-0.0
-0.0
-0.0
-0.0254013762679601
-0.017139935012767553
-0.0
-0.0005
-0.00159751923271486
-0.009662657153286555
0.0016319316595552694
0.0010763318973969385
0.0035570944212721415
0.0024608169596043953
0.002353059787324761
3.066963451585705e-05
0.0011282804384048803
0.0006036782866485396
0.001
1.0
0.002164340565358352
0.0023755934496039726
0.004115026943940565
0.00034359629904070674
0.002435426558519991
0.002258942855999115
0.002975996539163162
0.002406441809397769
0.001205321504001139
0.001
0.0015702979552072612
0.0031340952648235935
0.002347859878810012
0.0017353156018932961
0.0021220852689226794
0.0027447720249022707
0.0029210614788060555
0.0013133171130295935
0.003470171125236494
0.0026570003683604763
-0.0
-0.025339443211913407
-0.01068892474839893
-0.0
-0.0
-0.0
-0.0
-0.0
-0.0005
-0.0
-0.02623122589428656
-0.0
-0.0
-0.0
-0.02170488875203988
-0.0005
-0.0
-0.0
-0.0
-0.0
0.0004194572302706125
0.002514179332956831
0.002817647874585667
0.0031288528273965737
0.0019014417458215365
0.003010029467001791
0.0011913060379012486
0.003591871288850702
0.00228672416081143
0.002164340565358352
1.0
0.0018639174925579748
0.0036506435318614137
0.0006766984869023239
0.0012818455121500056
0.0004945739782329312
0.0021983782407570996
0.0022862201533541634
0.0009360000645312161
0.0030236141168987363
0.0015346816501742675
0.0024338411569220556
0.0035029323262246704
0.00233434573566782
0.00033881277649225805
0.0026944056841501692
0.0014716843888187595
0.003407310850281741
0.003002458081491444
0.0017813282593982232
-0.0
-0.0
-0.017259676689076124
-0.0
-0.0
-0.0
-0.03245006996103167
-0.0
-0.0
-0.0
-0.0
-7.62403611450635e-05
-0.0
-0.0
-0.0
-0.020259643984587922
-0.0
-0.0
-0.0
-0.003981813525790146
0.0005717062940645134
0.0025403112840869293
0.0012075414625553355
0.0015877272540895243
0.004143235058653517
0.0009893893705161382
0.0012467961148719042
0.0009313111135013862
0.0025184419472689163
0.0023755934496039726
0.0018639174925579748
1.0
0.0016340018705705514
0.0029238484009136683
0.002344175228944382
0.0006566068265884126
0.0009092040873694925
0.003439966549809409
0.0012761821346311628
0.0018723093628320881
0.0019393244819991252
0.0038348887129850645
0.0005131887325407591
0.0017856932915433516
0.0024688753821256577
0.0024505394758715677
0.0019315287694136709
0.0024804860103585526
0.0014032083727416934
0.00047379036485893536
-0.0
-0.0
-0.0005
-0.010387308366187396
-0.0
-0.0
-0.0005
-0.0005
-0.0
-0.0
-0.0
-0.0
-0.0
-0.0
-0.0
-0.0
-0.0
-0.0
-0.0
-0.0
0.0007831855268959585
0.0029123250189699587
0.001
0.0003815231183304695
0.002575900452295646
0.0010679684739847545
0.0011538884614814876
0.0046023528176840686
0.0005283690664681401
0.004115026943940565
0.0036506435318614137
0.0016340018705705514
1.0
0.0016982655165949387
0.0015416836043664608
0.001383068443446909
0.001930017765204199
0.0010959067424339641
0.0008329200847707083
0.000640334694809777
0.0006038163813136066
0.0010305516534784068
0.0006425379702414199
0.0022642945414996056
0.0021103728432440355
0.0024329897213359463
0.0020991467919470974
0.0027068728869787196
0.003155899575656751
0.0006478421538862662
-0.009221542738168876
-0.0
-0.015266715981317805
-0.0
-0.0
-0.0
-0.0
-0.0
-0.0005
-0.0
-0.0005
-0.0
-0.0
-0.0
-0.0005
-0.0
-0.0
-0.0
-0.026955963236200857
-0.0
0.0008935306601783766
0.003192870385389203
0.0009759617707139308
0.001444308240875167
0.0007766292671837671
0.0016444807118363625
0.0018645250443012713
0.0013558103198526511
0.0012066559544157572
0.00034359629904070674
0.0006766984869023239
0.0029238484009136683
0.0016982655165949387
1.0
0.001363841899436705
0.002381673878454996
0.0021145662990327556
0.0006837063297827086
0.001325243858659955
0.003220586286788631
0.0026596667064239157
0.0024545458986237963
0.0027817051544300536
0.0028686019831325373
0.00108678096021058
0.0028438010056159187
0.0012950810051767135
0.0015229684170164604
0.0013687335203996604
0.001376469537405089
-0.016162536282243612
-0.0
-0.00681978541734731
-0.0
-0.0
-0.003401136589892483
-0.0005
-0.008044094361991893
-0.018278788305298086
-0.0
-0.0
-0.007032763372316287
-0.0
-0.0005
-0.0
-0.0
-0.0
-0.0
-0.0
-0.0
0.0014914730469239924
0.001
0.0012104386229150736
0.002272791280744728
0.001594649999953853
0.002579556678158173
0.0016165358872676809
0.0020029848198086504
0.00028968735128639587
0.002435426558519991
0.0012818455121500056
0.002344175228944382
0.0015416836043664608
0.001363841899436705
1.0
0.0034582964183212895
0.0020151609399570738
0.002322366689268512
0.0035253139570117532
0.00192462980474401
0.001280670079163888
0.0021264911069807523
0.0022507177136815385
0.004393963333977041
0.0012682979633493229
0.0008942191572320329
0.0015563137114985091
0.0013912219180321614
0.0002174654274909114
0.002890207708468616
-0.0
-0.03289195280447351
-0.0
-0.0
-0.0
-0.0
-0.0
-0.0
-0.0
-0.0
-2.2668719584846564e-05
-0.0
-0.021762394426961845
-0.0
-0.0
-0.02070581782579964
-0.0
-0.0
-0.030125982582994454
-0.0
0.0013182303451218398
0.0013965440374402464
0.0015057841043830795
0.002774690018040728
0.0019517063588787836
0.0013934895336762
0.0026700077132487563
0.0022489153569193255
0.00285949535673995
0.002258942855999115
0.0004945739782329312
0.0006566068265884126
0.001383068443446909
0.002381673878454996
0.0034582964183212895
1.0
0.0005044868133148156
0.0014914420417296548
0.0032799716562717032
0.0010050180718596366
0.0023833213265261576
0.002468842991676219
0.0022324510292800383
0.0014377586543504284
0.0026507674673349065
0.001
0.0016940511672360063
0.0016067262415604805
0.0028809896023025963
0.0035835577894230515
-0.0
-0.0
-0.008206342419208337
-0.0
-0.014459804873234238
-0.0
-0.0
-0.0
-0.0
-0.0005
-0.014689755799529029
-0.01824077701219913
-0.005473229916610043
-0.0
-0.0005
-0.0
-0.0
-0.0
-0.007187830045280319
-0.021297058606069244
0.001769225615868686
0.0016695826879028954
0.00035471261246132935
0.0011288689816318686
0.001
0.00270814919016188
0.0008685149003637923
0.0014144967035065233
0.0013687415072646861
0.002975996539163162
0.0021983782407570996
0.0009092040873694925
0.001930017765204199
0.0021145662990327556
0.0020151609399570738
0.0005044868133148156
1.0
0.0018814854253477466
0.0020851150799226837
0.0010277376073396843
0.0025014188851301966
0.0015094122584554913
0.002717846181120657
0.002125702325605692
0.0020512753224627036
0.0036356766032122475
0.0023928097383411487
0.0017933382470304543
0.002176388766575062
0.001885730690596755
-0.0
-0.008631459303695297
-0.0005
-0.0
-0.0
-0.009101569147387256
-0.0
-0.0005
-0.0
-0.0005
-0.0
-0.0
-0.0
-0.0
-0.0
-0.02300076973660104
-0.008096326902258205
-0.0
-0.0
-0.0
0.002784607794290682
0.0021289699902975173
0.002582648349774112
0.0008738630374516311
0.0017261761024714131
0.001128454795692963
0.0021866712688003885
0.0022496580610082027
0.003581429641028224
0.002406441809397769
0.0022862201533541634
0.003439966549809409
0.0010959067424339641
0.0006837063297827086
0.002322366689268512
0.0014914420417296548
0.0018814854253477466
1.0
0.0034711421120365528
0.004882618389790393
0.0008387175339101883
0.003560450192906031
0.001590224786781824
0.001
0.002520819169280074
0.0024234312630881188
0.002641767111480884
0.002229855328780306
0.003781078209100358
0.0002986121442769406
-0.0
-0.02358365803825555
-0.035911120625874815
-0.0
-0.0
-0.034297139961950746
-0.0
-0.0
-0.02572160507836791
-0.022782109665763967
-0.0028000192912410278
-0.0
-0.0
-0.004509272296807944
-0.0
-0.014903180674419163
-0.021668433424462452
-0.01448403206588034
-0.0
-0.0046371028901629
0.0018602915861089034
0.0009321750546239446
0.003517809296049732
0.00029477653393864163
0.0007651762425392487
0.0026484348705283975
0.001440036199624444
0.0027617518930269846
3.216839834798736e-05
0.001205321504001139
0.0009360000645312161
0.0012761821346311628
0.0008329200847707083
0.001325243858659955
0.0035253139570117532
0.0032799716562717032
0.0020851150799226837
0.0034711421120365528
1.0
0.0026753705080155015
0.001544520724974204
0.0017407506956542266
0.0017764967196892147
0.0020041737982847935
0.0008588649112158452
0.0008499170396105314
0.0024673704616340396
0.0020260258582515175
0.0010701833248233578
0.002392391204494373
-0.0
-0.026382906831763107
-0.0
-0.0
-0.0
-0.0
-0.0
-0.021097768961958516
-0.02625225140454776
-0.0
-0.0
-0.007812573638945192
-0.0
-0.0066308600325949655
-0.0
-0.0
-0.0
-0.0
-0.0
-0.0010091548232791306
0.0007233384702995938
0.0021344157952638146
0.003385890282644911
0.002571424187320109
0.0011756747436144923
0.002705167078951962
0.001
0.0008177707608715832
0.0024147683141290425
0.001
0.0030236141168987363
0.0018723093628320881
0.000640334694809777
0.003220586286788631
0.00192462980474401
0.0010050180718596366
0.0010277376073396843
0.004882618389790393
0.0026753705080155015
1.0
0.002145247202182603
0.0006450797554636682
0.00010743829893549361
0.0016820214764840836
0.002614026510399721
0.0019607594190329215
0.0027352047751183373
0.00318216633238837
0.0008402334863089531
0.0008199208847699162
-0.0042552420635950435
-0.006613461680969119
-0.0
-0.009859613512585295
-0.0
-0.0
-0.0008811786226560567
-0.0
-0.0
-0.013014923277778388
-0.020881373544788865
-0.0
-0.0
-0.0
-0.0005
-0.0
-0.0
-0.0
-0.0
-0.0
0.0016741267604956501
0.0024913288633264946
0.0013668567934441117
0.0017032934704996876
0.0004482526262446927
0.002431581055248418
0.0016446711281592249
0.001
0.0028448920699439355
0.0015702979552072612
0.0015346816501742675
0.0019393244819991252
0.0006038163813136066
0.0026596667064239157
0.001280670079163888
0.0023833213265261576
0.0025014188851301966
0.0008387175339101883
0.001544520724974204
0.002145247202182603
1.0
0.0011010789020070564
0.00158908274072191
0.0018204604230112693
0.0013457539442350286
0.0018221070301365255
0.0028371459662155517
0.0018498154701691424
0.0032934838107769576
0.0029457309689558298
-0.0
-0.0
-0.0
-0.0
-0.0
-0.013561073734093314
-0.02210848957204481
-0.0
-0.0
-0.0005
-0.0005
-0.0
-0.02714998706293125
-0.008329159948266007
-0.01078815729933239
-0.0
-0.0
-0.0
-0.0
-0.0
0.0008559316573177485
0.0029430742134376577
0.0034732317408011047
0.0029112815320637636
0.0015128710237585945
0.0007245952078177552
0.0025608877203260132
0.0019252098605247927
0.0026003919859885725
0.0031340952648235935
0.0024338411569220556
0.0038348887129850645
0.0010305516534784068
0.0024545458986237963
0.0021264911069807523
0.002468842991676219
0.0015094122584554913
0.003560450192906031
0.0017407506956542266
0.0006450797554636682
0.0011010789020070564
1.0
0.0006428343314885058
0.001630650190128381
0.0015091334873700863
0.0026291148606130744
0.0020399462728373087
0.002184806137813803
0.0010964449443424888
0.0016480737588237774
-0.0
-0.0
-0.0
-0.0
-0.0
-0.0005
-0.0
-0.0
-0.0005
-0.0
-0.0
-0.0
-0.0
-0.006618819087641087
-0.011978381276705218
-0.0
-0.008437063549188287
-0.0
-0.004004654096136352
-0.012746744740430332
0.001751599270552843
0.0019870081840700424
0.0016802809402521315
0.002214284620428789
0.0012257749455100496
0.0019603463584831693
0.0022203115038493307
0.0013979303908645251
0.002398078821145899
0.002347859878810012
0.0035029323262246704
0.0005131887325407591
0.0006425379702414199
0.0027817051544300536
0.0022507177136815385
0.0022324510292800383
0.002717846181120657
0.001590224786781824
0.0017764967196892147
0.00010743829893549361
0.00158908274072191
0.0006428343314885058
1.0
0.0026051545804614907
0.0013762600938453458
0.0004587175279232201
0.0008143241834959662
0.0008982725357930999
0.001
0.0016796175400176695
-0.0
-0.0005
-0.008699279236452152
-0.0
-0.0005
-0.009456155380081245
-0.0
-0.012059201229696418
-0.0
-0.0
-0.0
-0.0
-0.0
-0.0
-0.0
-0.0
-0.0
-0.0
-0.02863791686685445
-0.011198330886575946
0.0027767451211920206
0.001684148696646648
0.0016989453842644387
0.0008173015355881037
0.0005456879723422133
0.001885579514346418
0.0015119487108260238
0.001133673417622813
0.0012406228712788007
0.0017353156018932961
0.00233434573566782
0.0017856932915433516
0.0022642945414996056
0.0028686019831325373
0.004393963333977041
0.0014377586543504284
0.002125702325605692
0.001
0.0020041737982847935
0.0016820214764840836
0.0018204604230112693
0.001630650190128381
0.0026051545804614907
1.0
0.0021640345697770636
0.0018682809814789215
0.0018943709858443227
0.002631612713834232
0.0034878888242726937
0.0027146221667426656
-0.0
-0.0
-0.0
-0.0
-0.0
-0.014537196038029474
-0.0
-0.0
-0.0
-0.0035159366787459994
-0.029830272318395586
-0.0
-0.0
-0.0
-0.0
-0.013621542611494515
-0.0
-0.0
-0.01585737082036164
-0.0
0.0015062449557372353
0.0019248534054803106
0.001970542371095979
0.0015761992043245854
0.0007505943974538234
0.003008713860433665
0.0018147935437302948
0.003622183446317613
0.0008719300755876222
0.0021220852689226794
0.00033881277649225805
0.0024688753821256577
0.0021103728432440355
0.00108678096021058
0.0012682979633493229
0.0026507674673349065
0.0020512753224627036
0.002520819169280074
0.0008588649112158452
0.002614026510399721
0.0013457539442350286
0.0015091334873700863
0.0013762600938453458
0.0021640345697770636
1.0
0.00126014597932754
0.0018796892695164262
0.0014551843109213223
0.0006464355157202255
0.0014216026773373402
-0.0
-0.0005
-0.0
-0.0
-0.007628026099354595
-0.012361272638055814
-0.0
-0.0
-0.013559539363381138
-0.0
-0.009423211713102191
-0.008684608686802485
-0.0
-0.022286748750399515
-0.0
-0.0
-0.0
-0.0
-0.0
-0.0
0.002128278558851549
0.002984593362011286
0.001399599692932169
0.000971598029033722
0.0014125783713022843
0.0019673188212295974
0.0020974316969450553
0.0025755262627412
0.0022211339239685867
0.0027447720249022707
0.0026944056841501692
0.0024505394758715677
0.0024329897213359463
0.0028438010056159187
0.0008942191572320329
0.001
0.0036356766032122475
0.0024234312630881188
0.0008499170396105314
0.0019607594190329215
0.0018221070301365255
0.0026291148606130744
0.0004587175279232201
0.0018682809814789215
0.00126014597932754
1.0
0.0015319083205805426
0.0013612058294086692
0.0029262027109012052
0.003317419700990004
-0.01611960289540039
-0.0
-0.0
-0.0
-0.0314731295454668
-0.0
-0.0
-0.0
-0.0
-0.013829280363635506
-0.014279505694318424
-0.021790274761760434
-0.0
-0.0
-0.0026452752573023442
-0.0
-0.013594502415281191
-0.0
-0.0
-0.014299507943846015
0.0028060242313809633
0.001376498911914546
0.0011833682670305103
0.003162010603173771
0.0032355632685117063
0.0025384443948640724
0.0027050587953685095
0.003629303152062812
0.000662367930031404
0.0029210614788060555
0.0014716843888187595
0.0019315287694136709
0.0020991467919470974
0.0012950810051767135
0.0015563137114985091
0.0016940511672360063
0.0023928097383411487
0.002641767111480884
0.0024673704616340396
0.0027352047751183373
0.0028371459662155517
0.0020399462728373087
0.0008143241834959662
0.0018943709858443227
0.0018796892695164262
0.0015319083205805426
1.0
0.0037089308227182404
0.0021270833997073684
0.001979003908704823
-0.0
-0.0
-0.0
-0.0
-0.0
-0.0005
-0.0
-0.0
-0.03670209302672074
-0.0
-0.0
-0.0
-0.0
-0.0005
-0.0
-0.0005
-0.0
-0.0
-0.0
-0.011170159428085098
0.0018124845913613395
0.001994205376479595
0.0034332295666685358
0.0009331474627201847
0.0018726397318922488
0.000992676281327076
0.002049725870332523
0.0020354272941826576
0.0010668408776207021
0.0013133171130295935
0.003407310850281741
0.0024804860103585526
0.0027068728869787196
0.0015229684170164604
0.0013912219180321614
0.0016067262415604805
0.0017933382470304543
0.002229855328780306
0.0020260258582515175
0.00318216633238837
0.0018498154701691424
0.002184806137813803
0.0008982725357930999
0.002631612713834232
0.0014551843109213223
0.0013612058294086692
0.0037089308227182404
1.0
0.0017016901992379899
0.0011266052481086353
-0.0
-0.0
-0.0
-0.014350110939592287
-0.0
-0.005053142731312025
-0.0
-0.0
-0.0
-0.004379468569341965
-0.0
-0.0
-0.038417901092973716
-0.0
-0.0
-0.018332844921474675
-0.0
-0.0
-0.0005
-0.0
0.002583113227484301
0.0036399888788425493
0.002573257730687044
0.0019387276940366208
0.002717699969331342
0.0020217283782027395
0.0029074486487882323
0.0033977541235235137
0.0026239396418475205
0.003470171125236494
0.003002458081491444
0.0014032083727416934
0.003155899575656751
0.0013687335203996604
0.0002174654274909114
0.0028809896023025963
0.002176388766575062
0.003781078209100358
0.0010701833248233578
0.0008402334863089531
0.0032934838107769576
0.0010964449443424888
0.001
0.0034878888242726937
0.0006464355157202255
0.0029262027109012052
0.0021270833997073684
0.0017016901992379899
1.0
0.00319418070506813
-0.0
-0.0
-0.0
-0.0
-0.0
-0.006416265647645654
-0.0005
-0.021625237673318917
-0.0
-0.0
-0.0
-0.000752179341629175
-0.0
-0.0
-0.021326634169764425
-0.0
-0.0
-0.0
-0.0
-0.02075271452630574
0.002931025043505909
0.002889976829847172
0.003120741487990739
0.0031916652215405092
0.0029009550108218835
0.001061359200453082
0.003316846370441423
0.002967079323147857
0.0013547202329424095
0.0026570003683604763
0.0017813282593982232
0.00047379036485893536
0.0006478421538862662
0.001376469537405089
0.002890207708468616
0.0035835577894230515
0.001885730690596755
0.0002986121442769406
0.002392391204494373
0.0008199208847699162
0.0029457309689558298
0.0016480737588237774
0.0016796175400176695
0.0027146221667426656
0.0014216026773373402
0.003317419700990004
0.001979003908704823
0.0011266052481086353
0.00319418070506813
1.0
-0.01122921958655371
-0.0
-0.0
-0.0
-0.000989360962217762
-0.0
-0.015276689815384513
-0.0
-0.0
-0.0
-0.018109300194102458
-0.0
-0.006473137867762012
-0.019910051079274058
-0.0
-0.0
-0.02601642846702594
-0.0
-0.0
-0.0
-0.0005
-0.0
-0.0
-0.04911108212104981
-0.0005
-0.0
-0.0
-0.0
-0.0
-0.0
-0.0
-0.0
-0.009221542738168876
-0.016162536282243612
-0.0
-0.0
-0.0
-0.0
-0.0
-0.0042552420635950435
-0.0
-0.0
-0.0
-0.0
-0.0
-0.01611960289540039
-0.0
-0.0
-0.0
-0.01122921958655371
1.0
0.00010931289842015714
0.0020776783099918615
0.0021341552293086498
0.0018036512363729326
0.0006423422256122385
0.001126062817196957
0.0013770696676728912
0.003517578705494972
0.0031905731942098578
0.0036518517863494003
0.002661706758018476
0.0019405534324388447
0.0021551079973636416
0.003073296951091014
0.001966141708743085
0.002290315870740821
0.0035893039225132527
0.0007499484366883125
0.00220439340579274
-0.010217866381193725
-0.0
-0.0
-0.0
-0.0
-0.0
-0.018543924015483545
-0.0
-0.020763341972918667
-0.025339443211913407
-0.0
-0.0
-0.0
-0.0
-0.03289195280447351
-0.0
-0.008631459303695297
-0.02358365803825555
-0.026382906831763107
-0.006613461680969119
-0.0
-0.0
-0.0005
-0.0
-0.0005
-0.0
-0.0
-0.0
-0.0
-0.0
0.00010931289842015714
1.0
0.0011220448681843742
0.0024490929828134052
0.0023730483366553616
0.0010343391417003674
0.001
0.003438606366160347
0.0008999243760465896
0.0016056991356029544
0.00036987981661860394
0.0018235040332503227
0.002710022162593421
0.000967518226691643
0.0004842949244829647
0.0022913536188806888
0.0019439531864927685
0.0022602409449625173
0.002999333380225985
0.0034268016900447116
-0.0
-0.007033809122880982
-0.023792181325269376
-0.018534653207962652
-6.388077173289167e-05
-0.020892202928038145
-0.005323024385650665
-0.0
-0.0
-0.01068892474839893
-0.017259676689076124
-0.0005
-0.015266715981317805
-0.00681978541734731
-0.0
-0.008206342419208337
-0.0005
-0.035911120625874815
-0.0
-0.0
-0.0
-0.0
-0.008699279236452152
-0.0
-0.0
-0.0
-0.0
-0.0
-0.0
-0.0
0.0020776783099918615
0.0011220448681843742
1.0
0.0019726653315267854
0.0010702963478419446
0.0022228763401002365
0.0019222165617658782
0.001
0.0023467361678146375
0.001587085138623965
0.0004081036628478126
0.0013552037715102304
0.0003116852707269061
0.0026689812439311847
0.0022881466406391047
0.004269285910558824
0.002242511481007469
0.0011418751407439613
0.0019908317461051605
0.003411555112950746
-0.0004407164358438652
-0.02284805435176481
-0.020397414749355802
-0.0
-0.0
-0.0
-0.0
-0.0
-0.0
-0.0
-0.0
-0.010387308366187396
-0.0
-0.0
-0.0
-0.0
-0.0
-0.0
-0.0
-0.009859613512585295
-0.0
-0.0
-0.0
-0.0
-0.0
-0.0
-0.0
-0.014350110939592287
-0.0
-0.0
0.0021341552293086498
0.0024490929828134052
0.0019726653315267854
1.0
0.0006576786247876386
0.001538717462208607
0.00013387567591207207
0.0018134292876146648
0.0020739079721939224
0.004781126764179333
0.0007663994350721975
0.00248743109899819
0.0008145627571657351
0.001225233995833627
0.0016363776605160048
0.0006000050222615763
0.0014026469068156035
0.0005740533177015258
0.003261652269562659
0.001354590708800028
-0.029671885797300977
-0.0
-0.03670929892367031
-0.0
-0.00044088398365289133
-0.0
-0.0011565063093787274
-0.02333070640873597
-0.0
-0.0
-0.0
-0.0
-0.0
-0.0
-0.0
-0.014459804873234238
-0.0
-0.0
-0.0
-0.0
-0.0
-0.0
-0.0005
-0.0
-0.007628026099354595
-0.0314731295454668
-0.0
-0.0
-0.0
-0.000989360962217762
0.0018036512363729326
0.0023730483366553616
0.0010702963478419446
0.0006576786247876386
1.0
0.0011228977940196064
0.002029972912760057
0.0008251941558879892
0.0011609416966502572
0.00477400806168164
0.0016088756856535522
0.002280707015419367
0.003944525759414474
0.0020265743133770528
0.0009277063903626182
0.002780005819899843
0.0013913623215009324
0.0014308174323473314
0.000633785012428365
0.0018344753586776734
-0.0
-0.0
-0.0
-0.0
-0.0005
-0.0
-0.0
-0.0
-0.005534985230631052
-0.0
-0.0
-0.0
-0.0
-0.003401136589892483
-0.0
-0.0
-0.009101569147387256
-0.034297139961950746
-0.0
-0.0
-0.013561073734093314
-0.0005
-0.009456155380081245
-0.014537196038029474
-0.012361272638055814
-0.0
-0.0005
-0.005053142731312025
-0.006416265647645654
-0.0
0.0006423422256122385
0.0010343391417003674
0.0022228763401002365
0.001538717462208607
0.0011228977940196064
1.0
0.0017870461248851127
0.0012703758356900647
0.00104175292667714
0.0024584923093408425
0.002287398222635776
0.0016124769571675163
0.001
0.001955999821401328
0.0016190270439979844
0.0010023761578527351
0.0028392487195729645
0.0007222812656398473
0.0030113871250538934
0.00264359508838577
-0.006371327686440541
-0.0
-0.04022928530651092
-0.005755419524797549
-0.022059861008328595
-0.0
-0.0
-0.0005
-0.0
-0.0
-0.03245006996103167
-0.0005
-0.0
-0.0005
-0.0
-0.0
-0.0
-0.0
-0.0
-0.0008811786226560567
-0.02210848957204481
-0.0
-0.0
-0.0
-0.0
-0.0
-0.0
-0.0
-0.0005
-0.015276689815384513
0.001126062817196957
0.001
0.0019222165617658782
0.00013387567591207207
0.002029972912760057
0.0017870461248851127
1.0
0.0038001115854360487
0.0019413488195071614
0.0019042708961494656
0.002946534774793676
0.0020680168783269995
0.0019236873865480706
0.002733457424335767
0.0015224273260395936
0.0022926955049382583
0.0019164354148553278
0.0021480641835094428
0.0012787889427081085
0.001543834817275404
-0.0
-0.0
-0.009968407033735015
-0.0
-0.0
-0.01287207784094711
-0.0
-0.0005
-0.01043394891099663
-0.0
-0.0
-0.0005
-0.0
-0.008044094361991893
-0.0
-0.0
-0.0005
-0.0
-0.021097768961958516
-0.0
-0.0
-0.0
-0.012059201229696418
-0.0
-0.0
-0.0
-0.0
-0.0
-0.021625237673318917
-0.0
0.0013770696676728912
0.003438606366160347
0.001
0.0018134292876146648
0.0008251941558879892
0.0012703758356900647
0.0038001115854360487
1.0
0.001166090987547198
0.0016094331597994026
0.0030422614647923007
0.002573144450671287
0.0026225586400686167
0.0029428996691460074
0.0027170483516858477
0.0018560626706123546
0.003978478874995596
0.0022329688027968534
0.0011821330604042074
0.000789556419230533
-0.012954038769663532
-0.0
-0.0005
-0.0
-0.0005
-0.0005
-0.0
-0.0017270058463670999
-0.0
-0.0005
-0.0
-0.0
-0.0005
-0.018278788305298086
-0.0
-0.0
-0.0
-0.02572160507836791
-0.02625225140454776
-0.0
-0.0
-0.0005
-0.0
-0.0
-0.013559539363381138
-0.0
-0.03670209302672074
-0.0
-0.0
-0.0
0.003517578705494972
0.0008999243760465896
0.0023467361678146375
0.0020739079721939224
0.0011609416966502572
0.00104175292667714
0.0019413488195071614
0.001166090987547198
1.0
0.0011447127560907787
0.0027948815938649988
0.0030265365815016097
0.0011078230356482447
0.001969072255181228
0.002137701810290149
0.0033455076519544867
0.0007191999049794627
0.0011245461198235484
0.0030566658964440606
0.0024274544305398628
-0.0
-0.0
-0.0060373405794326
-0.0
-0.0
-0.0
-0.0
-0.0
-0.0
-0.0
-0.0
-0.0
-0.0
-0.0
-0.0
-0.0005
-0.0005
-0.022782109665763967
-0.0
-0.013014923277778388
-0.0005
-0.0
-0.0
-0.0035159366787459994
-0.0
-0.013829280363635506
-0.0
-0.004379468569341965
-0.0
-0.0
0.0031905731942098578
0.0016056991356029544
0.001587085138623965
0.004781126764179333
0.00477400806168164
0.0024584923093408425
0.0019042708961494656
0.0016094331597994026
0.0011447127560907787
1.0
0.0008944788448383791
0.003941210488864642
0.001018478518981787
0.0029510279226196436
0.0015708873430589922
0.0013390762246395745
0.002578989185630734
0.001853377671614606
5.6665991740912714e-05
0.0013386783344255478
-0.010485696222984045
-0.0
-0.0
-0.0
-0.0
-0.0
-0.0
-0.0
-0.0
-0.02623122589428656
-0.0
-0.0
-0.0005
-0.0
-2.2668719584846564e-05
-0.014689755799529029
-0.0
-0.0028000192912410278
-0.0
-0.020881373544788865
-0.0005
-0.0
-0.0
-0.029830272318395586
-0.009423211713102191
-0.014279505694318424
-0.0
-0.0
-0.0
-0.018109300194102458
0.0036518517863494003
0.00036987981661860394
0.0004081036628478126
0.0007663994350721975
0.0016088756856535522
0.002287398222635776
0.002946534774793676
0.0030422614647923007
0.0027948815938649988
0.0008944788448383791
1.0
0.001727553066901942
0.001948279212560262
0.001901241103538717
0.002904224665625804
0.0021966295614816913
0.0021638902809906677
0.0012245944665169358
0.0017555895448024442
0.002894949104391655
-0.009178579760009103
-0.0
-0.013731952112014738
-0.0
-0.0
-0.0
-0.0
-0.009903244427213093
-0.0
-0.0
-7.62403611450635e-05
-0.0
-0.0
-0.007032763372316287
-0.0
-0.01824077701219913
-0.0
-0.0
-0.007812573638945192
-0.0
-0.0
-0.0
-0.0
-0.0
-0.008684608686802485
-0.021790274761760434
-0.0
-0.0
-0.000752179341629175
-0.0
0.002661706758018476
0.0018235040332503227
0.0013552037715102304
0.00248743109899819
0.002280707015419367
0.0016124769571675163
0.0020680168783269995
0.002573144450671287
0.0030265365815016097
0.003941210488864642
0.001727553066901942
1.0
0.0021249124467529142
0.0010234837939793531
0.002874911224310995
0.0031452262003367785
0.0028598775587303374
0.0035157942396979837
0.002690157072751723
0.0021622770381085057
-0.0
-0.0
-0.0
-0.006220740920795715
-0.0
-0.040060959069216376
-0.0
-0.0
-0.0
-0.0
-0.0
-0.0
-0.0
-0.0
-0.021762394426961845
-0.005473229916610043
-0.0
-0.0
-0.0
-0.0
-0.02714998706293125
-0.0
-0.0
-0.0
-0.0
-0.0
-0.0
-0.038417901092973716
-0.0
-0.006473137867762012
0.0019405534324388447
0.002710022162593421
0.0003116852707269061
0.0008145627571657351
0.003944525759414474
0.001
0.0019236873865480706
0.0026225586400686167
0.0011078230356482447
0.001018478518981787
0.001948279212560262
0.0021249124467529142
1.0
0.0015782857160298997
0.001
0.0006966947794289373
0.000337218336584396
0.0026965845242773144
0.0004452844296803011
0.0020424530387094363
-0.0
-0.0
-0.008900462339563523
-0.04010157130839309
-0.0
-0.0019940868730113533
-0.015493033991188235
-0.0
-0.0
-0.0
-0.0
-0.0
-0.0
-0.0005
-0.0
-0.0
-0.0
-0.004509272296807944
-0.0066308600325949655
-0.0
-0.008329159948266007
-0.006618819087641087
-0.0
-0.0
-0.022286748750399515
-0.0
-0.0005
-0.0
-0.0
-0.019910051079274058
0.0021551079973636416
0.000967518226691643
0.0026689812439311847
0.001225233995833627
0.0020265743133770528
0.001955999821401328
0.002733457424335767
0.0029428996691460074
0.001969072255181228
0.0029510279226196436
0.001901241103538717
0.0010234837939793531
0.0015782857160298997
1.0
0.0028422420539239873
0.0027449519640955823
0.0021771168304095625
0.0008491425628922703
0.0017686612140262147
0.003018223072620405
-0.0
-0.0
-0.021952576136149114
-0.0
-0.0
-0.020402237430193912
-0.0
-0.0
-0.0254013762679601
-0.02170488875203988
-0.0
-0.0
-0.0005
-0.0
-0.0
-0.0005
-0.0
-0.0
-0.0
-0.0005
-0.01078815729933239
-0.011978381276705218
-0.0
-0.0
-0.0
-0.0026452752573023442
-0.0
-0.0
-0.021326634169764425
-0.0
0.003073296951091014
0.0004842949244829647
0.0022881466406391047
0.0016363776605160048
0.0009277063903626182
0.0016190270439979844
0.0015224273260395936
0.0027170483516858477
0.002137701810290149
0.0015708873430589922
0.002904224665625804
0.002874911224310995
0.001
0.0028422420539239873
1.0
0.003686640629552645
0.0034355009352003123
0.0013077279218445376
0.0024186116485209524
0.0033395134143579296
-0.0005
-0.0005
-0.0
-0.012656320529882865
-0.0
-0.0
-0.0
-0.0
-0.017139935012767553
-0.0005
-0.020259643984587922
-0.0
-0.0
-0.0
-0.02070581782579964
-0.0
-0.02300076973660104
-0.014903180674419163
-0.0
-0.0
-0.0
-0.0
-0.0
-0.013621542611494515
-0.0
-0.0
-0.0005
-0.018332844921474675
-0.0
-0.0
0.001966141708743085
0.0022913536188806888
0.004269285910558824
0.0006000050222615763
0.002780005819899843
0.0010023761578527351
0.0022926955049382583
0.0018560626706123546
0.0033455076519544867
0.0013390762246395745
0.0021966295614816913
0.0031452262003367785
0.0006966947794289373
0.0027449519640955823
0.003686640629552645
1.0
0.00267829858865365
0.002366212248105959
0.0024363983625251264
0.0019296482164896302
-0.0
-0.0
-0.020275865934535838
-0.0
-0.0
-0.0
-0.0
-0.0
-0.0
-0.0
-0.0
-0.0
-0.0
-0.0
-0.0
-0.0
-0.008096326902258205
-0.021668433424462452
-0.0
-0.0
-0.0
-0.008437063549188287
-0.0
-0.0
-0.0
-0.013594502415281191
-0.0
-0.0
-0.0
-0.02601642846702594
0.002290315870740821
0.0019439531864927685
0.002242511481007469
0.0014026469068156035
0.0013913623215009324
0.0028392487195729645
0.0019164354148553278
0.003978478874995596
0.0007191999049794627
0.002578989185630734
0.0021638902809906677
0.0028598775587303374
0.000337218336584396
0.0021771168304095625
0.0034355009352003123
0.00267829858865365
1.0
0.002178382775919831
0.003045634592440626
0.0020290729221994186
-0.0
-0.0
-0.0
-0.0
-0.026230152880724646
-0.011688666900292665
-0.00689299508481719
-0.0
-0.0005
-0.0
-0.0
-0.0
-0.0
-0.0
-0.0
-0.0
-0.0
-0.01448403206588034
-0.0
-0.0
-0.0
-0.0
-0.0
-0.0
-0.0
-0.0
-0.0
-0.0
-0.0
-0.0
0.0035893039225132527
0.0022602409449625173
0.0011418751407439613
0.0005740533177015258
0.0014308174323473314
0.0007222812656398473
0.0021480641835094428
0.0022329688027968534
0.0011245461198235484
0.001853377671614606
0.0012245944665169358
0.0035157942396979837
0.0026965845242773144
0.0008491425628922703
0.0013077279218445376
0.002366212248105959
0.002178382775919831
1.0
0.0032266668706019555
0.002845401935838021
-0.004328725531040166
-0.017681670737721786
-0.0
-0.0
-0.0
-0.0
-0.009701709920805672
-0.0
-0.00159751923271486
-0.0
-0.0
-0.0
-0.026955963236200857
-0.0
-0.030125982582994454
-0.007187830045280319
-0.0
-0.0
-0.0
-0.0
-0.0
-0.004004654096136352
-0.02863791686685445
-0.01585737082036164
-0.0
-0.0
-0.0
-0.0005
-0.0
-0.0
0.0007499484366883125
0.002999333380225985
0.0019908317461051605
0.003261652269562659
0.000633785012428365
0.0030113871250538934
0.0012787889427081085
0.0011821330604042074
0.0030566658964440606
5.6665991740912714e-05
0.0017555895448024442
0.002690157072751723
0.0004452844296803011
0.0017686612140262147
0.0024186116485209524
0.0024363983625251264
0.003045634592440626
0.0032266668706019555
1.0
0.0020595914218076686
-0.0
-0.0
-0.0
-0.0
-0.0008983530457176026
-0.0
-0.0005
-0.0005
-0.009662657153286555
-0.0
-0.003981813525790146
-0.0
-0.0
-0.0
-0.0
-0.021297058606069244
-0.0
-0.0046371028901629
-0.0010091548232791306
-0.0
-0.0
-0.012746744740430332
-0.011198330886575946
-0.0
-0.0
-0.014299507943846015
-0.011170159428085098
-0.0
-0.02075271452630574
-0.0
0.00220439340579274
0.0034268016900447116
0.003411555112950746
0.001354590708800028
0.0018344753586776734
0.00264359508838577
0.001543834817275404
0.000789556419230533
0.0024274544305398628
0.0013386783344255478
0.002894949104391655
0.0021622770381085057
0.0020424530387094363
0.003018223072620405
0.0033395134143579296
0.0019296482164896302
0.0020290729221994186
0.002845401935838021
0.0020595914218076686
1.0
