1.0
0.01
0.01
0.01
0.01
0.01
0.01
0.01
0.01
0.01
-0.0006497667156999883
-0.0007039139420083207
-0.000758061168316653
-0.0
-0.0
-0.0
-0.0009746500735499824
-0.0
-0.0
-0.0
0.01
1.0
0.01
0.01
0.01
0.01
0.01
0.01
0.01
0.01
-0.0007039139420083207
-0.000758061168316653
-0.0008122083946249854
-0.0008663556209333176
-0.00092050284724165
-0.0009746500735499824
-0.0
-0.0
-0.0011370917524749795
-0.0011912389787833118
0.01
0.01
1.0
0.01
0.01
0.01
0.01
0.01
0.01
0.01
-0.000758061168316653
-0.0008122083946249854
-0.0
-0.0
-0.0
-0.0
-0.0
-0.0
-0.0
-0.0012453862050916442
0.01
0.01
0.01
1.0
0.01
0.01
0.01
0.01
0.01
0.01
-0.0
-0.0
-0.00092050284724165
-0.0
-0.0
-0.0
-0.0
-0.0
-0.0
-0.0
0.01
0.01
0.01
0.01
1.0
0.01
0.01
0.01
0.01
0.01
-0.0
-0.00092050284724165
-0.0009746500735499824
-0.0
-0.0
-0.0
-0.0
-0.0
-0.0012995334313999766
-0.0
0.01
0.01
0.01
0.01
0.01
1.0
0.01
0.01
0.01
0.01
-0.00092050284724165
-0.0009746500735499824
-0.0
-0.0
-0.0
-0.0011912389787833118
-0.0
-0.0
-0.0
-0.0
0.01
0.01
0.01
0.01
0.01
0.01
1.0
0.01
0.01
0.01
-0.0009746500735499824
-0.0
-0.0
-0.0
-0.0
-0.0
-0.0
-0.001353680657708309
-0.0
-0.0
0.01
0.01
0.01
0.01
0.01
0.01
0.01
1.0
0.01
0.01
-0.0
-0.0
-0.0
-0.0
-0.0
-0.0
-0.001353680657708309
-0.0
-0.0014619751103249737
-0.001516122336633306
0.01
0.01
0.01
0.01
0.01
0.01
0.01
0.01
1.0
0.01
-0.0
-0.0
-0.0
-0.0012453862050916442
-0.0
-0.001353680657708309
-0.0014078278840166413
-0.0
-0.001516122336633306
-0.0
0.01
0.01
0.01
0.01
0.01
0.01
0.01
0.01
0.01
1.0
-0.0011370917524749795
-0.0
-0.0012453862050916442
-0.0012995334313999766
-0.0
-0.0
-0.0014619751103249737
-0.0
-0.0015702695629416384
-0.0
-0.0006497667156999883
-0.0007039139420083207
-0.000758061168316653
-0.0
-0.0
-0.00092050284724165
-0.0009746500735499824
-0.0
-0.0
-0.0011370917524749795
1.0
0.01
0.01
0.01
0.01
0.01
0.01
0.01
0.01
0.01
-0.0007039139420083207
-0.000758061168316653
-0.0008122083946249854
-0.0
-0.00092050284724165
-0.0009746500735499824
-0.0
-0.0
-0.0
-0.0
0.01
1.0
0.01
0.01
0.01
0.01
0.01
0.01
0.01
0.01
-0.000758061168316653
-0.0008122083946249854
-0.0
-0.00092050284724165
-0.0009746500735499824
-0.0
-0.0
-0.0
-0.0
-0.0012453862050916442
0.01
0.01
1.0
0.01
0.01
0.01
0.01
0.01
0.01
0.01
-0.0
-0.0008663556209333176
-0.0
-0.0
-0.0
-0.0
-0.0
-0.0
-0.0012453862050916442
-0.0012995334313999766
0.01
0.01
0.01
1.0
0.01
0.01
0.01
0.01
0.01
0.01
-0.0
-0.00092050284724165
-0.0
-0.0
-0.0
-0.0
-0.0
-0.0
-0.0
-0.0
0.01
0.01
0.01
0.01
1.0
0.01
0.01
0.01
0.01
0.01
-0.0
-0.0009746500735499824
-0.0
-0.0
-0.0
-0.0011912389787833118
-0.0
-0.0
-0.001353680657708309
-0.0
0.01
0.01
0.01
0.01
0.01
1.0
0.01
0.01
0.01
0.01
-0.0009746500735499824
-0.0
-0.0
-0.0
-0.0
-0.0
-0.0
-0.001353680657708309
-0.0014078278840166413
-0.0014619751103249737
0.01
0.01
0.01
0.01
0.01
0.01
1.0
0.01
0.01
0.01
-0.0
-0.0
-0.0
-0.0
-0.0
-0.0
-0.001353680657708309
-0.0
-0.0
-0.0
0.01
0.01
0.01
0.01
0.01
0.01
0.01
1.0
0.01
0.01
-0.0
-0.0011370917524749795
-0.0
-0.0
-0.0012995334313999766
-0.0
-0.0
-0.0014619751103249737
-0.001516122336633306
-0.0015702695629416384
0.01
0.01
0.01
0.01
0.01
0.01
0.01
0.01
1.0
0.01
-0.0
-0.0011912389787833118
-0.0012453862050916442
-0.0
-0.0
-0.0
-0.0
-0.001516122336633306
-0.0
-0.0
0.01
0.01
0.01
0.01
0.01
0.01
0.01
0.01
0.01
1.0
