1.0
0.004547857626388357
0.003443363470359179
0.0032204831718063457
0.0007484396089908441
0.001436033095220982
0.0008258514371797595
0.002447149669683772
0.0026944011114283166
0.002
0.0016429546653280694
0.0009907143970650518
0.003754890731487239
0.0013025535587509226
0.0021926148596338136
0.002
0.0012905411285946758
0.0008358190296621736
0.002304802911178541
0.0031779474594843416
0.0007958193489672526
0.0016913841974410993
0.0023668937822524587
0.002601366728429952
0.002620623536434925
0.00023539962094377867
0.0023533472308360547
0.001230894924282544
0.002698168461526418
0.0013365671192899701
-0.0
-0.0
-0.015427295890807009
-0.012096817517392425
-0.0
-0.0
-0.0
-0.0
-0.0
-0.0
-0.0
-0.0
-0.0
-0.0
-0.0
-0.0
-0.017563445304175557
-0.0
-0.0
-0.0
0.004547857626388357
1.0
0.0014587401080425903
0.002
0.0017907033322543402
0.0017899392032253852
0.0016364675977709813
0.0022504209693122177
0.0019313725859530745
0.0006289526665179583
0.0004904691636714242
0.0008858351049572763
0.0026188736344736644
0.0033070764226199806
0.0023910728639083717
0.0009048393364086986
0.0015536352305411947
0.001253317518696907
0.0007896415935250789
0.0033338397078256075
0.0025698192778603798
0.0022054285116098423
0.0006633084809842431
0.0006376928752366664
0.0021458891640312085
0.002366333885619058
0.002807349632324406
0.004664378091585826
0.0007142974830077733
0.0005959687268881581
-0.0
-0.0016490114749608607
-0.04059004743268006
-0.0
-0.0
-0.0113275605373861
-0.008267062381769334
-0.0
-0.0
-0.0
-0.0
-0.0
-0.0
-0.0
-0.0
-0.0
-0.0
-0.0
-0.0
-0.0
0.003443363470359179
0.0014587401080425903
1.0
0.0014197238571645875
0.00267656155348509
0.0024848417148501762
0.001427352043565343
0.001080817474225896
0.0011744866359339901
0.00054105968478385
0.0016093938213816634
0.001325591476296528
0.0029769870394100208
0.0010821494731993709
0.002821219410234153
0.0022556924673411234
0.001162529990897565
0.0017713720863573377
0.003256759259504141
0.004573400525867412
0.0008049590043021247
0.002075587121608244
0.0017588109310832764
0.0018779511904709798
0.002829055850304493
0.001687451801875747
0.0006231273556656265
0.002691390934679885
0.0002105984910987014
0.0015961071658759265
-0.0
-0.017592746730978763
-0.0
-0.0
-0.021790223301552322
-0.0
-0.0
-0.0
-0.008611940721485922
-0.0
-0.0
-0.0
-0.0
-0.0
-0.0
-0.03724349388115371
-0.0
-0.0
-0.0
-0.0
0.0032204831718063457
0.002
0.0014197238571645875
1.0
0.0007734830567283617
0.0006999170632957549
0.0013764940859371476
0.0020184113756913148
0.0009726707821109508
0.0031755581667327853
0.004551940133099655
0.0029781580847884773
0.001743313237102587
0.002425089400806883
0.002076962303009362
0.002526966184255675
0.0013268570510836628
0.0014112451277254064
0.0021674989550388873
0.0012295766155650872
0.002927749778853761
0.0025172029365711987
0.0017763805966482746
0.0005997387228386232
0.003268564427557819
0.0008319718672374007
0.0009868389598073194
0.0013931804483717676
0.00143735506097208
0.001392692636397334
-0.0
-0.0
-0.0
-0.0
-0.0
-0.0
-0.0
-0.0
-0.0
-0.0
-0.0
-0.0
-0.0
-0.0
-0.024109835348916524
-0.0
-0.0
-0.0
-0.03288018234576626
-0.0
0.0007484396089908441
0.0017907033322543402
0.00267656155348509
0.0007734830567283617
1.0
0.002688771943651418
0.0017471707556963303
0.00158685507305977
0.0027445746663723562
0.001409613747785097
0.0015473185081552874
0.0009642503410354729
0.0028610794481902903
0.0012205889834267637
0.0022694744906584857
0.0020903107598075205
0.0017335692262374588
0.0015187713068724514
0.003211661968379286
0.0014842203897240422
0.0024033935986830218
0.002599004481325882
0.003066554280489543
0.002142809016297926
0.0033227119942114453
0.002506460208764083
0.002852168735951683
0.0028319355641080457
0.0033463059728698497
0.001937697936503269
-0.0
-0.0
-0.0
-0.0
-0.0
-0.0
-0.0
-0.0
-0.0
-0.0
-0.0
-0.0
-0.0
-0.0
-0.0
-0.0
-0.0
-0.0
-0.0
-0.0
0.001436033095220982
0.0017899392032253852
0.0024848417148501762
0.0006999170632957549
0.002688771943651418
1.0
0.0023991861721485907
0.0019280815928542738
0.0008958831678244998
0.002
0.00254448073406165
0.0023854405207580144
0.0010296904863402257
0.0020988743283635145
0.0033840485869859206
0.0025549518654865606
0.0038116760844349876
0.0014499269309307707
0.003122416577808768
0.0005089764645054109
0.003336305210446728
0.0033068338291101598
0.002068950986191853
0.002667532621453271
0.0036404234019530406
0.0021605709949700665
0.002513094027361472
0.0016896246392905621
0.0020964884658038778
0.0009722543021002991
-0.0
-0.0
-0.0
-0.0
-0.03404569124443733
-0.0
-0.0021091249162691374
-0.0
-0.0
-0.0
-0.0010229088068485492
-0.0
-0.0
-0.0
-0.0
-0.0
-0.0
-0.0
-0.0
-0.0
0.0008258514371797595
0.0016364675977709813
0.001427352043565343
0.0013764940859371476
0.0017471707556963303
0.0023991861721485907
1.0
0.001481404126251569
0.0014967079920132791
0.0006630146488916982
0.0034066842136907527
0.0011604732701514684
0.0026924250677943006
0.0029641481562042316
0.004087981302751018
0.002482174892854901
0.002246091983508239
0.002764180650395434
0.0010293610570864657
0.0041845094621720934
0.0019028340427149387
0.0017654836964725172
0.0017082474315368466
0.0028884471351735535
0.002410118902375113
0.0020283424700415667
0.003456362078321666
0.0017890264115627233
0.0009923438589265253
0.0020135752764998847
-0.05298899287735109
-0.0
-0.0
-0.0
-0.0
-0.0
-0.0
-0.0680516047846947
-0.0
-0.0
-0.0
-0.0
-0.0
-0.0
-0.0
-0.027147395453732383
-0.0
-0.0
-0.0
-0.0
0.002447149669683772
0.0022504209693122177
0.001080817474225896
0.0020184113756913148
0.00158685507305977
0.0019280815928542738
0.001481404126251569
1.0
0.0010162826409654013
0.002599493848312745
0.0018921914514964434
0.0017144841807268626
0.0011246808887931084
0.0014779532893555115
0.0017436743288879023
0.0031225594788826436
0.0018264129880819788
0.0006400486012134942
0.0011872186265550154
0.002
0.0038164406288183055
0.002
0.0012629561615246677
0.0020408228332308123
0.004668182194382546
0.0021654552161773505
0.004527428778233374
0.0002675622445457461
0.00195548224448163
0.002225824608848006
-0.0
-0.037040593019213926
-0.0
-0.01848649605525919
-0.023722965749026062
-0.0667599401306286
-0.0
-0.0
-0.0
-0.034774269734393785
-0.0
-0.0
-0.0
-0.0
-0.0
-0.0
-0.0
-0.0
-0.0
-0.0
0.0026944011114283166
0.0019313725859530745
0.0011744866359339901
0.0009726707821109508
0.0027445746663723562
0.0008958831678244998
0.0014967079920132791
0.0010162826409654013
1.0
0.004134087512538201
0.0019283655784284473
0.003938331510912891
0.0027860585734763243
0.00042266965479418944
0.005082931726307045
0.002893520923063253
0.0020899103148412593
0.0018507122603616916
0.002038456842879771
0.00202937139145273
0.0035006135141663793
0.002623991416799149
0.0013858497968896742
0.0028269337378879064
0.002212525011834213
0.0031886386212242514
0.0024319672768350086
0.0023822473258603254
0.0022619900468344133
0.0022527717170149394
-0.0
-0.0
-0.0
-0.0
-0.023866497618506052
-0.0
-0.0
-0.0
-0.0
-0.0
-0.0
-0.0
-0.0
-0.03259822600897565
-0.0
-0.0
-0.030713261915341718
-0.0
-0.0
-0.018086506147865743
0.002
0.0006289526665179583
0.00054105968478385
0.0031755581667327853
0.001409613747785097
0.002
0.0006630146488916982
0.002599493848312745
0.004134087512538201
1.0
0.003487557403714623
0.0009450755597153766
0.002157631012591263
0.0018416375261484353
0.0015491109565209961
0.0022994401629633145
0.002445832441837693
0.0022762964194459547
0.004423209894585828
0.0022331139330466834
0.0016991739192152775
0.0032791144597559196
0.0012849927044091022
0.0025846478111940675
0.0009421134161767739
0.0016855550117822705
1.963057285406678e-06
0.00177029403433653
0.0010489537555836322
0.0005461620731859326
-0.0
-0.019697681105133584
-0.0
-0.0
-0.0
-0.0
-0.01043289765334683
-0.0065635641915843795
-0.0
-0.0
-0.0
-0.0
-0.0
-0.0
-0.0
-0.04126357790833892
-0.0
-0.0
-0.0
-0.0
0.0016429546653280694
0.0004904691636714242
0.0016093938213816634
0.004551940133099655
0.0015473185081552874
0.00254448073406165
0.0034066842136907527
0.0018921914514964434
0.0019283655784284473
0.003487557403714623
1.0
0.0028925313064046
0.002548451131261578
0.002734160529835924
0.0028626351807952517
0.002324612688158749
0.0030669490338353046
0.0026081885506808074
0.0034349773651820353
0.0022911382452872105
0.0017925654098308497
0.00012278299119979508
0.0017917022727713745
0.002263838962993069
0.0015020657688741036
0.002001497451034601
0.0012939331730144631
0.001893296822909215
0.0008732158701786463
0.0025135399437727687
-0.0
-0.0
-0.0
-0.0
-0.0
-0.0
-0.0
-0.0
-0.0
-0.0
-0.0
-0.01974153021101311
-0.0
-0.0
-0.0
-0.0
-0.0
-0.0
-0.0
-0.0
0.0009907143970650518
0.0008858351049572763
0.001325591476296528
0.0029781580847884773
0.0009642503410354729
0.0023854405207580144
0.0011604732701514684
0.0017144841807268626
0.003938331510912891
0.0009450755597153766
0.0028925313064046
1.0
0.0035661118931312554
0.0013382036344792814
0.0011709037730588607
0.0010752894957803893
0.0027377579842474023
0.00042317541181382265
0.0019116809094929309
0.0014579537450081122
0.0017872109103418887
0.0030982564898885006
0.0019831622442551666
0.0025224378923592336
0.002125527037046362
0.0024734645752512072
0.0019684623864375107
0.0016422402918383223
0.0023753741340131924
0.0021093856067986947
-0.0
-0.0
-0.0
-0.0
-0.0
-0.0
-0.0
-0.022838336962418243
-0.010248376661422457
-0.0
-0.0
-0.0
-0.0
-0.0
-0.0
-0.02187033567107296
-0.03506341714128949
-0.0
-0.0
-0.0
0.003754890731487239
0.0026188736344736644
0.0029769870394100208
0.001743313237102587
0.0028610794481902903
0.0010296904863402257
0.0026924250677943006
0.0011246808887931084
0.0027860585734763243
0.002157631012591263
0.002548451131261578
0.0035661118931312554
1.0
0.0025453232583746
0.002446692789854417
0.002968647598184668
0.002457430891674974
0.0018890445254763906
0.0024078587585072524
0.0012481877228657276
0.0013112417600116698
0.0036567596749217655
0.0006232994697861979
0.002708854088712522
0.0003287962130053123
0.00143129049900351
0.0003053062775828098
0.0030559435040428667
0.0018565733794524441
0.0008996526041286444
-0.0
-0.0
-0.0
-0.0
-0.0
-0.0
-0.0
-0.0
-0.0
-0.0
-0.0
-0.0
-0.0
-0.029838195044599655
-0.0
-0.0
-0.0
-0.0
-0.0
-0.0
0.0013025535587509226
0.0033070764226199806
0.0010821494731993709
0.002425089400806883
0.0012205889834267637
0.0020988743283635145
0.0029641481562042316
0.0014779532893555115
0.00042266965479418944
0.0018416375261484353
0.002734160529835924
0.0013382036344792814
0.0025453232583746
1.0
0.001104489313664634
0.0027415675528091104
0.00295732531321579
0.0011535507929665764
0.0018952767111755787
0.0021308022291495407
0.001708003993711376
0.0035630368981044136
0.0005086235679961743
0.0024329515435941563
0.002404959872139551
0.0013272928270471659
0.0008159391814345123
0.001613399966958306
0.002463294481579206
0.0011716325687532248
-0.0
-0.0
-0.0
-0.0
-0.0
-0.0
-0.0
-0.0
-0.0
-0.0
-0.004459294287383661
-0.0
-0.0
-0.004986616930805508
-0.0
-0.0
-0.0
-0.0
-0.0
-0.0
0.0021926148596338136
0.0023910728639083717
0.002821219410234153
0.002076962303009362
0.0022694744906584857
0.0033840485869859206
0.004087981302751018
0.0017436743288879023
0.005082931726307045
0.0015491109565209961
0.0028626351807952517
0.0011709037730588607
0.002446692789854417
0.001104489313664634
1.0
0.003163253972633188
0.002033648602384991
0.0005550492286066733
0.0015559551586911543
0.003156836282211606
0.0021584296892737174
0.0012510445704336283
0.0008719000820098205
0.0013192537101944174
0.0033263655117431487
0.0021480681204939303
0.0021571121554826047
0.002721410670194947
0.001745522941652824
0.0025015124337420783
-0.0
-0.0
-0.0
-0.0
-0.0
-0.012941245010674054
-0.0
-0.03220978626535377
-0.0
-0.0
-0.0
-0.0
-0.0
-0.0
-0.0
-0.0
-0.0028298618020212666
-0.0
-0.0
-0.0
0.002
0.0009048393364086986
0.0022556924673411234
0.002526966184255675
0.0020903107598075205
0.0025549518654865606
0.002482174892854901
0.0031225594788826436
0.002893520923063253
0.0022994401629633145
0.002324612688158749
0.0010752894957803893
0.002968647598184668
0.0027415675528091104
0.003163253972633188
1.0
0.0014133000084760052
0.0006992869230443492
0.0011990333954529058
0.001781102249720089
0.0010636856933238876
0.0012718073385726936
0.002242799850909844
0.002078263609974676
0.002360374185788071
0.003243920185093706
0.001429232519436528
0.0008253695012162671
0.0035032043850193473
0.0007602681270129689
-0.0
-0.0012105780570845475
-0.0
-0.0
-0.0
-0.0
-0.04089760103021296
-0.0
-0.0
-0.0
-0.0
-0.0
-0.0
-0.0
-0.06429606258136365
-0.0
-0.0
-0.0
-0.0
-0.0
0.0012905411285946758
0.0015536352305411947
0.001162529990897565
0.0013268570510836628
0.0017335692262374588
0.0038116760844349876
0.002246091983508239
0.0018264129880819788
0.0020899103148412593
0.002445832441837693
0.0030669490338353046
0.0027377579842474023
0.002457430891674974
0.00295732531321579
0.002033648602384991
0.0014133000084760052
1.0
0.0037360381479433743
0.0006424184810249346
0.0025338289080625203
0.0024753405367750657
0.0011041814962739274
0.0010470418751137509
0.002369007240780283
0.0034675002604208733
0.0012350820086087543
0.0014980674738787976
0.0003499205176929036
0.001011092383685733
0.0022774170864357807
-0.0
-0.0
-0.0
-0.00309391461052709
-0.0
-0.0
-0.0
-0.0
-0.0
-0.0
-0.0
-0.0
-0.0
-0.011570195220503053
-0.0
-0.0
-0.0
-0.0
-0.0
-0.0
0.0008358190296621736
0.001253317518696907
0.0017713720863573377
0.0014112451277254064
0.0015187713068724514
0.0014499269309307707
0.002764180650395434
0.0006400486012134942
0.0018507122603616916
0.0022762964194459547
0.0026081885506808074
0.00042317541181382265
0.0018890445254763906
0.0011535507929665764
0.0005550492286066733
0.0006992869230443492
0.0037360381479433743
1.0
0.00215540036956099
0.002
0.002
0.003979333625269827
0.0026441615196978268
0.003291311072877322
0.002669018754121694
0.002
0.001975583356511281
0.004070025207819392
7.61789844243427e-05
0.002695616019830846
-0.0
-0.0
-0.0
-0.0
-0.009137199152093753
-0.0
-0.0
-0.019742629687746344
-0.0
-0.0
-0.0
-0.0
-0.0
-0.0
-0.0
-0.0
-0.0
-0.0
-0.0
-0.0
0.002304802911178541
0.0007896415935250789
0.003256759259504141
0.0021674989550388873
0.003211661968379286
0.003122416577808768
0.0010293610570864657
0.0011872186265550154
0.002038456842879771
0.004423209894585828
0.0034349773651820353
0.0019116809094929309
0.0024078587585072524
0.0018952767111755787
0.0015559551586911543
0.0011990333954529058
0.0006424184810249346
0.00215540036956099
1.0
0.0023407427922602967
0.0014870336881456759
0.0014404413612339887
0.0010016646142928254
0.0006483989505777659
0.0037107889203581296
0.0016655440584186947
0.0011999713820120986
0.001278501510842535
0.0013476092654285052
0.0021503235881761974
-0.0
-0.0
-0.0
-0.0
-0.0
-0.0
-0.0214383351936036
-0.0
-0.0
-0.0
-0.0
-0.0
-0.0
-0.0
-0.0
-0.0
-0.0
-0.0
-0.006618236915860698
-0.0
0.0031779474594843416
0.0033338397078256075
0.004573400525867412
0.0012295766155650872
0.0014842203897240422
0.0005089764645054109
0.0041845094621720934
0.002
0.00202937139145273
0.0022331139330466834
0.0022911382452872105
0.0014579537450081122
0.0012481877228657276
0.0021308022291495407
0.003156836282211606
0.001781102249720089
0.0025338289080625203
0.002
0.0023407427922602967
1.0
0.0013418237121107755
0.0006611429449315124
0.0014017806351993185
0.0032328554816126115
0.0010241199010293848
0.003269083031063682
0.0027939686820789757
0.002026769137774488
0.0014728219666038191
0.0013545933875481293
-0.0
-0.0
-0.0
-0.0
-0.0
-0.0
-0.0
-0.0
-0.0
-0.0
-0.0
-0.0
-0.0
-0.0
-0.0
-0.0
-0.0
-0.0
-0.0
-0.0
0.0007958193489672526
0.0025698192778603798
0.0008049590043021247
0.002927749778853761
0.0024033935986830218
0.003336305210446728
0.0019028340427149387
0.0038164406288183055
0.0035006135141663793
0.0016991739192152775
0.0017925654098308497
0.0017872109103418887
0.0013112417600116698
0.001708003993711376
0.0021584296892737174
0.0010636856933238876
0.0024753405367750657
0.002
0.0014870336881456759
0.0013418237121107755
1.0
0.0021584803309443235
0.001509102082855345
0.0021913853581285786
0.0024359852979766007
0.0004716100844855363
0.0017666396443805393
0.0015962118083779
0.002
0.002314888864565538
-0.0
-0.0
-0.0
-0.014723728831202546
-0.0
-0.0
-0.0
-0.0
-0.0
-0.0
-0.017413672854488006
-0.00037981764030275023
-0.0
-0.02603042700675893
-0.0
-0.0
-0.0
-0.0
-0.0
-0.0
0.0016913841974410993
0.0022054285116098423
0.002075587121608244
0.0025172029365711987
0.002599004481325882
0.0033068338291101598
0.0017654836964725172
0.002
0.002623991416799149
0.0032791144597559196
0.00012278299119979508
0.0030982564898885006
0.0036567596749217655
0.0035630368981044136
0.0012510445704336283
0.0012718073385726936
0.0011041814962739274
0.003979333625269827
0.0014404413612339887
0.0006611429449315124
0.0021584803309443235
1.0
0.002999685735363672
0.002163637115821419
0.0012932496269251583
0.0008411696779321138
0.0026497247873324
0.0027382399178102774
0.002077295943118748
0.002
-0.0
-0.0
-0.0
-0.0
-0.0
-0.008722143924076876
-0.0
-0.0
-0.0
-0.0
-0.0
-0.02055511386085604
-0.0
-0.0
-0.0
-0.0
-0.0
-0.0
-0.0
-0.0
0.0023668937822524587
0.0006633084809842431
0.0017588109310832764
0.0017763805966482746
0.003066554280489543
0.002068950986191853
0.0017082474315368466
0.0012629561615246677
0.0013858497968896742
0.0012849927044091022
0.0017917022727713745
0.0019831622442551666
0.0006232994697861979
0.0005086235679961743
0.0008719000820098205
0.002242799850909844
0.0010470418751137509
0.0026441615196978268
0.0010016646142928254
0.0014017806351993185
0.001509102082855345
0.002999685735363672
1.0
0.002261864638034113
0.0016593824640320342
0.001387090600301111
0.0012266083470897646
0.0020420916127053134
0.002890018231093223
0.0026614046304492484
-0.0
-0.0
-0.0
-0.0
-0.021059312776169188
-0.0
-0.0
-0.0
-0.0
-0.0
-0.0
-0.0
-0.0
-0.0017307044838653658
-0.0
-0.0
-0.0
-0.019740522352620637
-0.0
-0.019829311054725823
0.002601366728429952
0.0006376928752366664
0.0018779511904709798
0.0005997387228386232
0.002142809016297926
0.002667532621453271
0.0028884471351735535
0.0020408228332308123
0.0028269337378879064
0.0025846478111940675
0.002263838962993069
0.0025224378923592336
0.002708854088712522
0.0024329515435941563
0.0013192537101944174
0.002078263609974676
0.002369007240780283
0.003291311072877322
0.0006483989505777659
0.0032328554816126115
0.0021913853581285786
0.002163637115821419
0.002261864638034113
1.0
0.0030949423939493586
0.004759597269336039
0.002
0.0034103652271339343
0.0014715827295690197
0.0022629660777462677
-0.0
-0.0
-0.0
-0.0
-0.0
-0.01372524757308281
-0.0
-0.0
-0.0
-0.0
-0.0
-0.0
-0.0
-0.0
-0.0
-0.0
-0.0
-0.0
-0.0
-0.0
0.002620623536434925
0.0021458891640312085
0.002829055850304493
0.003268564427557819
0.0033227119942114453
0.0036404234019530406
0.002410118902375113
0.004668182194382546
0.002212525011834213
0.0009421134161767739
0.0015020657688741036
0.002125527037046362
0.0003287962130053123
0.002404959872139551
0.0033263655117431487
0.002360374185788071
0.0034675002604208733
0.002669018754121694
0.0037107889203581296
0.0010241199010293848
0.0024359852979766007
0.0012932496269251583
0.0016593824640320342
0.0030949423939493586
1.0
0.0026580317019877613
0.0018856701289839193
0.0005141504778632517
0.0049434566642316945
0.0018733553271206118
-0.0
-0.0
-0.0
-0.0
-0.032271803898924
-0.0
-0.0
-0.033328378135933895
-0.0
-0.0
-0.0
-0.02794645762619244
-0.0
-0.0
-0.0
-0.0
-0.0
-0.0
-0.0
-0.0
0.00023539962094377867
0.002366333885619058
0.001687451801875747
0.0008319718672374007
0.002506460208764083
0.0021605709949700665
0.0020283424700415667
0.0021654552161773505
0.0031886386212242514
0.0016855550117822705
0.002001497451034601
0.0024734645752512072
0.00143129049900351
0.0013272928270471659
0.0021480681204939303
0.003243920185093706
0.0012350820086087543
0.002
0.0016655440584186947
0.003269083031063682
0.0004716100844855363
0.0008411696779321138
0.001387090600301111
0.004759597269336039
0.0026580317019877613
1.0
0.0024075261594667914
0.002
0.0013898968410779246
0.0018112657075330639
-0.0
-0.0
-0.0
-0.0
-0.0
-0.004597325697485385
-0.0
-0.044375836480406425
-0.009402452979957909
-0.0
-0.0
-0.0
-0.01658042327871627
-0.0
-0.0
-0.0
-0.0018567521284719307
-0.0
-0.0
-0.0
0.0023533472308360547
0.002807349632324406
0.0006231273556656265
0.0009868389598073194
0.002852168735951683
0.002513094027361472
0.003456362078321666
0.004527428778233374
0.0024319672768350086
1.963057285406678e-06
0.0012939331730144631
0.0019684623864375107
0.0003053062775828098
0.0008159391814345123
0.0021571121554826047
0.001429232519436528
0.0014980674738787976
0.001975583356511281
0.0011999713820120986
0.0027939686820789757
0.0017666396443805393
0.0026497247873324
0.0012266083470897646
0.002
0.0018856701289839193
0.0024075261594667914
1.0
0.0032101749580256715
0.0020813875183965966
0.0012489636013023504
-0.0
-0.0
-0.011868720658924322
-0.0
-0.0
-0.0
-0.0
-0.0
-0.0
-0.0
-0.0
-0.0
-0.0
-0.0
-0.0
-0.0
-0.0
-0.0
-0.0
-0.00044587183269720505
0.001230894924282544
0.004664378091585826
0.002691390934679885
0.0013931804483717676
0.0028319355641080457
0.0016896246392905621
0.0017890264115627233
0.0002675622445457461
0.0023822473258603254
0.00177029403433653
0.001893296822909215
0.0016422402918383223
0.0030559435040428667
0.001613399966958306
0.002721410670194947
0.0008253695012162671
0.0003499205176929036
0.004070025207819392
0.001278501510842535
0.002026769137774488
0.0015962118083779
0.0027382399178102774
0.0020420916127053134
0.0034103652271339343
0.0005141504778632517
0.002
0.0032101749580256715
1.0
0.0034834740318135833
0.0028227941835562995
-0.0
-0.0
-0.0
-0.0
-0.0
-0.0
-0.0
-0.0
-0.0
-0.0
-0.050796879410120205
-0.0
-0.0
-0.013449401022740762
-0.0
-0.0
-0.0
-0.0
-0.0
-0.0
0.002698168461526418
0.0007142974830077733
0.0002105984910987014
0.00143735506097208
0.0033463059728698497
0.0020964884658038778
0.0009923438589265253
0.00195548224448163
0.0022619900468344133
0.0010489537555836322
0.0008732158701786463
0.0023753741340131924
0.0018565733794524441
0.002463294481579206
0.001745522941652824
0.0035032043850193473
0.001011092383685733
7.61789844243427e-05
0.0013476092654285052
0.0014728219666038191
0.002
0.002077295943118748
0.002890018231093223
0.0014715827295690197
0.0049434566642316945
0.0013898968410779246
0.0020813875183965966
0.0034834740318135833
1.0
0.001013176062947262
-0.0
-0.0
-0.0
-0.0
-0.034411519991059965
-0.0
-0.015477157581806155
-0.0
-0.0
-0.0
-0.0
-0.0
-0.0
-0.0011054640157379904
-0.0
-0.0
-0.0
-0.0
-0.007367664216341678
-0.0
0.0013365671192899701
0.0005959687268881581
0.0015961071658759265
0.001392692636397334
0.001937697936503269
0.0009722543021002991
0.0020135752764998847
0.002225824608848006
0.0022527717170149394
0.0005461620731859326
0.0025135399437727687
0.0021093856067986947
0.0008996526041286444
0.0011716325687532248
0.0025015124337420783
0.0007602681270129689
0.0022774170864357807
0.002695616019830846
0.0021503235881761974
0.0013545933875481293
0.002314888864565538
0.002
0.0026614046304492484
0.0022629660777462677
0.0018733553271206118
0.0018112657075330639
0.0012489636013023504
0.0028227941835562995
0.001013176062947262
1.0
-0.0
-0.0
-0.005932147415538673
-0.0
-0.0
-0.0
-0.0
-0.0
-0.0
-0.0
-0.0
-0.0
-0.0
-0.0
-0.0
-0.0
-0.006958915242713475
-0.0
-0.0
-0.0
-0.0
-0.0
-0.0
-0.0
-0.0
-0.0
-0.05298899287735109
-0.0
-0.0
-0.0
-0.0
-0.0
-0.0
-0.0
-0.0
-0.0
-0.0
-0.0
-0.0
-0.0
-0.0
-0.0
-0.0
-0.0
-0.0
-0.0
-0.0
-0.0
-0.0
-0.0
1.0
0.0019286662783012873
0.00024972992219798526
0.003355418243184971
0.003519119756602041
0.002304831335715371
0.0023160420224442673
0.003504540070305519
0.003443080929977033
0.002495058172178023
0.0014988109346952693
0.0035976309046707672
0.0025310210631845414
0.0014641264105628672
0.004143336509474388
0.002523586052053666
0.00020019107963931485
0.0003100897540331234
0.0031130479395299867
0.0031815507689783844
-0.0
-0.0016490114749608607
-0.017592746730978763
-0.0
-0.0
-0.0
-0.0
-0.037040593019213926
-0.0
-0.019697681105133584
-0.0
-0.0
-0.0
-0.0
-0.0
-0.0012105780570845475
-0.0
-0.0
-0.0
-0.0
-0.0
-0.0
-0.0
-0.0
-0.0
-0.0
-0.0
-0.0
-0.0
-0.0
0.0019286662783012873
1.0
0.0025948712376248437
0.0013795912462472811
0.002
0.0035559629076392365
0.0010147680438253115
0.0012404622044186735
0.0019981754332131065
0.001856620350397214
0.0022521979030854246
0.0015883332371448879
0.0009139427160765289
0.001349701124884917
0.003716997877959057
0.00276489281520199
0.0012476406384112335
0.0021110329110626295
0.0013310396226905654
0.002492254452369227
-0.015427295890807009
-0.04059004743268006
-0.0
-0.0
-0.0
-0.0
-0.0
-0.0
-0.0
-0.0
-0.0
-0.0
-0.0
-0.0
-0.0
-0.0
-0.0
-0.0
-0.0
-0.0
-0.0
-0.0
-0.0
-0.0
-0.0
-0.0
-0.011868720658924322
-0.0
-0.0
-0.005932147415538673
0.00024972992219798526
0.0025948712376248437
1.0
0.0023394073144881013
0.0011852681886347278
0.003922443681358113
0.002
0.0023304332245927917
0.0024188205512788354
0.0012624505676352787
0.002851169292283821
0.001793326191899334
0.002564822601205096
0.0026815001590954767
0.002251449167209587
0.002016306515407668
0.0032525545598175495
0.0025062357533891795
0.0024223852345013883
0.0013776092372474625
-0.012096817517392425
-0.0
-0.0
-0.0
-0.0
-0.0
-0.0
-0.01848649605525919
-0.0
-0.0
-0.0
-0.0
-0.0
-0.0
-0.0
-0.0
-0.00309391461052709
-0.0
-0.0
-0.0
-0.014723728831202546
-0.0
-0.0
-0.0
-0.0
-0.0
-0.0
-0.0
-0.0
-0.0
0.003355418243184971
0.0013795912462472811
0.0023394073144881013
1.0
0.002820990380302887
0.00037594785831462896
0.0027064982930721255
0.000618866378855758
0.0016768992271042524
0.002021480281006422
0.0020050991191694237
0.001936771500690848
0.002193747975100837
0.00324644131256889
0.0035157828747740183
0.003590007006271736
0.0016520558337483446
0.0019905420433210743
0.0006030742028827038
0.0007665209231587466
-0.0
-0.0
-0.021790223301552322
-0.0
-0.0
-0.03404569124443733
-0.0
-0.023722965749026062
-0.023866497618506052
-0.0
-0.0
-0.0
-0.0
-0.0
-0.0
-0.0
-0.0
-0.009137199152093753
-0.0
-0.0
-0.0
-0.0
-0.021059312776169188
-0.0
-0.032271803898924
-0.0
-0.0
-0.0
-0.034411519991059965
-0.0
0.003519119756602041
0.002
0.0011852681886347278
0.002820990380302887
1.0
0.0002879286658754273
0.0019222221572690404
0.001222269254206194
0.002428340099971642
0.0033463598187330277
0.003474134795581719
0.001499888639219557
0.000310274596185284
0.003832333799104561
0.0005301649517991925
0.002345166146454634
0.0021292874513043946
0.0028674981707804137
0.0021492597130596727
0.0005630294097892991
-0.0
-0.0113275605373861
-0.0
-0.0
-0.0
-0.0
-0.0
-0.0667599401306286
-0.0
-0.0
-0.0
-0.0
-0.0
-0.0
-0.012941245010674054
-0.0
-0.0
-0.0
-0.0
-0.0
-0.0
-0.008722143924076876
-0.0
-0.01372524757308281
-0.0
-0.004597325697485385
-0.0
-0.0
-0.0
-0.0
0.002304831335715371
0.0035559629076392365
0.003922443681358113
0.00037594785831462896
0.0002879286658754273
1.0
0.0016726644542213024
0.002013384051087086
0.0012773918974499942
0.0012178133449693446
0.0005328991656053171
0.0011777145783162146
0.0030865900611363488
0.0008522817249608863
0.0018009528238587108
0.0011260534338253091
0.002139103193778759
0.002763137260144005
0.002632443760546363
0.0016250658650605767
-0.0
-0.008267062381769334
-0.0
-0.0
-0.0
-0.0021091249162691374
-0.0
-0.0
-0.0
-0.01043289765334683
-0.0
-0.0
-0.0
-0.0
-0.0
-0.04089760103021296
-0.0
-0.0
-0.0214383351936036
-0.0
-0.0
-0.0
-0.0
-0.0
-0.0
-0.0
-0.0
-0.0
-0.015477157581806155
-0.0
0.0023160420224442673
0.0010147680438253115
0.002
0.0027064982930721255
0.0019222221572690404
0.0016726644542213024
1.0
0.0029544698836806898
0.002962043618141485
0.002
0.0024625263848145557
0.0025888625811507403
0.001403874708138611
0.001741950083291437
0.0016813536129103523
0.001288049030822921
0.0030307271503303033
0.002490675178614054
0.002520102550367073
0.0024450622096028316
-0.0
-0.0
-0.0
-0.0
-0.0
-0.0
-0.0680516047846947
-0.0
-0.0
-0.0065635641915843795
-0.0
-0.022838336962418243
-0.0
-0.0
-0.03220978626535377
-0.0
-0.0
-0.019742629687746344
-0.0
-0.0
-0.0
-0.0
-0.0
-0.0
-0.033328378135933895
-0.044375836480406425
-0.0
-0.0
-0.0
-0.0
0.003504540070305519
0.0012404622044186735
0.0023304332245927917
0.000618866378855758
0.001222269254206194
0.002013384051087086
0.0029544698836806898
1.0
0.0034420545176646958
0.0023664471878811835
0.0023411926987973587
0.0019592490879712238
0.0017174008874842254
0.0027590370429953067
0.0012565662535734589
0.0017671412194787159
0.002532238619140795
0.002183127797892661
0.0023980798162957988
0.001455552198581111
-0.0
-0.0
-0.008611940721485922
-0.0
-0.0
-0.0
-0.0
-0.0
-0.0
-0.0
-0.0
-0.010248376661422457
-0.0
-0.0
-0.0
-0.0
-0.0
-0.0
-0.0
-0.0
-0.0
-0.0
-0.0
-0.0
-0.0
-0.009402452979957909
-0.0
-0.0
-0.0
-0.0
0.003443080929977033
0.0019981754332131065
0.0024188205512788354
0.0016768992271042524
0.002428340099971642
0.0012773918974499942
0.002962043618141485
0.0034420545176646958
1.0
0.0017036395949064063
0.0016183433553141344
0.0010475343273466733
0.002917156948002681
0.0017171542423365352
0.0018572218241398038
0.0015511481464663905
0.0032708773454595127
0.0024374161221994498
0.003331572342751039
0.0010992680748073739
-0.0
-0.0
-0.0
-0.0
-0.0
-0.0
-0.0
-0.034774269734393785
-0.0
-0.0
-0.0
-0.0
-0.0
-0.0
-0.0
-0.0
-0.0
-0.0
-0.0
-0.0
-0.0
-0.0
-0.0
-0.0
-0.0
-0.0
-0.0
-0.0
-0.0
-0.0
0.002495058172178023
0.001856620350397214
0.0012624505676352787
0.002021480281006422
0.0033463598187330277
0.0012178133449693446
0.002
0.0023664471878811835
0.0017036395949064063
1.0
0.0031455834556684617
0.001233524894803746
0.002
0.0022043849820279405
0.0026977205821618884
0.0009610079254218653
0.0023012778798453533
0.0007155595231249808
0.0018962443290847972
0.0005006112924923654
-0.0
-0.0
-0.0
-0.0
-0.0
-0.0010229088068485492
-0.0
-0.0
-0.0
-0.0
-0.0
-0.0
-0.0
-0.004459294287383661
-0.0
-0.0
-0.0
-0.0
-0.0
-0.0
-0.017413672854488006
-0.0
-0.0
-0.0
-0.0
-0.0
-0.0
-0.050796879410120205
-0.0
-0.0
0.0014988109346952693
0.0022521979030854246
0.002851169292283821
0.0020050991191694237
0.003474134795581719
0.0005328991656053171
0.0024625263848145557
0.0023411926987973587
0.0016183433553141344
0.0031455834556684617
1.0
0.001116329706316792
0.001818273965849535
0.0019066499120543989
0.0022913882717153057
0.0030982414831901067
0.0017094938687916186
0.0018763070603399134
0.0030036431073461115
0.0012010511419832753
-0.0
-0.0
-0.0
-0.0
-0.0
-0.0
-0.0
-0.0
-0.0
-0.0
-0.01974153021101311
-0.0
-0.0
-0.0
-0.0
-0.0
-0.0
-0.0
-0.0
-0.0
-0.00037981764030275023
-0.02055511386085604
-0.0
-0.0
-0.02794645762619244
-0.0
-0.0
-0.0
-0.0
-0.0
0.0035976309046707672
0.0015883332371448879
0.001793326191899334
0.001936771500690848
0.001499888639219557
0.0011777145783162146
0.0025888625811507403
0.0019592490879712238
0.0010475343273466733
0.001233524894803746
0.001116329706316792
1.0
0.0031585286122103743
0.003871896128185575
0.0014795676314394567
0.001036673371056546
0.0020424578693324026
0.0013419212510546652
0.0025708680206616243
0.002034674767794218
-0.0
-0.0
-0.0
-0.0
-0.0
-0.0
-0.0
-0.0
-0.0
-0.0
-0.0
-0.0
-0.0
-0.0
-0.0
-0.0
-0.0
-0.0
-0.0
-0.0
-0.0
-0.0
-0.0
-0.0
-0.0
-0.01658042327871627
-0.0
-0.0
-0.0
-0.0
0.0025310210631845414
0.0009139427160765289
0.002564822601205096
0.002193747975100837
0.000310274596185284
0.0030865900611363488
0.001403874708138611
0.0017174008874842254
0.002917156948002681
0.002
0.001818273965849535
0.0031585286122103743
1.0
0.0016715341715088422
0.002840838543013244
0.002
0.0016284584767613899
0.0018447912669931768
0.0008867566811495038
0.004576900502370678
-0.0
-0.0
-0.0
-0.0
-0.0
-0.0
-0.0
-0.0
-0.03259822600897565
-0.0
-0.0
-0.0
-0.029838195044599655
-0.004986616930805508
-0.0
-0.0
-0.011570195220503053
-0.0
-0.0
-0.0
-0.02603042700675893
-0.0
-0.0017307044838653658
-0.0
-0.0
-0.0
-0.0
-0.013449401022740762
-0.0011054640157379904
-0.0
0.0014641264105628672
0.001349701124884917
0.0026815001590954767
0.00324644131256889
0.003832333799104561
0.0008522817249608863
0.001741950083291437
0.0027590370429953067
0.0017171542423365352
0.0022043849820279405
0.0019066499120543989
0.003871896128185575
0.0016715341715088422
1.0
0.002
0.002216791565982066
0.0030960906865092905
0.001835364560175569
0.0002056076022843125
0.0007635479961333766
-0.0
-0.0
-0.0
-0.024109835348916524
-0.0
-0.0
-0.0
-0.0
-0.0
-0.0
-0.0
-0.0
-0.0
-0.0
-0.0
-0.06429606258136365
-0.0
-0.0
-0.0
-0.0
-0.0
-0.0
-0.0
-0.0
-0.0
-0.0
-0.0
-0.0
-0.0
-0.0
0.004143336509474388
0.003716997877959057
0.002251449167209587
0.0035157828747740183
0.0005301649517991925
0.0018009528238587108
0.0016813536129103523
0.0012565662535734589
0.0018572218241398038
0.0026977205821618884
0.0022913882717153057
0.0014795676314394567
0.002840838543013244
0.002
1.0
0.0020412547959486596
0.0014199284956782241
0.0014326113020746377
0.0018151237048157692
0.0007409924684510718
-0.0
-0.0
-0.03724349388115371
-0.0
-0.0
-0.0
-0.027147395453732383
-0.0
-0.0
-0.04126357790833892
-0.0
-0.02187033567107296
-0.0
-0.0
-0.0
-0.0
-0.0
-0.0
-0.0
-0.0
-0.0
-0.0
-0.0
-0.0
-0.0
-0.0
-0.0
-0.0
-0.0
-0.0
0.002523586052053666
0.00276489281520199
0.002016306515407668
0.003590007006271736
0.002345166146454634
0.0011260534338253091
0.001288049030822921
0.0017671412194787159
0.0015511481464663905
0.0009610079254218653
0.0030982414831901067
0.001036673371056546
0.002
0.002216791565982066
0.0020412547959486596
1.0
0.0025501706688687707
0.0029892841806295075
0.002801854330024859
0.0005814145511317259
-0.017563445304175557
-0.0
-0.0
-0.0
-0.0
-0.0
-0.0
-0.0
-0.030713261915341718
-0.0
-0.0
-0.03506341714128949
-0.0
-0.0
-0.0028298618020212666
-0.0
-0.0
-0.0
-0.0
-0.0
-0.0
-0.0
-0.0
-0.0
-0.0
-0.0018567521284719307
-0.0
-0.0
-0.0
-0.006958915242713475
0.00020019107963931485
0.0012476406384112335
0.0032525545598175495
0.0016520558337483446
0.0021292874513043946
0.002139103193778759
0.0030307271503303033
0.002532238619140795
0.0032708773454595127
0.0023012778798453533
0.0017094938687916186
0.0020424578693324026
0.0016284584767613899
0.0030960906865092905
0.0014199284956782241
0.0025501706688687707
1.0
0.0015579336125113767
0.0033857944666128162
0.0025412034605986574
-0.0
-0.0
-0.0
-0.0
-0.0
-0.0
-0.0
-0.0
-0.0
-0.0
-0.0
-0.0
-0.0
-0.0
-0.0
-0.0
-0.0
-0.0
-0.0
-0.0
-0.0
-0.0
-0.019740522352620637
-0.0
-0.0
-0.0
-0.0
-0.0
-0.0
-0.0
0.0003100897540331234
0.0021110329110626295
0.0025062357533891795
0.0019905420433210743
0.0028674981707804137
0.002763137260144005
0.002490675178614054
0.002183127797892661
0.0024374161221994498
0.0007155595231249808
0.0018763070603399134
0.0013419212510546652
0.0018447912669931768
0.001835364560175569
0.0014326113020746377
0.0029892841806295075
0.0015579336125113767
1.0
0.0003403550113592873
0.0035215400267842095
-0.0
-0.0
-0.0
-0.03288018234576626
-0.0
-0.0
-0.0
-0.0
-0.0
-0.0
-0.0
-0.0
-0.0
-0.0
-0.0
-0.0
-0.0
-0.0
-0.006618236915860698
-0.0
-0.0
-0.0
-0.0
-0.0
-0.0
-0.0
-0.0
-0.0
-0.007367664216341678
-0.0
0.0031130479395299867
0.0013310396226905654
0.0024223852345013883
0.0006030742028827038
0.0021492597130596727
0.002632443760546363
0.002520102550367073
0.0023980798162957988
0.003331572342751039
0.0018962443290847972
0.0030036431073461115
0.0025708680206616243
0.0008867566811495038
0.0002056076022843125
0.0018151237048157692
0.002801854330024859
0.0033857944666128162
0.0003403550113592873
1.0
0.0013193465271713483
-0.0
-0.0
-0.0
-0.0
-0.0
-0.0
-0.0
-0.0
-0.018086506147865743
-0.0
-0.0
-0.0
-0.0
-0.0
-0.0
-0.0
-0.0
-0.0
-0.0
-0.0
-0.0
-0.0
-0.019829311054725823
-0.0
-0.0
-0.0
-0.00044587183269720505
-0.0
-0.0
-0.0
0.0031815507689783844
0.002492254452369227
0.0013776092372474625
0.0007665209231587466
0.0005630294097892991
0.0016250658650605767
0.0024450622096028316
0.001455552198581111
0.0010992680748073739
0.0005006112924923654
0.0012010511419832753
0.002034674767794218
0.004576900502370678
0.0007635479961333766
0.0007409924684510718
0.0005814145511317259
0.0025412034605986574
0.0035215400267842095
0.0013193465271713483
1.0
