1.0
0.01284569644914678
0.00959211072189462
0.007177780326114473
0.011207189236339456
0.006922094941614667
0.013174493476869279
0.010747210845466445
0.008561393949059588
0.006719029331557276
-0.0
-0.0
-0.0
-0.0
-0.0
-0.0
-0.0
-0.0
-0.0
-0.0
0.01284569644914678
1.0
0.0084630747914601
0.015121454503552938
0.013527640767965777
0.012198847965523691
0.011148032265726322
0.007754591077559094
0.009336531598926076
0.01008942221217921
-0.0
-0.08571092901896137
-0.0
-0.0
-0.07474380626720663
-0.0
-0.0
-0.1513172681103898
-0.04329920632814212
-0.0
0.00959211072189462
0.0084630747914601
1.0
0.011096617277356901
0.009405545713618103
0.007895508312323824
0.008707981617561913
0.010833378924603667
0.009175413098646026
0.011345128438856125
-0.0
-0.0
-0.0
-0.0
-0.0
-0.08137138760201726
-0.0
-0.0
-0.002
-0.0
0.007177780326114473
0.015121454503552938
0.011096617277356901
1.0
0.010343269974380771
0.010600024619003535
0.008194430700000536
0.010611240090995754
0.008977256761230346
0.011274211594984398
-0.0718378850463117
-0.0
-0.002
-0.0
-0.06535490864963137
-0.0
-0.0
-0.0
-0.0
-0.0
0.011207189236339456
0.013527640767965777
0.009405545713618103
0.010343269974380771
1.0
0.010674421427662078
0.011441073326654526
0.008110836970158858
0.010755365394517939
0.006669437421674277
-0.0
-0.0
-0.0004018280110631191
-0.0
-0.0
-0.0
-0.002
-0.0
-0.0
-0.002
0.006922094941614667
0.012198847965523691
0.007895508312323824
0.010600024619003535
0.010674421427662078
1.0
0.012071587271532125
0.011427582383372365
0.011920776902365371
0.014572861120480547
-0.0
-0.0
-0.0
-0.1062615071079213
-0.0
-0.0
-0.0
-0.0
-0.0
-0.10233035866803751
0.013174493476869279
0.011148032265726322
0.008707981617561913
0.008194430700000536
0.011441073326654526
0.012071587271532125
1.0
0.01072535622590352
0.009767177316742797
0.007553746852912852
-0.0
-0.0
-0.03369433667418894
-0.0
-0.06758834721249929
-0.020310159011728626
-0.0
-0.0
-0.0
-0.0
0.010747210845466445
0.007754591077559094
0.010833378924603667
0.010611240090995754
0.008110836970158858
0.011427582383372365
0.01072535622590352
1.0
0.010972539841837858
0.009403680457527689
-0.0
-0.02419116247627684
-0.0
-0.0
-0.0
-0.0
-0.002
-0.0
-0.0
-0.002
0.008561393949059588
0.009336531598926076
0.009175413098646026
0.008977256761230346
0.010755365394517939
0.011920776902365371
0.009767177316742797
0.010972539841837858
1.0
0.007670668112066891
-0.0
-0.0
-0.0
-0.0
-0.0
-0.0
-0.002
-0.0
-0.0
-0.0
0.006719029331557276
0.01008942221217921
0.011345128438856125
0.011274211594984398
0.006669437421674277
0.014572861120480547
0.007553746852912852
0.009403680457527689
0.007670668112066891
1.0
-0.0
-0.0
-0.0
-0.0
-0.0
-0.0
-0.056559581107181886
-0.0
-0.0
-0.0
-0.0
-0.0
-0.0
-0.0718378850463117
-0.0
-0.0
-0.0
-0.0
-0.0
-0.0
1.0
0.010378512350214206
0.012446843019535069
0.012219461896452899
0.010191002852749896
0.01361476035125707
0.008653710196859917
0.012471332503176804
0.010564180093367665
0.010233245581411926
-0.0
-0.08571092901896137
-0.0
-0.0
-0.0
-0.0
-0.0
-0.02419116247627684
-0.0
-0.0
0.010378512350214206
1.0
0.007762110137213989
0.01444105528688314
0.008269270574219759
0.009846642237642853
0.012621405769698803
0.0058284642167929284
0.009035033207487034
0.010380797292991316
-0.0
-0.0
-0.0
-0.002
-0.0004018280110631191
-0.0
-0.03369433667418894
-0.0
-0.0
-0.0
0.012446843019535069
0.007762110137213989
1.0
0.005757771487848375
0.010616303943623364
0.008968681845609724
0.01279366540562133
0.011466761363545158
0.010016256533816754
0.011682571843850765
-0.0
-0.0
-0.0
-0.0
-0.0
-0.1062615071079213
-0.0
-0.0
-0.0
-0.0
0.012219461896452899
0.01444105528688314
0.005757771487848375
1.0
0.010769902921527187
0.009460939539234835
0.009354107710565523
0.011070921443985263
0.012574738745072485
0.006231029254337403
-0.0
-0.07474380626720663
-0.0
-0.06535490864963137
-0.0
-0.0
-0.06758834721249929
-0.0
-0.0
-0.0
0.010191002852749896
0.008269270574219759
0.010616303943623364
0.010769902921527187
1.0
0.010700226794726151
0.01134985359467803
0.010341319496834754
0.010031688679948855
0.011338018662658466
-0.0
-0.0
-0.08137138760201726
-0.0
-0.0
-0.0
-0.020310159011728626
-0.0
-0.0
-0.0
0.01361476035125707
0.009846642237642853
0.008968681845609724
0.009460939539234835
0.010700226794726151
1.0
0.011973237887198038
0.010928476345718306
0.012223115377526659
0.011015942227181148
-0.0
-0.0
-0.0
-0.0
-0.002
-0.0
-0.0
-0.002
-0.002
-0.056559581107181886
0.008653710196859917
0.012621405769698803
0.01279366540562133
0.009354107710565523
0.01134985359467803
0.011973237887198038
1.0
0.00952189726300306
0.008436186542463704
0.011262693102652183
-0.0
-0.1513172681103898
-0.0
-0.0
-0.0
-0.0
-0.0
-0.0
-0.0
-0.0
0.012471332503176804
0.0058284642167929284
0.011466761363545158
0.011070921443985263
0.010341319496834754
0.010928476345718306
0.00952189726300306
1.0
0.011010967532885168
0.01395762409853581
-0.0
-0.04329920632814212
-0.002
-0.0
-0.0
-0.0
-0.0
-0.0
-0.0
-0.0
0.010564180093367665
0.009035033207487034
0.010016256533816754
0.012574738745072485
0.010031688679948855
0.012223115377526659
0.008436186542463704
0.011010967532885168
1.0
0.009055672120058617
-0.0
-0.0
-0.0
-0.0
-0.002
-0.10233035866803751
-0.0
-0.002
-0.0
-0.0
0.010233245581411926
0.010380797292991316
0.011682571843850765
0.006231029254337403
0.011338018662658466
0.011015942227181148
0.011262693102652183
0.01395762409853581
0.009055672120058617
1.0
