1.0
0.002
0.002
0.002
0.002
0.002
0.002
0.002
0.002
0.002
0.002
0.002
0.002
0.002
0.002
0.002
0.002
0.002
0.002
0.002
0.002
0.002
0.002
0.002
0.002
0.002
0.002
0.002
0.002
0.002
-0.0
-0.005522827329717822
-0.007860358782670608
-0.0
-0.0
-0.0
-0.0
-0.0
-0.0
-0.03461695020160907
-0.0
-0.0
-0.0038119031334129033
-3.8402419783542877e-05
-0.0
-0.0
-0.0
-0.0
-0.015878585449113757
-0.0
0.002
1.0
0.002
0.002
0.002
0.002
0.002
0.002
0.002
0.002
0.002
0.002
0.002
0.002
0.002
0.002
0.002
0.002
0.002
0.002
0.002
0.002
0.002
0.002
0.002
0.002
0.002
0.002
0.002
0.002
-0.019855508548517774
-0.0
-0.0
-0.0
-0.0
-0.0
-0.0
-0.0
-0.0
-0.0
-0.0
-0.005005332262496954
-0.0
-0.006260162327225011
-0.004963350536981166
-0.0
-0.0
-0.01785296660924215
-0.0
-0.019642573482725516
0.002
0.002
1.0
0.002
0.002
0.002
0.002
0.002
0.002
0.002
0.002
0.002
0.002
0.002
0.002
0.002
0.002
0.002
0.002
0.002
0.002
0.002
0.002
0.002
0.002
0.002
0.002
0.002
0.002
0.002
-0.0
-0.0
-0.0
-0.0
-0.0
-0.0
-0.0
-0.0
-0.0
-0.011937102531026969
-0.0
-0.0
-0.0
-0.0
-0.0
-0.0
-0.0
-0.022143467494124266
-0.0
-0.0
0.002
0.002
0.002
1.0
0.002
0.002
0.002
0.002
0.002
0.002
0.002
0.002
0.002
0.002
0.002
0.002
0.002
0.002
0.002
0.002
0.002
0.002
0.002
0.002
0.002
0.002
0.002
0.002
0.002
0.002
-0.009885323092024218
-0.00850953722871226
-0.0
-0.0
-0.0
-0.0
-0.0
-0.0
-0.0
-0.0
-0.0
-0.0
-0.0
-0.0
-0.0
-0.0
-0.0
-0.0
-0.0
-0.0
0.002
0.002
0.002
0.002
1.0
0.002
0.002
0.002
0.002
0.002
0.002
0.002
0.002
0.002
0.002
0.002
0.002
0.002
0.002
0.002
0.002
0.002
0.002
0.002
0.002
0.002
0.002
0.002
0.002
0.002
-0.0057841440175209315
-0.01351279318543995
-0.0
-0.0
-0.0
-0.0
-0.0
-0.0
-0.0
-0.0
-0.0
-0.0
-0.0
-0.0
-0.0
-0.0
-0.0
-0.0
-0.0
-0.0
0.002
0.002
0.002
0.002
0.002
1.0
0.002
0.002
0.002
0.002
0.002
0.002
0.002
0.002
0.002
0.002
0.002
0.002
0.002
0.002
0.002
0.002
0.002
0.002
0.002
0.002
0.002
0.002
0.002
0.002
-0.0014996213272911955
-0.0
-0.0
-0.030415875140962015
-0.0
-0.0
-0.02653267965907563
-0.0
-0.0
-0.0
-0.026559033653992897
-0.0
-0.0
-0.0
-0.0
-0.0
-0.005811783470426002
-0.027735204178770498
-0.012596088489404517
-0.0
0.002
0.002
0.002
0.002
0.002
0.002
1.0
0.002
0.002
0.002
0.002
0.002
0.002
0.002
0.002
0.002
0.002
0.002
0.002
0.002
0.002
0.002
0.002
0.002
0.002
0.002
0.002
0.002
0.002
0.002
-0.0
-0.00993815336230073
-0.0
-0.0
-0.00467085050416513
-0.013435899716791253
-0.007047489934531642
-0.0
-0.0
-0.0
-0.0
-0.0
-0.0
-0.0
-0.0
-0.01475980270991538
-0.0
-0.0
-0.0
-0.0
0.002
0.002
0.002
0.002
0.002
0.002
0.002
1.0
0.002
0.002
0.002
0.002
0.002
0.002
0.002
0.002
0.002
0.002
0.002
0.002
0.002
0.002
0.002
0.002
0.002
0.002
0.002
0.002
0.002
0.002
-0.0
-0.0
-0.0
-0.006641293392398422
-0.0013097257882398218
-0.010059999547359448
-0.0
-0.0
-0.0
-0.0
-0.0
-0.0
-0.001194197507698596
-0.0
-0.0
-0.0
-0.0
-0.0
-0.0
-0.0
0.002
0.002
0.002
0.002
0.002
0.002
0.002
0.002
1.0
0.002
0.002
0.002
0.002
0.002
0.002
0.002
0.002
0.002
0.002
0.002
0.002
0.002
0.002
0.002
0.002
0.002
0.002
0.002
0.002
0.002
-0.0
-0.0
-0.0
-0.0
-0.0
-0.0
-0.020575086247713058
-0.0
-0.0
-0.0
-0.0
-0.0
-0.0
-0.0
-0.0
-0.0
-0.0
-0.0
-0.0
-0.0
0.002
0.002
0.002
0.002
0.002
0.002
0.002
0.002
0.002
1.0
0.002
0.002
0.002
0.002
0.002
0.002
0.002
0.002
0.002
0.002
0.002
0.002
0.002
0.002
0.002
0.002
0.002
0.002
0.002
0.002
-0.0
-0.006208242983600593
-0.0
-0.0
-0.0
-0.0
-0.006639092128685968
-0.0
-0.017395025646712452
-0.0
-0.0023518507111870302
-0.0
-0.0
-0.0
-0.0
-0.0
-0.015627711351888517
-0.0
-0.0
-0.0
0.002
0.002
0.002
0.002
0.002
0.002
0.002
0.002
0.002
0.002
1.0
0.002
0.002
0.002
0.002
0.002
0.002
0.002
0.002
0.002
0.002
0.002
0.002
0.002
0.002
0.002
0.002
0.002
0.002
0.002
-0.0
-0.0
-0.0
-0.0
-0.0
-0.0
-0.0
-0.017590903505732565
-0.008420638129837864
-0.02222490469237729
-0.0
-0.0
-0.0
-0.0
-0.03049218535966352
-0.0
-0.0
-0.0
-0.0
-0.0
0.002
0.002
0.002
0.002
0.002
0.002
0.002
0.002
0.002
0.002
0.002
1.0
0.002
0.002
0.002
0.002
0.002
0.002
0.002
0.002
0.002
0.002
0.002
0.002
0.002
0.002
0.002
0.002
0.002
0.002
-0.00914179797346497
-0.0
-0.0
-0.0
-0.0
-0.0
-0.0
-0.02225598251539418
-0.00484035266890115
-0.0
-0.0
-0.0
-0.0
-0.0
-0.0
-0.0
-0.0
-0.0
-0.010533743343659823
-0.012965341371801265
0.002
0.002
0.002
0.002
0.002
0.002
0.002
0.002
0.002
0.002
0.002
0.002
1.0
0.002
0.002
0.002
0.002
0.002
0.002
0.002
0.002
0.002
0.002
0.002
0.002
0.002
0.002
0.002
0.002
0.002
-0.0
-0.0
-0.0
-0.0
-0.0
-0.0
-0.0
-0.014374306405714576
-0.0
-0.014757932008643688
-0.0
-0.0
-0.0
-0.0
-0.0
-0.0
-0.0
-0.0
-0.0
-0.0
0.002
0.002
0.002
0.002
0.002
0.002
0.002
0.002
0.002
0.002
0.002
0.002
0.002
1.0
0.002
0.002
0.002
0.002
0.002
0.002
0.002
0.002
0.002
0.002
0.002
0.002
0.002
0.002
0.002
0.002
-0.00364407812329599
-0.0
-0.017266710160274305
-0.0
-0.0
-0.015241156715271322
-0.0
-0.0012621661019859547
-0.0
-0.0
-0.004444385584931716
-0.0
-0.0010167966343439094
-0.0
-0.0059900542592662845
-0.0
-0.0
-0.0
-0.0
-0.0
0.002
0.002
0.002
0.002
0.002
0.002
0.002
0.002
0.002
0.002
0.002
0.002
0.002
0.002
1.0
0.002
0.002
0.002
0.002
0.002
0.002
0.002
0.002
0.002
0.002
0.002
0.002
0.002
0.002
0.002
-0.004828051210119201
-0.0
-0.003759919420144797
-0.021557150073758316
-0.0
-0.0
-0.0
-0.0
-0.021977473772418217
-0.005007912704471328
-0.0
-0.0
-0.0
-0.0
-0.0
-0.0
-0.0
-0.0
-0.0
-0.0
0.002
0.002
0.002
0.002
0.002
0.002
0.002
0.002
0.002
0.002
0.002
0.002
0.002
0.002
0.002
1.0
0.002
0.002
0.002
0.002
0.002
0.002
0.002
0.002
0.002
0.002
0.002
0.002
0.002
0.002
-0.0034555024909421394
-0.0
-0.0
-0.0
-0.0
-0.0
-0.0
-0.008120194228190174
-0.0
-0.014947602208767495
-0.0
-0.008957918769891113
-0.0
-0.0
-0.0
-0.0
-0.0
-0.015871204547571044
-0.012826983203721871
-0.023596410873828903
0.002
0.002
0.002
0.002
0.002
0.002
0.002
0.002
0.002
0.002
0.002
0.002
0.002
0.002
0.002
0.002
1.0
0.002
0.002
0.002
0.002
0.002
0.002
0.002
0.002
0.002
0.002
0.002
0.002
0.002
-0.0
-0.0010376456379577875
-0.0
-0.0
-0.0
-0.0
-0.012284110753723088
-0.0
-0.014488678419582585
-0.0
-0.011770040319327622
-0.0
-0.0
-0.0
-0.0
-0.0
-0.0
-0.0
-0.0
-0.0
0.002
0.002
0.002
0.002
0.002
0.002
0.002
0.002
0.002
0.002
0.002
0.002
0.002
0.002
0.002
0.002
0.002
1.0
0.002
0.002
0.002
0.002
0.002
0.002
0.002
0.002
0.002
0.002
0.002
0.002
-0.007868696099790363
-0.0
-0.0
-0.0
-0.002348166068007633
-0.0
-0.013596884943002374
-0.0
-0.0
-0.0
-0.009361055289038604
-0.0
-0.0
-0.019586435278777865
-0.0
-0.0
-0.0
-0.0
-0.009143766490846838
-0.0
0.002
0.002
0.002
0.002
0.002
0.002
0.002
0.002
0.002
0.002
0.002
0.002
0.002
0.002
0.002
0.002
0.002
0.002
1.0
0.002
0.002
0.002
0.002
0.002
0.002
0.002
0.002
0.002
0.002
0.002
-0.0
-0.0028819157843694623
-0.0
-0.0
-0.0
-0.0
-0.0
-0.0
-0.0
-0.0
-0.0
-0.0
-0.0
-0.0
-0.0
-0.0
-0.0
-0.0
-0.0
-0.0
0.002
0.002
0.002
0.002
0.002
0.002
0.002
0.002
0.002
0.002
0.002
0.002
0.002
0.002
0.002
0.002
0.002
0.002
0.002
1.0
0.002
0.002
0.002
0.002
0.002
0.002
0.002
0.002
0.002
0.002
-0.0
-0.0
-0.00020410673156650086
-0.0
-0.0007186675426889017
-0.0041561869445748585
-0.0
-0.0
-0.0
-0.0
-0.0
-0.0
-0.01553062066266065
-0.008516217357984893
-0.0
-0.0033662083432471797
-0.0
-0.005964070934655898
-0.0
-0.0
0.002
0.002
0.002
0.002
0.002
0.002
0.002
0.002
0.002
0.002
0.002
0.002
0.002
0.002
0.002
0.002
0.002
0.002
0.002
0.002
1.0
0.002
0.002
0.002
0.002
0.002
0.002
0.002
0.002
0.002
-0.0
-0.0
-0.0
-0.0
-0.0
-0.018289077271445617
-0.0
-0.0
-0.007326437876551836
-0.0
-0.0
-0.0
-0.0
-0.000903466393592468
-0.00219938741884392
-0.0
-0.0
-0.0
-0.0
-0.0
0.002
0.002
0.002
0.002
0.002
0.002
0.002
0.002
0.002
0.002
0.002
0.002
0.002
0.002
0.002
0.002
0.002
0.002
0.002
0.002
0.002
1.0
0.002
0.002
0.002
0.002
0.002
0.002
0.002
0.002
-0.0
-0.0006992844883508698
-0.0
-0.0
-0.0
-0.0
-0.017595853073738944
-0.0
-0.0
-0.0
-0.0072590891817041064
-0.001569310242680793
-0.0
-0.0
-0.0
-0.0
-0.0
-0.0
-0.0
-0.0
0.002
0.002
0.002
0.002
0.002
0.002
0.002
0.002
0.002
0.002
0.002
0.002
0.002
0.002
0.002
0.002
0.002
0.002
0.002
0.002
0.002
0.002
1.0
0.002
0.002
0.002
0.002
0.002
0.002
0.002
-0.0
-0.0
-0.0
-0.0
-0.0
-0.0
-0.013063853999033058
-0.01635602350444895
-0.0
-0.0
-0.01791583552407223
-0.0
-0.0
-0.0
-0.0
-0.012675110527606006
-0.0
-0.0
-0.0
-0.0
0.002
0.002
0.002
0.002
0.002
0.002
0.002
0.002
0.002
0.002
0.002
0.002
0.002
0.002
0.002
0.002
0.002
0.002
0.002
0.002
0.002
0.002
0.002
1.0
0.002
0.002
0.002
0.002
0.002
0.002
-0.021436921333166173
-0.004696098182367009
-0.010293593812792797
-0.0
-0.0016804270464836814
-0.012776587986074398
-0.0
-0.0
-0.0
-0.0
-0.0
-0.005741242387578844
-0.0
-0.0
-0.0
-0.020784664788650393
-0.0
-0.0
-0.0
-0.009780827474201469
0.002
0.002
0.002
0.002
0.002
0.002
0.002
0.002
0.002
0.002
0.002
0.002
0.002
0.002
0.002
0.002
0.002
0.002
0.002
0.002
0.002
0.002
0.002
0.002
1.0
0.002
0.002
0.002
0.002
0.002
-0.0
-0.0
-0.0
-0.0
-0.0
-0.0
-0.00011961837241709385
-0.004797877059866715
-0.0
-0.0
-0.0
-0.0
-0.0
-0.0050130861043413705
-0.0
-0.0
-0.0
-0.0
-0.0
-0.0
0.002
0.002
0.002
0.002
0.002
0.002
0.002
0.002
0.002
0.002
0.002
0.002
0.002
0.002
0.002
0.002
0.002
0.002
0.002
0.002
0.002
0.002
0.002
0.002
0.002
1.0
0.002
0.002
0.002
0.002
-0.0
-0.014923561410274766
-0.0
-0.0
-0.0
-0.02620757528921075
-0.017449572335878988
-0.0
-0.016876102909088673
-0.0
-0.0
-0.0
-0.0
-0.0
-0.02251987965552171
-0.010951851159075671
-0.0
-0.011076703304014408
-0.0
-0.0
0.002
0.002
0.002
0.002
0.002
0.002
0.002
0.002
0.002
0.002
0.002
0.002
0.002
0.002
0.002
0.002
0.002
0.002
0.002
0.002
0.002
0.002
0.002
0.002
0.002
0.002
1.0
0.002
0.002
0.002
-0.006462458369304525
-0.005925460599037735
-0.0034902873513109394
-0.0
-0.0
-0.0
-0.0
-0.012703431619704981
-0.0
-0.0
-0.0
-0.009039345382129136
-0.0
-0.0
-0.0
-0.0
-0.0
-0.0
-0.0
-0.0
0.002
0.002
0.002
0.002
0.002
0.002
0.002
0.002
0.002
0.002
0.002
0.002
0.002
0.002
0.002
0.002
0.002
0.002
0.002
0.002
0.002
0.002
0.002
0.002
0.002
0.002
0.002
1.0
0.002
0.002
-0.0
-0.0
-0.0
-0.00012857465241469107
-0.0
-0.0
-0.0
-0.0
-0.0
-0.0
-0.0
-0.0
-0.0
-0.0
-0.0
-0.0
-0.0
-0.0
-0.0
-0.0
0.002
0.002
0.002
0.002
0.002
0.002
0.002
0.002
0.002
0.002
0.002
0.002
0.002
0.002
0.002
0.002
0.002
0.002
0.002
0.002
0.002
0.002
0.002
0.002
0.002
0.002
0.002
0.002
1.0
0.002
-0.0
-0.0
-0.0
-0.0
-0.0
-0.0
-0.0
-0.0060280191362891734
-0.018550581657684084
-0.0
-0.0
-0.0
-0.0
-0.0
-0.003230600813841071
-0.0
-0.01552061146758867
-0.0031823530747332757
-0.028703761246329493
-0.0
0.002
0.002
0.002
0.002
0.002
0.002
0.002
0.002
0.002
0.002
0.002
0.002
0.002
0.002
0.002
0.002
0.002
0.002
0.002
0.002
0.002
0.002
0.002
0.002
0.002
0.002
0.002
0.002
0.002
1.0
-0.0
-0.0
-0.004414917324189759
-0.0
-0.0
-0.0
-0.03546627537288356
-0.0
-0.0
-0.0
-0.0
-0.0
-0.0
-0.021616552953553088
-0.0
-0.0
-0.0
-0.0
-0.0
-0.0
-0.0
-0.019855508548517774
-0.0
-0.009885323092024218
-0.0057841440175209315
-0.0014996213272911955
-0.0
-0.0
-0.0
-0.0
-0.0
-0.00914179797346497
-0.0
-0.00364407812329599
-0.004828051210119201
-0.0034555024909421394
-0.0
-0.007868696099790363
-0.0
-0.0
-0.0
-0.0
-0.0
-0.021436921333166173
-0.0
-0.0
-0.006462458369304525
-0.0
-0.0
-0.0
1.0
0.002
0.002
0.002
0.002
0.002
0.002
0.002
0.002
0.002
0.002
0.002
0.002
0.002
0.002
0.002
0.002
0.002
0.002
0.002
-0.005522827329717822
-0.0
-0.0
-0.00850953722871226
-0.01351279318543995
-0.0
-0.00993815336230073
-0.0
-0.0
-0.006208242983600593
-0.0
-0.0
-0.0
-0.0
-0.0
-0.0
-0.0010376456379577875
-0.0
-0.0028819157843694623
-0.0
-0.0
-0.0006992844883508698
-0.0
-0.004696098182367009
-0.0
-0.014923561410274766
-0.005925460599037735
-0.0
-0.0
-0.0
0.002
1.0
0.002
0.002
0.002
0.002
0.002
0.002
0.002
0.002
0.002
0.002
0.002
0.002
0.002
0.002
0.002
0.002
0.002
0.002
-0.007860358782670608
-0.0
-0.0
-0.0
-0.0
-0.0
-0.0
-0.0
-0.0
-0.0
-0.0
-0.0
-0.0
-0.017266710160274305
-0.003759919420144797
-0.0
-0.0
-0.0
-0.0
-0.00020410673156650086
-0.0
-0.0
-0.0
-0.010293593812792797
-0.0
-0.0
-0.0034902873513109394
-0.0
-0.0
-0.004414917324189759
0.002
0.002
1.0
0.002
0.002
0.002
0.002
0.002
0.002
0.002
0.002
0.002
0.002
0.002
0.002
0.002
0.002
0.002
0.002
0.002
-0.0
-0.0
-0.0
-0.0
-0.0
-0.030415875140962015
-0.0
-0.006641293392398422
-0.0
-0.0
-0.0
-0.0
-0.0
-0.0
-0.021557150073758316
-0.0
-0.0
-0.0
-0.0
-0.0
-0.0
-0.0
-0.0
-0.0
-0.0
-0.0
-0.0
-0.00012857465241469107
-0.0
-0.0
0.002
0.002
0.002
1.0
0.002
0.002
0.002
0.002
0.002
0.002
0.002
0.002
0.002
0.002
0.002
0.002
0.002
0.002
0.002
0.002
-0.0
-0.0
-0.0
-0.0
-0.0
-0.0
-0.00467085050416513
-0.0013097257882398218
-0.0
-0.0
-0.0
-0.0
-0.0
-0.0
-0.0
-0.0
-0.0
-0.002348166068007633
-0.0
-0.0007186675426889017
-0.0
-0.0
-0.0
-0.0016804270464836814
-0.0
-0.0
-0.0
-0.0
-0.0
-0.0
0.002
0.002
0.002
0.002
1.0
0.002
0.002
0.002
0.002
0.002
0.002
0.002
0.002
0.002
0.002
0.002
0.002
0.002
0.002
0.002
-0.0
-0.0
-0.0
-0.0
-0.0
-0.0
-0.013435899716791253
-0.010059999547359448
-0.0
-0.0
-0.0
-0.0
-0.0
-0.015241156715271322
-0.0
-0.0
-0.0
-0.0
-0.0
-0.0041561869445748585
-0.018289077271445617
-0.0
-0.0
-0.012776587986074398
-0.0
-0.02620757528921075
-0.0
-0.0
-0.0
-0.0
0.002
0.002
0.002
0.002
0.002
1.0
0.002
0.002
0.002
0.002
0.002
0.002
0.002
0.002
0.002
0.002
0.002
0.002
0.002
0.002
-0.0
-0.0
-0.0
-0.0
-0.0
-0.02653267965907563
-0.007047489934531642
-0.0
-0.020575086247713058
-0.006639092128685968
-0.0
-0.0
-0.0
-0.0
-0.0
-0.0
-0.012284110753723088
-0.013596884943002374
-0.0
-0.0
-0.0
-0.017595853073738944
-0.013063853999033058
-0.0
-0.00011961837241709385
-0.017449572335878988
-0.0
-0.0
-0.0
-0.03546627537288356
0.002
0.002
0.002
0.002
0.002
0.002
1.0
0.002
0.002
0.002
0.002
0.002
0.002
0.002
0.002
0.002
0.002
0.002
0.002
0.002
-0.0
-0.0
-0.0
-0.0
-0.0
-0.0
-0.0
-0.0
-0.0
-0.0
-0.017590903505732565
-0.02225598251539418
-0.014374306405714576
-0.0012621661019859547
-0.0
-0.008120194228190174
-0.0
-0.0
-0.0
-0.0
-0.0
-0.0
-0.01635602350444895
-0.0
-0.004797877059866715
-0.0
-0.012703431619704981
-0.0
-0.0060280191362891734
-0.0
0.002
0.002
0.002
0.002
0.002
0.002
0.002
1.0
0.002
0.002
0.002
0.002
0.002
0.002
0.002
0.002
0.002
0.002
0.002
0.002
-0.0
-0.0
-0.0
-0.0
-0.0
-0.0
-0.0
-0.0
-0.0
-0.017395025646712452
-0.008420638129837864
-0.00484035266890115
-0.0
-0.0
-0.021977473772418217
-0.0
-0.014488678419582585
-0.0
-0.0
-0.0
-0.007326437876551836
-0.0
-0.0
-0.0
-0.0
-0.016876102909088673
-0.0
-0.0
-0.018550581657684084
-0.0
0.002
0.002
0.002
0.002
0.002
0.002
0.002
0.002
1.0
0.002
0.002
0.002
0.002
0.002
0.002
0.002
0.002
0.002
0.002
0.002
-0.03461695020160907
-0.0
-0.011937102531026969
-0.0
-0.0
-0.0
-0.0
-0.0
-0.0
-0.0
-0.02222490469237729
-0.0
-0.014757932008643688
-0.0
-0.005007912704471328
-0.014947602208767495
-0.0
-0.0
-0.0
-0.0
-0.0
-0.0
-0.0
-0.0
-0.0
-0.0
-0.0
-0.0
-0.0
-0.0
0.002
0.002
0.002
0.002
0.002
0.002
0.002
0.002
0.002
1.0
0.002
0.002
0.002
0.002
0.002
0.002
0.002
0.002
0.002
0.002
-0.0
-0.0
-0.0
-0.0
-0.0
-0.026559033653992897
-0.0
-0.0
-0.0
-0.0023518507111870302
-0.0
-0.0
-0.0
-0.004444385584931716
-0.0
-0.0
-0.011770040319327622
-0.009361055289038604
-0.0
-0.0
-0.0
-0.0072590891817041064
-0.01791583552407223
-0.0
-0.0
-0.0
-0.0
-0.0
-0.0
-0.0
0.002
0.002
0.002
0.002
0.002
0.002
0.002
0.002
0.002
0.002
1.0
0.002
0.002
0.002
0.002
0.002
0.002
0.002
0.002
0.002
-0.0
-0.005005332262496954
-0.0
-0.0
-0.0
-0.0
-0.0
-0.0
-0.0
-0.0
-0.0
-0.0
-0.0
-0.0
-0.0
-0.008957918769891113
-0.0
-0.0
-0.0
-0.0
-0.0
-0.001569310242680793
-0.0
-0.005741242387578844
-0.0
-0.0
-0.009039345382129136
-0.0
-0.0
-0.0
0.002
0.002
0.002
0.002
0.002
0.002
0.002
0.002
0.002
0.002
0.002
1.0
0.002
0.002
0.002
0.002
0.002
0.002
0.002
0.002
-0.0038119031334129033
-0.0
-0.0
-0.0
-0.0
-0.0
-0.0
-0.001194197507698596
-0.0
-0.0
-0.0
-0.0
-0.0
-0.0010167966343439094
-0.0
-0.0
-0.0
-0.0
-0.0
-0.01553062066266065
-0.0
-0.0
-0.0
-0.0
-0.0
-0.0
-0.0
-0.0
-0.0
-0.0
0.002
0.002
0.002
0.002
0.002
0.002
0.002
0.002
0.002
0.002
0.002
0.002
1.0
0.002
0.002
0.002
0.002
0.002
0.002
0.002
-3.8402419783542877e-05
-0.006260162327225011
-0.0
-0.0
-0.0
-0.0
-0.0
-0.0
-0.0
-0.0
-0.0
-0.0
-0.0
-0.0
-0.0
-0.0
-0.0
-0.019586435278777865
-0.0
-0.008516217357984893
-0.000903466393592468
-0.0
-0.0
-0.0
-0.0050130861043413705
-0.0
-0.0
-0.0
-0.0
-0.021616552953553088
0.002
0.002
0.002
0.002
0.002
0.002
0.002
0.002
0.002
0.002
0.002
0.002
0.002
1.0
0.002
0.002
0.002
0.002
0.002
0.002
-0.0
-0.004963350536981166
-0.0
-0.0
-0.0
-0.0
-0.0
-0.0
-0.0
-0.0
-0.03049218535966352
-0.0
-0.0
-0.0059900542592662845
-0.0
-0.0
-0.0
-0.0
-0.0
-0.0
-0.00219938741884392
-0.0
-0.0
-0.0
-0.0
-0.02251987965552171
-0.0
-0.0
-0.003230600813841071
-0.0
0.002
0.002
0.002
0.002
0.002
0.002
0.002
0.002
0.002
0.002
0.002
0.002
0.002
0.002
1.0
0.002
0.002
0.002
0.002
0.002
-0.0
-0.0
-0.0
-0.0
-0.0
-0.0
-0.01475980270991538
-0.0
-0.0
-0.0
-0.0
-0.0
-0.0
-0.0
-0.0
-0.0
-0.0
-0.0
-0.0
-0.0033662083432471797
-0.0
-0.0
-0.012675110527606006
-0.020784664788650393
-0.0
-0.010951851159075671
-0.0
-0.0
-0.0
-0.0
0.002
0.002
0.002
0.002
0.002
0.002
0.002
0.002
0.002
0.002
0.002
0.002
0.002
0.002
0.002
1.0
0.002
0.002
0.002
0.002
-0.0
-0.0
-0.0
-0.0
-0.0
-0.005811783470426002
-0.0
-0.0
-0.0
-0.015627711351888517
-0.0
-0.0
-0.0
-0.0
-0.0
-0.0
-0.0
-0.0
-0.0
-0.0
-0.0
-0.0
-0.0
-0.0
-0.0
-0.0
-0.0
-0.0
-0.01552061146758867
-0.0
0.002
0.002
0.002
0.002
0.002
0.002
0.002
0.002
0.002
0.002
0.002
0.002
0.002
0.002
0.002
0.002
1.0
0.002
0.002
0.002
-0.0
-0.01785296660924215
-0.022143467494124266
-0.0
-0.0
-0.027735204178770498
-0.0
-0.0
-0.0
-0.0
-0.0
-0.0
-0.0
-0.0
-0.0
-0.015871204547571044
-0.0
-0.0
-0.0
-0.005964070934655898
-0.0
-0.0
-0.0
-0.0
-0.0
-0.011076703304014408
-0.0
-0.0
-0.0031823530747332757
-0.0
0.002
0.002
0.002
0.002
0.002
0.002
0.002
0.002
0.002
0.002
0.002
0.002
0.002
0.002
0.002
0.002
0.002
1.0
0.002
0.002
-0.015878585449113757
-0.0
-0.0
-0.0
-0.0
-0.012596088489404517
-0.0
-0.0
-0.0
-0.0
-0.0
-0.010533743343659823
-0.0
-0.0
-0.0
-0.012826983203721871
-0.0
-0.009143766490846838
-0.0
-0.0
-0.0
-0.0
-0.0
-0.0
-0.0
-0.0
-0.0
-0.0
-0.028703761246329493
-0.0
0.002
0.002
0.002
0.002
0.002
0.002
0.002
0.002
0.002
0.002
0.002
0.002
0.002
0.002
0.002
0.002
0.002
0.002
1.0
0.002
-0.0
-0.019642573482725516
-0.0
-0.0
-0.0
-0.0
-0.0
-0.0
-0.0
-0.0
-0.0
-0.012965341371801265
-0.0
-0.0
-0.0
-0.023596410873828903
-0.0
-0.0
-0.0
-0.0
-0.0
-0.0
-0.0
-0.009780827474201469
-0.0
-0.0
-0.0
-0.0
-0.0
-0.0
0.002
0.002
0.002
0.002
0.002
0.002
0.002
0.002
0.002
0.002
0.002
0.002
0.002
0.002
0.002
0.002
0.002
0.002
0.002
1.0
